Vetur initialized
[INFO ] Find node_modules paths in /var/www/html/carniceria2.0 - 206ms
[INFO ] Loaded bundled typescript@4.3.2.
[INFO ] Loaded bundled prettier.
[INFO ] Loaded bundled @starptech/prettyhtml.
[INFO ] Loaded bundled prettier-eslint.
[INFO ] Loaded bundled prettier-tslint.
[INFO ] Loaded bundled stylus-supremacy.
[INFO ] Loaded bundled @prettier/plugin-pug.
[INFO ] update /var/www/html/carniceria2.0/resources/js/app.js in ts language service.
[INFO ] update /var/www/html/carniceria2.0/resources/js/app.js in ts language service.
[INFO ] update /var/www/html/carniceria2.0/resources/js/app.js in ts language service.
[INFO ] update /var/www/html/carniceria2.0/resources/js/app.js in ts language service.
[INFO ] update /var/www/html/carniceria2.0/resources/js/app.js in ts language service.
[INFO ] update /var/www/html/carniceria2.0/resources/js/app.js in ts language service.
[INFO ] update /var/www/html/carniceria2.0/public/mix-manifest.json in ts language service.
[INFO ] update /var/www/html/carniceria2.0/public/mix-manifest.json in ts language service.
[INFO ] update /var/www/html/carniceria2.0/public/mix-manifest.json in ts language service.
[INFO ] update /var/www/html/carniceria2.0/public/js/app.js in ts language service.
[INFO ] update /var/www/html/carniceria2.0/public/js/app.js in ts language service.
[INFO ] update /var/www/html/carniceria2.0/public/js/app.js in ts language service.
[INFO ] update /var/www/html/carniceria2.0/webpack.mix.js in ts language service.
[INFO ] update /var/www/html/carniceria2.0/webpack.mix.js in ts language service.
[INFO ] update /var/www/html/carniceria2.0/webpack.mix.js in ts language service.
[INFO ] update /var/www/html/carniceria2.0/webpack.mix.js in ts language service.
[INFO ] update /var/www/html/carniceria2.0/webpack.mix.js in ts language service.
[INFO ] update /var/www/html/carniceria2.0/webpack.mix.js in ts language service.
[INFO ] update /var/www/html/carniceria2.0/package.json in ts language service.
[INFO ] update /var/www/html/carniceria2.0/package.json in ts language service.
[INFO ] update /var/www/html/carniceria2.0/package.json in ts language service.
[INFO ] update /var/www/html/carniceria2.0/package-lock.json in ts language service.
[INFO ] update /var/www/html/carniceria2.0/package-lock.json in ts language service.
[INFO ] update /var/www/html/carniceria2.0/package-lock.json in ts language service.
[INFO ] update /var/www/html/carniceria2.0/public/mix-manifest.json in ts language service.
[INFO ] update /var/www/html/carniceria2.0/public/mix-manifest.json in ts language service.
[INFO ] update /var/www/html/carniceria2.0/public/mix-manifest.json in ts language service.
[INFO ] update /var/www/html/carniceria2.0/public/js/app.js in ts language service.
[INFO ] update /var/www/html/carniceria2.0/public/js/app.js in ts language service.
[INFO ] update /var/www/html/carniceria2.0/public/js/app.js in ts language service.
[INFO ] update /var/www/html/carniceria2.0/resources/js/app.js in ts language service.
[INFO ] update /var/www/html/carniceria2.0/resources/js/app.js in ts language service.
[INFO ] update /var/www/html/carniceria2.0/resources/js/app.js in ts language service.
[INFO ] update /var/www/html/carniceria2.0/public/mix-manifest.json in ts language service.
[INFO ] update /var/www/html/carniceria2.0/public/mix-manifest.json in ts language service.
[INFO ] update /var/www/html/carniceria2.0/public/mix-manifest.json in ts language service.
[INFO ] update /var/www/html/carniceria2.0/public/mix-manifest.json in ts language service.
[INFO ] update /var/www/html/carniceria2.0/public/mix-manifest.json in ts language service.
[INFO ] update /var/www/html/carniceria2.0/public/mix-manifest.json in ts language service.
[INFO ] update /var/www/html/carniceria2.0/package.json in ts language service.
[INFO ] update /var/www/html/carniceria2.0/package.json in ts language service.
[INFO ] update /var/www/html/carniceria2.0/package.json in ts language service.
[INFO ] update /var/www/html/carniceria2.0/package-lock.json in ts language service.
[INFO ] update /var/www/html/carniceria2.0/package-lock.json in ts language service.
[INFO ] update /var/www/html/carniceria2.0/package-lock.json in ts language service.
[INFO ] update /var/www/html/carniceria2.0/package.json in ts language service.
[INFO ] update /var/www/html/carniceria2.0/package.json in ts language service.
[INFO ] update /var/www/html/carniceria2.0/package.json in ts language service.
[INFO ] update /var/www/html/carniceria2.0/package-lock.json in ts language service.
[INFO ] update /var/www/html/carniceria2.0/package-lock.json in ts language service.
[INFO ] update /var/www/html/carniceria2.0/package-lock.json in ts language service.
[INFO ] update /var/www/html/carniceria2.0/public/mix-manifest.json in ts language service.
[INFO ] update /var/www/html/carniceria2.0/public/mix-manifest.json in ts language service.
[INFO ] update /var/www/html/carniceria2.0/public/mix-manifest.json in ts language service.
[INFO ] update /var/www/html/carniceria2.0/composer.json in ts language service.
[INFO ] update /var/www/html/carniceria2.0/composer.json in ts language service.
[INFO ] update /var/www/html/carniceria2.0/composer.json in ts language service.
[INFO ] update /var/www/html/carniceria2.0/vendor/composer/installed.json in ts language service.
[INFO ] update /var/www/html/carniceria2.0/vendor/composer/installed.json in ts language service.
[INFO ] update /var/www/html/carniceria2.0/vendor/composer/installed.json in ts language service.
[INFO ] update /var/www/html/carniceria2.0/package.json in ts language service.
[INFO ] update /var/www/html/carniceria2.0/package.json in ts language service.
[INFO ] update /var/www/html/carniceria2.0/package.json in ts language service.
[INFO ] update /var/www/html/carniceria2.0/webpack.mix.js in ts language service.
[INFO ] update /var/www/html/carniceria2.0/webpack.mix.js in ts language service.
[INFO ] update /var/www/html/carniceria2.0/webpack.mix.js in ts language service.
[INFO ] update /var/www/html/carniceria2.0/resources/js/bootstrap.js in ts language service.
[INFO ] update /var/www/html/carniceria2.0/resources/js/bootstrap.js in ts language service.
[INFO ] update /var/www/html/carniceria2.0/resources/js/bootstrap.js in ts language service.
[INFO ] update /var/www/html/carniceria2.0/package.json in ts language service.
[INFO ] update /var/www/html/carniceria2.0/package.json in ts language service.
[INFO ] update /var/www/html/carniceria2.0/package.json in ts language service.
[INFO ] update /var/www/html/carniceria2.0/webpack.mix.js in ts language service.
[INFO ] update /var/www/html/carniceria2.0/webpack.mix.js in ts language service.
[INFO ] update /var/www/html/carniceria2.0/webpack.mix.js in ts language service.
[INFO ] update /var/www/html/carniceria2.0/resources/js/app.js in ts language service.
[INFO ] update /var/www/html/carniceria2.0/resources/js/app.js in ts language service.
[INFO ] update /var/www/html/carniceria2.0/resources/js/app.js in ts language service.
[INFO ] update /var/www/html/carniceria2.0/package.json in ts language service.
[INFO ] update /var/www/html/carniceria2.0/package.json in ts language service.
[INFO ] update /var/www/html/carniceria2.0/package.json in ts language service.
[INFO ] update /var/www/html/carniceria2.0/webpack.mix.js in ts language service.
[INFO ] update /var/www/html/carniceria2.0/webpack.mix.js in ts language service.
[INFO ] update /var/www/html/carniceria2.0/webpack.mix.js in ts language service.
[INFO ] update /var/www/html/carniceria2.0/resources/js/bootstrap.js in ts language service.
[INFO ] update /var/www/html/carniceria2.0/resources/js/bootstrap.js in ts language service.
[INFO ] update /var/www/html/carniceria2.0/resources/js/bootstrap.js in ts language service.
[INFO ] update /var/www/html/carniceria2.0/resources/js/app.js in ts language service.
[INFO ] update /var/www/html/carniceria2.0/resources/js/app.js in ts language service.
[INFO ] update /var/www/html/carniceria2.0/resources/js/app.js in ts language service.
[INFO ] update /var/www/html/carniceria2.0/package-lock.json in ts language service.
[INFO ] update /var/www/html/carniceria2.0/package-lock.json in ts language service.
[INFO ] update /var/www/html/carniceria2.0/package-lock.json in ts language service.
[INFO ] update /var/www/html/carniceria2.0/public/mix-manifest.json in ts language service.
[INFO ] update /var/www/html/carniceria2.0/public/mix-manifest.json in ts language service.
[INFO ] update /var/www/html/carniceria2.0/public/mix-manifest.json in ts language service.
[INFO ] update /var/www/html/carniceria2.0/public/js/app.js in ts language service.
[INFO ] update /var/www/html/carniceria2.0/public/js/app.js in ts language service.
[INFO ] update /var/www/html/carniceria2.0/public/js/app.js in ts language service.
[INFO ] update /var/www/html/carniceria2.0/package.json in ts language service.
[INFO ] update /var/www/html/carniceria2.0/package.json in ts language service.
[INFO ] update /var/www/html/carniceria2.0/package.json in ts language service.
[INFO ] update /var/www/html/carniceria2.0/webpack.mix.js in ts language service.
[INFO ] update /var/www/html/carniceria2.0/webpack.mix.js in ts language service.
[INFO ] update /var/www/html/carniceria2.0/webpack.mix.js in ts language service.
[INFO ] update /var/www/html/carniceria2.0/resources/js/bootstrap.js in ts language service.
[INFO ] update /var/www/html/carniceria2.0/resources/js/bootstrap.js in ts language service.
[INFO ] update /var/www/html/carniceria2.0/resources/js/bootstrap.js in ts language service.
[INFO ] update /var/www/html/carniceria2.0/package.json in ts language service.
[INFO ] update /var/www/html/carniceria2.0/package.json in ts language service.
[INFO ] update /var/www/html/carniceria2.0/package.json in ts language service.
[INFO ] update /var/www/html/carniceria2.0/webpack.mix.js in ts language service.
[INFO ] update /var/www/html/carniceria2.0/webpack.mix.js in ts language service.
[INFO ] update /var/www/html/carniceria2.0/webpack.mix.js in ts language service.
[INFO ] update /var/www/html/carniceria2.0/resources/js/bootstrap.js in ts language service.
[INFO ] update /var/www/html/carniceria2.0/resources/js/bootstrap.js in ts language service.
[INFO ] update /var/www/html/carniceria2.0/resources/js/bootstrap.js in ts language service.
[INFO ] update /var/www/html/carniceria2.0/resources/js/app.js in ts language service.
[INFO ] update /var/www/html/carniceria2.0/resources/js/app.js in ts language service.
[INFO ] update /var/www/html/carniceria2.0/resources/js/app.js in ts language service.
[INFO ] update /var/www/html/carniceria2.0/public/mix-manifest.json in ts language service.
[INFO ] update /var/www/html/carniceria2.0/public/mix-manifest.json in ts language service.
[INFO ] update /var/www/html/carniceria2.0/public/mix-manifest.json in ts language service.
[INFO ] update /var/www/html/carniceria2.0/package.json in ts language service.
[INFO ] update /var/www/html/carniceria2.0/package.json in ts language service.
[INFO ] update /var/www/html/carniceria2.0/package.json in ts language service.
[INFO ] update /var/www/html/carniceria2.0/package-lock.json in ts language service.
[INFO ] update /var/www/html/carniceria2.0/package-lock.json in ts language service.
[INFO ] update /var/www/html/carniceria2.0/package-lock.json in ts language service.
[INFO ] update /var/www/html/carniceria2.0/public/mix-manifest.json in ts language service.
[INFO ] update /var/www/html/carniceria2.0/public/mix-manifest.json in ts language service.
[INFO ] update /var/www/html/carniceria2.0/public/mix-manifest.json in ts language service.
[INFO ] update /var/www/html/carniceria2.0/package.json in ts language service.
[INFO ] update /var/www/html/carniceria2.0/package.json in ts language service.
[INFO ] update /var/www/html/carniceria2.0/package.json in ts language service.
[INFO ] update /var/www/html/carniceria2.0/package.json in ts language service.
[INFO ] update /var/www/html/carniceria2.0/package.json in ts language service.
[INFO ] update /var/www/html/carniceria2.0/package.json in ts language service.
[INFO ] update /var/www/html/carniceria2.0/resources/js/app.js in ts language service.
[INFO ] update /var/www/html/carniceria2.0/resources/js/app.js in ts language service.
[INFO ] update /var/www/html/carniceria2.0/resources/js/app.js in ts language service.
[INFO ] update /var/www/html/carniceria2.0/webpack.mix.js in ts language service.
[INFO ] update /var/www/html/carniceria2.0/webpack.mix.js in ts language service.
[INFO ] update /var/www/html/carniceria2.0/webpack.mix.js in ts language service.
[INFO ] update /var/www/html/carniceria2.0/public/mix-manifest.json in ts language service.
[INFO ] update /var/www/html/carniceria2.0/public/mix-manifest.json in ts language service.
[INFO ] update /var/www/html/carniceria2.0/public/mix-manifest.json in ts language service.
[INFO ] update /var/www/html/carniceria2.0/public/js/app.js in ts language service.
[INFO ] update /var/www/html/carniceria2.0/public/js/app.js in ts language service.
[INFO ] update /var/www/html/carniceria2.0/public/js/app.js in ts language service.
[INFO ] update /var/www/html/carniceria2.0/resources/js/app.js in ts language service.
[INFO ] update /var/www/html/carniceria2.0/resources/js/app.js in ts language service.
[INFO ] update /var/www/html/carniceria2.0/resources/js/app.js in ts language service.
[INFO ] update /var/www/html/carniceria2.0/public/mix-manifest.json in ts language service.
[INFO ] update /var/www/html/carniceria2.0/public/mix-manifest.json in ts language service.
[INFO ] update /var/www/html/carniceria2.0/public/mix-manifest.json in ts language service.
[INFO ] update /var/www/html/carniceria2.0/public/js/app.js in ts language service.
[INFO ] update /var/www/html/carniceria2.0/public/js/app.js in ts language service.
[INFO ] update /var/www/html/carniceria2.0/public/js/app.js in ts language service.
[INFO ] update /var/www/html/carniceria2.0/public/mix-manifest.json in ts language service.
[INFO ] update /var/www/html/carniceria2.0/public/mix-manifest.json in ts language service.
[INFO ] update /var/www/html/carniceria2.0/public/mix-manifest.json in ts language service.
[INFO ] update /var/www/html/carniceria2.0/resources/js/app.js in ts language service.
[INFO ] update /var/www/html/carniceria2.0/resources/js/app.js in ts language service.
[INFO ] update /var/www/html/carniceria2.0/resources/js/app.js in ts language service.
[INFO ] update /var/www/html/carniceria2.0/webpack.mix.js in ts language service.
[INFO ] update /var/www/html/carniceria2.0/webpack.mix.js in ts language service.
[INFO ] update /var/www/html/carniceria2.0/webpack.mix.js in ts language service.
[INFO ] update /var/www/html/carniceria2.0/webpack.mix.js in ts language service.
[INFO ] update /var/www/html/carniceria2.0/webpack.mix.js in ts language service.
[INFO ] update /var/www/html/carniceria2.0/webpack.mix.js in ts language service.
[INFO ] update /var/www/html/carniceria2.0/public/mix-manifest.json in ts language service.
[INFO ] update /var/www/html/carniceria2.0/public/mix-manifest.json in ts language service.
[INFO ] update /var/www/html/carniceria2.0/public/mix-manifest.json in ts language service.
[INFO ] update /var/www/html/carniceria2.0/public/js/app.js in ts language service.
[INFO ] update /var/www/html/carniceria2.0/public/js/app.js in ts language service.
[INFO ] update /var/www/html/carniceria2.0/public/js/app.js in ts language service.
[INFO ] update /var/www/html/carniceria2.0/webpack.mix.js in ts language service.
[INFO ] update /var/www/html/carniceria2.0/webpack.mix.js in ts language service.
[INFO ] update /var/www/html/carniceria2.0/webpack.mix.js in ts language service.
[INFO ] update /var/www/html/carniceria2.0/resources/js/app.js in ts language service.
[INFO ] update /var/www/html/carniceria2.0/resources/js/app.js in ts language service.
[INFO ] update /var/www/html/carniceria2.0/resources/js/app.js in ts language service.
[INFO ] update /var/www/html/carniceria2.0/webpack.mix.js in ts language service.
[INFO ] update /var/www/html/carniceria2.0/webpack.mix.js in ts language service.
[INFO ] update /var/www/html/carniceria2.0/webpack.mix.js in ts language service.
[INFO ] update /var/www/html/carniceria2.0/public/mix-manifest.json in ts language service.
[INFO ] update /var/www/html/carniceria2.0/public/mix-manifest.json in ts language service.
[INFO ] update /var/www/html/carniceria2.0/public/mix-manifest.json in ts language service.
[INFO ] update /var/www/html/carniceria2.0/public/js/app.js in ts language service.
[INFO ] update /var/www/html/carniceria2.0/public/js/app.js in ts language service.
[INFO ] update /var/www/html/carniceria2.0/public/js/app.js in ts language service.
[INFO ] update /var/www/html/carniceria2.0/public/mix-manifest.json in ts language service.
[INFO ] update /var/www/html/carniceria2.0/public/mix-manifest.json in ts language service.
[INFO ] update /var/www/html/carniceria2.0/public/mix-manifest.json in ts language service.
[INFO ] update /var/www/html/carniceria2.0/public/mix-manifest.json in ts language service.
[INFO ] update /var/www/html/carniceria2.0/public/mix-manifest.json in ts language service.
[INFO ] update /var/www/html/carniceria2.0/public/mix-manifest.json in ts language service.
[INFO ] update /var/www/html/carniceria2.0/webpack.mix.js in ts language service.
[INFO ] update /var/www/html/carniceria2.0/webpack.mix.js in ts language service.
[INFO ] update /var/www/html/carniceria2.0/webpack.mix.js in ts language service.
[INFO ] update /var/www/html/carniceria2.0/public/mix-manifest.json in ts language service.
[INFO ] update /var/www/html/carniceria2.0/public/mix-manifest.json in ts language service.
[INFO ] update /var/www/html/carniceria2.0/public/mix-manifest.json in ts language service.
[INFO ] update /var/www/html/carniceria2.0/public/mix-manifest.json in ts language service.
[INFO ] update /var/www/html/carniceria2.0/public/mix-manifest.json in ts language service.
[INFO ] update /var/www/html/carniceria2.0/public/mix-manifest.json in ts language service.
[INFO ] update /var/www/html/carniceria2.0/resources/js/app.js in ts language service.
[INFO ] update /var/www/html/carniceria2.0/resources/js/app.js in ts language service.
[INFO ] update /var/www/html/carniceria2.0/resources/js/app.js in ts language service.
[INFO ] update /var/www/html/carniceria2.0/public/mix-manifest.json in ts language service.
[INFO ] update /var/www/html/carniceria2.0/public/mix-manifest.json in ts language service.
[INFO ] update /var/www/html/carniceria2.0/public/mix-manifest.json in ts language service.
[INFO ] update /var/www/html/carniceria2.0/public/js/app.js in ts language service.
[INFO ] update /var/www/html/carniceria2.0/public/js/app.js in ts language service.
[INFO ] update /var/www/html/carniceria2.0/public/js/app.js in ts language service.
[INFO ] update /var/www/html/carniceria2.0/resources/js/app.js in ts language service.
[INFO ] update /var/www/html/carniceria2.0/resources/js/app.js in ts language service.
[INFO ] update /var/www/html/carniceria2.0/resources/js/app.js in ts language service.
[INFO ] update /var/www/html/carniceria2.0/public/mix-manifest.json in ts language service.
[INFO ] update /var/www/html/carniceria2.0/public/mix-manifest.json in ts language service.
[INFO ] update /var/www/html/carniceria2.0/public/mix-manifest.json in ts language service.
[INFO ] update /var/www/html/carniceria2.0/public/js/app.js in ts language service.
[INFO ] update /var/www/html/carniceria2.0/public/js/app.js in ts language service.
[INFO ] update /var/www/html/carniceria2.0/public/js/app.js in ts language service.
[INFO ] update /var/www/html/carniceria2.0/resources/js/app.js in ts language service.
[INFO ] update /var/www/html/carniceria2.0/resources/js/app.js in ts language service.
[INFO ] update /var/www/html/carniceria2.0/resources/js/app.js in ts language service.
[INFO ] update /var/www/html/carniceria2.0/public/mix-manifest.json in ts language service.
[INFO ] update /var/www/html/carniceria2.0/public/mix-manifest.json in ts language service.
[INFO ] update /var/www/html/carniceria2.0/public/mix-manifest.json in ts language service.
[INFO ] update /var/www/html/carniceria2.0/public/js/app.js in ts language service.
[INFO ] update /var/www/html/carniceria2.0/public/js/app.js in ts language service.
[INFO ] update /var/www/html/carniceria2.0/public/js/app.js in ts language service.
[INFO ] update /var/www/html/carniceria2.0/resources/js/app.js in ts language service.
[INFO ] update /var/www/html/carniceria2.0/resources/js/app.js in ts language service.
[INFO ] update /var/www/html/carniceria2.0/resources/js/app.js in ts language service.
[INFO ] update /var/www/html/carniceria2.0/public/mix-manifest.json in ts language service.
[INFO ] update /var/www/html/carniceria2.0/public/mix-manifest.json in ts language service.
[INFO ] update /var/www/html/carniceria2.0/public/mix-manifest.json in ts language service.
[INFO ] update /var/www/html/carniceria2.0/public/js/app.js in ts language service.
[INFO ] update /var/www/html/carniceria2.0/public/js/app.js in ts language service.
[INFO ] update /var/www/html/carniceria2.0/public/js/app.js in ts language service.
