[2021-10-14 15:06:54.275] [exthost] [info] extension host started
[2021-10-14 15:06:54.437] [exthost] [info] ExtensionService#_doActivateExtension vscode.microsoft-authentication {"startup":false,"extensionId":{"value":"vscode.microsoft-authentication","_lower":"vscode.microsoft-authentication"},"activationEvent":"onAuthenticationRequest:microsoft"}
[2021-10-14 15:06:54.438] [exthost] [info] ExtensionService#loadCommonJSModule file:///usr/share/code/resources/app/extensions/microsoft-authentication/dist/extension.js
[2021-10-14 15:06:54.461] [exthost] [info] ExtensionService#_doActivateExtension vscode.debug-auto-launch {"startup":true,"extensionId":{"value":"vscode.debug-auto-launch","_lower":"vscode.debug-auto-launch"},"activationEvent":"*"}
[2021-10-14 15:06:54.461] [exthost] [info] ExtensionService#loadCommonJSModule file:///usr/share/code/resources/app/extensions/debug-auto-launch/dist/extension
[2021-10-14 15:06:54.465] [exthost] [info] ExtensionService#_doActivateExtension vscode.git {"startup":true,"extensionId":{"value":"vscode.github","_lower":"vscode.github"},"activationEvent":"*"}
[2021-10-14 15:06:54.468] [exthost] [info] ExtensionService#loadCommonJSModule file:///usr/share/code/resources/app/extensions/git/dist/main
[2021-10-14 15:06:54.516] [exthost] [info] ExtensionService#_doActivateExtension christian-kohler.path-intellisense {"startup":true,"extensionId":{"value":"christian-kohler.path-intellisense","_lower":"christian-kohler.path-intellisense"},"activationEvent":"*"}
[2021-10-14 15:06:54.517] [exthost] [info] ExtensionService#loadCommonJSModule file:///home/drachen/.vscode/extensions/christian-kohler.path-intellisense-2.4.0/out/extension.js
[2021-10-14 15:06:54.546] [exthost] [info] ExtensionService#_doActivateExtension ecmel.vscode-html-css {"startup":true,"extensionId":{"value":"ecmel.vscode-html-css","_lower":"ecmel.vscode-html-css"},"activationEvent":"*"}
[2021-10-14 15:06:54.547] [exthost] [info] ExtensionService#loadCommonJSModule file:///home/drachen/.vscode/extensions/ecmel.vscode-html-css-1.10.2/dist/extension.js
[2021-10-14 15:06:54.594] [exthost] [info] ExtensionService#_doActivateExtension kiteco.kite {"startup":true,"extensionId":{"value":"kiteco.kite","_lower":"kiteco.kite"},"activationEvent":"*"}
[2021-10-14 15:06:54.594] [exthost] [info] ExtensionService#loadCommonJSModule file:///home/drachen/.vscode/extensions/kiteco.kite-0.147.0/dist/kite-extension
[2021-10-14 15:06:54.622] [exthost] [info] ExtensionService#_doActivateExtension Zignd.html-css-class-completion {"startup":true,"extensionId":{"value":"Zignd.html-css-class-completion","_lower":"zignd.html-css-class-completion"},"activationEvent":"*"}
[2021-10-14 15:06:54.622] [exthost] [info] ExtensionService#loadCommonJSModule file:///home/drachen/.vscode/extensions/zignd.html-css-class-completion-1.20.0/dist/extension.js
[2021-10-14 15:06:54.762] [exthost] [info] ExtensionService#_doActivateExtension vscode.npm {"startup":true,"extensionId":{"value":"vscode.npm","_lower":"vscode.npm"},"activationEvent":"workspaceContains:package.json"}
[2021-10-14 15:06:54.763] [exthost] [info] ExtensionService#loadCommonJSModule file:///usr/share/code/resources/app/extensions/npm/dist/npmMain
[2021-10-14 15:06:55.571] [exthost] [warning] [Decorations] CAPPING events from decorations provider vscode.git 623
[2021-10-14 15:06:56.464] [exthost] [info] ExtensionService#_doActivateExtension ms-vscode.js-debug {"startup":false,"extensionId":{"value":"ms-vscode.js-debug","_lower":"ms-vscode.js-debug"},"activationEvent":"onCommand:extension.js-debug.clearAutoAttachVariables"}
[2021-10-14 15:06:56.464] [exthost] [info] ExtensionService#loadCommonJSModule file:///usr/share/code/resources/app/extensions/ms-vscode.js-debug/src/extension.js
[2021-10-14 15:06:56.737] [exthost] [info] ExtensionService#_doActivateExtension vscode.github {"startup":false,"extensionId":{"value":"vscode.github","_lower":"vscode.github"},"activationEvent":"*"}
[2021-10-14 15:06:56.737] [exthost] [info] ExtensionService#loadCommonJSModule file:///usr/share/code/resources/app/extensions/github/dist/extension.js
[2021-10-14 15:06:56.908] [exthost] [info] ExtensionService#_doActivateExtension vscode.github-authentication {"startup":false,"extensionId":{"value":"vscode.github-authentication","_lower":"vscode.github-authentication"},"activationEvent":"onAuthenticationRequest:github"}
[2021-10-14 15:06:56.908] [exthost] [info] ExtensionService#loadCommonJSModule file:///usr/share/code/resources/app/extensions/github-authentication/dist/extension.js
[2021-10-14 15:06:57.073] [exthost] [info] eager extensions activated
[2021-10-14 15:06:57.086] [exthost] [info] ExtensionService#_doActivateExtension vscode.emmet {"startup":false,"extensionId":{"value":"vscode.emmet","_lower":"vscode.emmet"},"activationEvent":"onStartupFinished"}
[2021-10-14 15:06:57.086] [exthost] [info] ExtensionService#loadCommonJSModule file:///usr/share/code/resources/app/extensions/emmet/dist/node/emmetNodeMain
[2021-10-14 15:06:57.096] [exthost] [info] ExtensionService#_doActivateExtension vscode.merge-conflict {"startup":false,"extensionId":{"value":"vscode.merge-conflict","_lower":"vscode.merge-conflict"},"activationEvent":"onStartupFinished"}
[2021-10-14 15:06:57.096] [exthost] [info] ExtensionService#loadCommonJSModule file:///usr/share/code/resources/app/extensions/merge-conflict/dist/mergeConflictMain
[2021-10-14 15:06:57.101] [exthost] [info] ExtensionService#_doActivateExtension vscode.testing-editor-contributions {"startup":false,"extensionId":{"value":"vscode.testing-editor-contributions","_lower":"vscode.testing-editor-contributions"},"activationEvent":"onStartupFinished"}
[2021-10-14 15:06:57.101] [exthost] [info] ExtensionService#loadCommonJSModule file:///usr/share/code/resources/app/extensions/testing-editor-contributions/dist/extension.js
[2021-10-14 15:06:57.102] [exthost] [info] ExtensionService#_doActivateExtension dbaeumer.vscode-eslint {"startup":false,"extensionId":{"value":"dbaeumer.vscode-eslint","_lower":"dbaeumer.vscode-eslint"},"activationEvent":"onStartupFinished"}
[2021-10-14 15:06:57.102] [exthost] [info] ExtensionService#loadCommonJSModule file:///home/drachen/.vscode/extensions/dbaeumer.vscode-eslint-2.1.20/client/out/extension
[2021-10-14 15:07:17.466] [exthost] [info] ExtensionService#_doActivateExtension vscode.typescript-language-features {"startup":false,"extensionId":{"value":"vscode.typescript-language-features","_lower":"vscode.typescript-language-features"},"activationEvent":"onLanguage:javascript"}
[2021-10-14 15:07:17.469] [exthost] [info] ExtensionService#loadCommonJSModule file:///usr/share/code/resources/app/extensions/typescript-language-features/dist/extension
[2021-10-14 15:07:17.507] [exthost] [info] ExtensionService#_doActivateExtension christian-kohler.npm-intellisense {"startup":false,"extensionId":{"value":"christian-kohler.npm-intellisense","_lower":"christian-kohler.npm-intellisense"},"activationEvent":"onLanguage:javascript"}
[2021-10-14 15:07:17.510] [exthost] [info] ExtensionService#loadCommonJSModule file:///home/drachen/.vscode/extensions/christian-kohler.npm-intellisense-1.4.0/out/src/extension
[2021-10-14 15:07:17.570] [exthost] [info] ExtensionService#_doActivateExtension VisualStudioExptTeam.vscodeintellicode {"startup":false,"extensionId":{"value":"VisualStudioExptTeam.vscodeintellicode","_lower":"visualstudioexptteam.vscodeintellicode"},"activationEvent":"onLanguage:javascript"}
[2021-10-14 15:07:17.570] [exthost] [info] ExtensionService#loadCommonJSModule file:///home/drachen/.vscode/extensions/visualstudioexptteam.vscodeintellicode-1.2.14/dist/intellicode
[2021-10-14 15:07:37.872] [exthost] [info] ExtensionService#_doActivateExtension vscode.configuration-editing {"startup":false,"extensionId":{"value":"vscode.configuration-editing","_lower":"vscode.configuration-editing"},"activationEvent":"onLanguage:json"}
[2021-10-14 15:07:37.872] [exthost] [info] ExtensionService#loadCommonJSModule file:///usr/share/code/resources/app/extensions/configuration-editing/dist/configurationEditingMain
[2021-10-14 15:07:37.884] [exthost] [info] ExtensionService#_doActivateExtension vscode.extension-editing {"startup":false,"extensionId":{"value":"vscode.extension-editing","_lower":"vscode.extension-editing"},"activationEvent":"onLanguage:json"}
[2021-10-14 15:07:37.884] [exthost] [info] ExtensionService#loadCommonJSModule file:///usr/share/code/resources/app/extensions/extension-editing/dist/extensionEditingMain
[2021-10-14 15:07:37.898] [exthost] [info] ExtensionService#_doActivateExtension vscode.json-language-features {"startup":false,"extensionId":{"value":"vscode.json-language-features","_lower":"vscode.json-language-features"},"activationEvent":"onLanguage:json"}
[2021-10-14 15:07:37.898] [exthost] [info] ExtensionService#loadCommonJSModule file:///usr/share/code/resources/app/extensions/json-language-features/client/dist/node/jsonClientMain
[2021-10-14 15:07:37.931] [exthost] [info] ExtensionService#_doActivateExtension eg2.vscode-npm-script {"startup":false,"extensionId":{"value":"eg2.vscode-npm-script","_lower":"eg2.vscode-npm-script"},"activationEvent":"onLanguage:json"}
[2021-10-14 15:07:37.931] [exthost] [info] ExtensionService#loadCommonJSModule file:///home/drachen/.vscode/extensions/eg2.vscode-npm-script-0.3.22/dist/extension
[2021-10-14 15:08:10.860] [exthost] [warning] [Decorations] CAPPING events from decorations provider vscode.git 628
[2021-10-14 15:08:42.677] [exthost] [warning] [Decorations] CAPPING events from decorations provider vscode.git 628
[2021-10-14 15:10:08.508] [exthost] [warning] [Decorations] CAPPING events from decorations provider vscode.git 628
[2021-10-14 15:10:32.875] [exthost] [warning] [Decorations] CAPPING events from decorations provider vscode.git 629
[2021-10-14 15:10:48.814] [exthost] [info] ExtensionService#_doActivateExtension octref.vetur {"startup":false,"extensionId":{"value":"octref.vetur","_lower":"octref.vetur"},"activationEvent":"onLanguage:vue"}
[2021-10-14 15:10:48.814] [exthost] [info] ExtensionService#loadCommonJSModule file:///home/drachen/.vscode/extensions/octref.vetur-0.34.1/dist/vueMain.js
[2021-10-14 15:12:02.222] [exthost] [info] ExtensionService#_doActivateExtension vscode.php-language-features {"startup":false,"extensionId":{"value":"vscode.php-language-features","_lower":"vscode.php-language-features"},"activationEvent":"onLanguage:php"}
[2021-10-14 15:12:02.222] [exthost] [info] ExtensionService#loadCommonJSModule file:///usr/share/code/resources/app/extensions/php-language-features/dist/phpMain
[2021-10-14 15:12:02.243] [exthost] [info] ExtensionService#_doActivateExtension bmewburn.vscode-intelephense-client {"startup":false,"extensionId":{"value":"bmewburn.vscode-intelephense-client","_lower":"bmewburn.vscode-intelephense-client"},"activationEvent":"onLanguage:php"}
[2021-10-14 15:12:02.243] [exthost] [info] ExtensionService#loadCommonJSModule file:///home/drachen/.vscode/extensions/bmewburn.vscode-intelephense-client-1.7.1/lib/extension
[2021-10-14 15:12:02.281] [exthost] [info] ExtensionService#_doActivateExtension rifi2k.format-html-in-php {"startup":false,"extensionId":{"value":"rifi2k.format-html-in-php","_lower":"rifi2k.format-html-in-php"},"activationEvent":"onLanguage:php"}
[2021-10-14 15:12:02.282] [exthost] [info] ExtensionService#loadCommonJSModule file:///home/drachen/.vscode/extensions/rifi2k.format-html-in-php-1.7.0/out/extension
[2021-10-14 15:12:07.388] [exthost] [error] [bmewburn.vscode-intelephense-client] provider FAILED
[2021-10-14 15:12:07.391] [exthost] [error] Canceled: Canceled
    at w.makeCancelError (/home/drachen/.vscode/extensions/bmewburn.vscode-intelephense-client-1.7.1/lib/extension.js:1:128391)
    at w.handleFailedRequest (/home/drachen/.vscode/extensions/bmewburn.vscode-intelephense-client-1.7.1/lib/extension.js:1:128242)
    at /home/drachen/.vscode/extensions/bmewburn.vscode-intelephense-client-1.7.1/lib/extension.js:1:87663
    at M.resolveCompletionItem (/usr/share/code/resources/app/out/vs/workbench/services/extensions/node/extensionHostProcess.js:87:172799)
[2021-10-14 15:12:49.303] [exthost] [warning] [Decorations] CAPPING events from decorations provider vscode.git 637
[2021-10-14 15:13:50.682] [exthost] [warning] [Decorations] CAPPING events from decorations provider vscode.git 636
[2021-10-14 15:17:28.824] [exthost] [warning] [Decorations] CAPPING events from decorations provider vscode.git 636
[2021-10-14 15:17:58.020] [exthost] [error] [vscode.typescript-language-features] provider FAILED
[2021-10-14 15:17:58.020] [exthost] [error] Error: DisposableStore is missing...
    at M._convertCompletionItem (/usr/share/code/resources/app/out/vs/workbench/services/extensions/node/extensionHostProcess.js:87:173153)
    at M.resolveCompletionItem (/usr/share/code/resources/app/out/vs/workbench/services/extensions/node/extensionHostProcess.js:87:172888)
    at runMicrotasks (<anonymous>)
    at processTicksAndRejections (internal/process/task_queues.js:93:5)
[2021-10-14 15:18:17.861] [exthost] [info] ExtensionService#_doActivateExtension steoates.autoimport {"startup":false,"extensionId":{"value":"steoates.autoimport","_lower":"steoates.autoimport"},"activationEvent":"onLanguage:typescript"}
[2021-10-14 15:18:17.862] [exthost] [info] ExtensionService#loadCommonJSModule file:///home/drachen/.vscode/extensions/steoates.autoimport-1.5.4/out/src/extension
[2021-10-14 15:19:45.182] [exthost] [warning] [Decorations] CAPPING events from decorations provider vscode.git 647
[2021-10-14 15:20:57.435] [exthost] [warning] [Decorations] CAPPING events from decorations provider vscode.git 650
[2021-10-14 15:21:02.581] [exthost] [warning] [Decorations] CAPPING events from decorations provider vscode.git 650
[2021-10-14 15:21:08.942] [exthost] [warning] [Decorations] CAPPING events from decorations provider vscode.git 650
[2021-10-14 15:24:04.893] [exthost] [warning] [Decorations] CAPPING events from decorations provider vscode.git 650
[2021-10-14 15:24:21.480] [exthost] [warning] [Decorations] CAPPING events from decorations provider vscode.git 650
[2021-10-14 15:24:43.703] [exthost] [warning] [Decorations] CAPPING events from decorations provider vscode.git 650
[2021-10-14 15:27:03.270] [exthost] [warning] [Decorations] CAPPING events from decorations provider vscode.git 650
[2021-10-14 15:27:17.827] [exthost] [warning] [Decorations] CAPPING events from decorations provider vscode.git 650
[2021-10-14 15:29:14.741] [exthost] [warning] [Decorations] CAPPING events from decorations provider vscode.git 650
[2021-10-14 15:29:19.883] [exthost] [warning] [Decorations] CAPPING events from decorations provider vscode.git 650
[2021-10-14 15:31:14.551] [exthost] [warning] [Decorations] CAPPING events from decorations provider vscode.git 650
[2021-10-14 15:31:27.466] [exthost] [warning] [Decorations] CAPPING events from decorations provider vscode.git 650
[2021-10-14 15:31:34.474] [exthost] [warning] [Decorations] CAPPING events from decorations provider vscode.git 650
[2021-10-14 15:33:05.308] [exthost] [warning] [Decorations] CAPPING events from decorations provider vscode.git 650
[2021-10-14 15:35:49.755] [exthost] [info] ExtensionService#_doActivateExtension vscode.css-language-features {"startup":false,"extensionId":{"value":"vscode.css-language-features","_lower":"vscode.css-language-features"},"activationEvent":"onLanguage:css"}
[2021-10-14 15:35:49.755] [exthost] [info] ExtensionService#loadCommonJSModule file:///usr/share/code/resources/app/extensions/css-language-features/client/dist/node/cssClientMain
[2021-10-14 15:36:50.563] [exthost] [warning] [Decorations] CAPPING events from decorations provider vscode.git 651
[2021-10-14 15:37:36.220] [exthost] [warning] [Decorations] CAPPING events from decorations provider vscode.git 651
[2021-10-14 15:37:41.359] [exthost] [warning] [Decorations] CAPPING events from decorations provider vscode.git 651
[2021-10-14 15:38:32.756] [exthost] [warning] [Decorations] CAPPING events from decorations provider vscode.git 651
[2021-10-14 15:38:46.893] [exthost] [warning] [Decorations] CAPPING events from decorations provider vscode.git 651
[2021-10-14 15:38:52.031] [exthost] [warning] [Decorations] CAPPING events from decorations provider vscode.git 651
[2021-10-14 15:43:32.735] [exthost] [warning] [Decorations] CAPPING events from decorations provider vscode.git 651
[2021-10-14 15:43:53.770] [exthost] [warning] [Decorations] CAPPING events from decorations provider vscode.git 651
[2021-10-14 15:52:40.163] [exthost] [warning] [Decorations] CAPPING events from decorations provider vscode.git 667
[2021-10-14 15:52:45.496] [exthost] [warning] [Decorations] CAPPING events from decorations provider vscode.git 667
[2021-10-14 15:54:02.064] [exthost] [warning] [Decorations] CAPPING events from decorations provider vscode.git 667
[2021-10-14 15:55:10.006] [exthost] [warning] [Decorations] CAPPING events from decorations provider vscode.git 667
[2021-10-14 15:55:15.160] [exthost] [warning] [Decorations] CAPPING events from decorations provider vscode.git 667
[2021-10-14 15:55:20.382] [exthost] [warning] [Decorations] CAPPING events from decorations provider vscode.git 667
[2021-10-14 15:55:41.836] [exthost] [warning] [Decorations] CAPPING events from decorations provider vscode.git 667
[2021-10-14 15:56:39.623] [exthost] [warning] [Decorations] CAPPING events from decorations provider vscode.git 667
[2021-10-14 15:57:39.895] [exthost] [warning] [Decorations] CAPPING events from decorations provider vscode.git 667
[2021-10-14 15:58:14.830] [exthost] [warning] [Decorations] CAPPING events from decorations provider vscode.git 667
[2021-10-14 15:58:26.285] [exthost] [warning] [Decorations] CAPPING events from decorations provider vscode.git 667
[2021-10-14 15:59:04.963] [exthost] [warning] [Decorations] CAPPING events from decorations provider vscode.git 667
[2021-10-14 15:59:21.386] [exthost] [warning] [Decorations] CAPPING events from decorations provider vscode.git 667
[2021-10-14 16:00:15.449] [exthost] [warning] [Decorations] CAPPING events from decorations provider vscode.git 667
[2021-10-14 16:00:20.606] [exthost] [warning] [Decorations] CAPPING events from decorations provider vscode.git 667
[2021-10-14 16:02:20.349] [exthost] [warning] [Decorations] CAPPING events from decorations provider vscode.git 667
[2021-10-14 16:02:44.442] [exthost] [warning] [Decorations] CAPPING events from decorations provider vscode.git 667
[2021-10-14 16:02:51.932] [exthost] [warning] [Decorations] CAPPING events from decorations provider vscode.git 667
[2021-10-14 16:02:57.087] [exthost] [warning] [Decorations] CAPPING events from decorations provider vscode.git 667
[2021-10-14 16:03:02.555] [exthost] [warning] [Decorations] CAPPING events from decorations provider vscode.git 667
[2021-10-14 16:03:56.452] [exthost] [warning] [Decorations] CAPPING events from decorations provider vscode.git 667
[2021-10-14 16:10:46.035] [exthost] [warning] [Decorations] CAPPING events from decorations provider vscode.git 667
[2021-10-14 16:11:45.891] [exthost] [warning] [Decorations] CAPPING events from decorations provider vscode.git 667
[2021-10-14 16:13:46.353] [exthost] [warning] [Decorations] CAPPING events from decorations provider vscode.git 667
[2021-10-14 16:13:55.537] [exthost] [warning] [Decorations] CAPPING events from decorations provider vscode.git 667
[2021-10-14 16:14:29.387] [exthost] [warning] [Decorations] CAPPING events from decorations provider vscode.git 667
[2021-10-14 16:15:43.657] [exthost] [warning] [Decorations] CAPPING events from decorations provider vscode.git 667
[2021-10-14 16:15:48.808] [exthost] [warning] [Decorations] CAPPING events from decorations provider vscode.git 667
[2021-10-14 16:16:23.052] [exthost] [error] [vscode.json-language-features] provider FAILED
[2021-10-14 16:16:23.053] [exthost] [error] Canceled: Canceled
    at b.makeCancelError (/usr/share/code/resources/app/extensions/json-language-features/client/dist/node/jsonClientMain.js:1:64563)
    at b.handleFailedRequest (/usr/share/code/resources/app/extensions/json-language-features/client/dist/node/jsonClientMain.js:1:64414)
    at /usr/share/code/resources/app/extensions/json-language-features/client/dist/node/jsonClientMain.js:1:24756
    at runMicrotasks (<anonymous>)
    at runNextTicks (internal/process/task_queues.js:58:5)
    at processImmediate (internal/timers.js:434:9)
[2021-10-14 16:20:29.338] [exthost] [warning] [Decorations] CAPPING events from decorations provider vscode.git 668
[2021-10-14 16:22:13.971] [exthost] [warning] [Decorations] CAPPING events from decorations provider vscode.git 668
[2021-10-14 16:22:19.125] [exthost] [warning] [Decorations] CAPPING events from decorations provider vscode.git 668
[2021-10-14 16:22:47.353] [exthost] [warning] [Decorations] CAPPING events from decorations provider vscode.git 668
[2021-10-14 16:23:34.316] [exthost] [warning] [Decorations] CAPPING events from decorations provider vscode.git 668
[2021-10-14 16:24:50.514] [exthost] [warning] [Decorations] CAPPING events from decorations provider vscode.git 668
[2021-10-14 16:24:55.658] [exthost] [warning] [Decorations] CAPPING events from decorations provider vscode.git 668
[2021-10-14 16:25:34.468] [exthost] [warning] [Decorations] CAPPING events from decorations provider vscode.git 668
[2021-10-14 16:26:09.608] [exthost] [warning] [Decorations] CAPPING events from decorations provider vscode.git 668
[2021-10-14 16:26:14.813] [exthost] [warning] [Decorations] CAPPING events from decorations provider vscode.git 668
[2021-10-14 16:26:20.651] [exthost] [warning] [Decorations] CAPPING events from decorations provider vscode.git 668
[2021-10-14 16:26:31.160] [exthost] [warning] [Decorations] CAPPING events from decorations provider vscode.git 668
[2021-10-14 16:26:36.304] [exthost] [warning] [Decorations] CAPPING events from decorations provider vscode.git 668
[2021-10-14 16:26:56.986] [exthost] [warning] [Decorations] CAPPING events from decorations provider vscode.git 668
[2021-10-14 16:27:02.120] [exthost] [warning] [Decorations] CAPPING events from decorations provider vscode.git 669
[2021-10-14 16:58:38.876] [exthost] [warning] [Decorations] CAPPING events from decorations provider vscode.git 669
[2021-10-14 16:58:44.024] [exthost] [warning] [Decorations] CAPPING events from decorations provider vscode.git 668
[2021-10-14 17:15:17.133] [exthost] [warning] [Decorations] CAPPING events from decorations provider vscode.git 669
[2021-10-14 17:16:21.529] [exthost] [warning] [Decorations] CAPPING events from decorations provider vscode.git 669
[2021-10-14 17:19:18.064] [exthost] [warning] [Decorations] CAPPING events from decorations provider vscode.git 669
[2021-10-14 17:19:59.175] [exthost] [warning] [Decorations] CAPPING events from decorations provider vscode.git 669
[2021-10-14 17:20:13.824] [exthost] [warning] [Decorations] CAPPING events from decorations provider vscode.git 669
[2021-10-14 17:20:18.972] [exthost] [warning] [Decorations] CAPPING events from decorations provider vscode.git 668
[2021-10-14 17:20:35.762] [exthost] [warning] [Decorations] CAPPING events from decorations provider vscode.git 668
[2021-10-14 17:21:16.866] [exthost] [warning] [Decorations] CAPPING events from decorations provider vscode.git 668
[2021-10-14 17:21:42.552] [exthost] [warning] [Decorations] CAPPING events from decorations provider vscode.git 668
[2021-10-14 17:22:03.786] [exthost] [warning] [Decorations] CAPPING events from decorations provider vscode.git 668
[2021-10-14 17:22:35.703] [exthost] [warning] [Decorations] CAPPING events from decorations provider vscode.git 669
[2021-10-14 17:22:47.967] [exthost] [warning] [Decorations] CAPPING events from decorations provider vscode.git 669
[2021-10-14 17:25:22.678] [exthost] [warning] [Decorations] CAPPING events from decorations provider vscode.git 669
[2021-10-14 17:27:07.161] [exthost] [warning] [Decorations] CAPPING events from decorations provider vscode.git 671
[2021-10-14 17:27:12.333] [exthost] [warning] [Decorations] CAPPING events from decorations provider vscode.git 671
[2021-10-14 17:27:34.398] [exthost] [warning] [Decorations] CAPPING events from decorations provider vscode.git 671
[2021-10-14 17:28:41.522] [exthost] [warning] [Decorations] CAPPING events from decorations provider vscode.git 671
[2021-10-14 17:30:23.830] [exthost] [warning] [Decorations] CAPPING events from decorations provider vscode.git 671
[2021-10-14 17:30:31.550] [exthost] [warning] [Decorations] CAPPING events from decorations provider vscode.git 671
[2021-10-14 17:31:33.283] [exthost] [warning] [Decorations] CAPPING events from decorations provider vscode.git 671
[2021-10-14 17:32:16.801] [exthost] [warning] [Decorations] CAPPING events from decorations provider vscode.git 671
[2021-10-14 17:32:39.397] [exthost] [warning] [Decorations] CAPPING events from decorations provider vscode.git 671
[2021-10-14 17:32:44.557] [exthost] [warning] [Decorations] CAPPING events from decorations provider vscode.git 671
[2021-10-14 17:33:27.062] [exthost] [warning] [Decorations] CAPPING events from decorations provider vscode.git 671
[2021-10-14 17:33:32.204] [exthost] [warning] [Decorations] CAPPING events from decorations provider vscode.git 671
[2021-10-14 17:46:51.200] [exthost] [warning] [Decorations] CAPPING events from decorations provider vscode.git 671
[2021-10-14 18:18:50.582] [exthost] [warning] [Decorations] CAPPING events from decorations provider vscode.git 673
[2021-10-14 18:19:24.198] [exthost] [warning] [Decorations] CAPPING events from decorations provider vscode.git 673
[2021-10-14 18:20:13.193] [exthost] [warning] [Decorations] CAPPING events from decorations provider vscode.git 674
[2021-10-14 18:20:42.130] [exthost] [warning] [Decorations] CAPPING events from decorations provider vscode.git 674
[2021-10-14 18:21:16.436] [exthost] [warning] [Decorations] CAPPING events from decorations provider vscode.git 674
[2021-10-14 18:21:21.593] [exthost] [warning] [Decorations] CAPPING events from decorations provider vscode.git 673
[2021-10-14 18:22:16.821] [exthost] [warning] [Decorations] CAPPING events from decorations provider vscode.git 673
[2021-10-14 18:22:24.183] [exthost] [warning] [Decorations] CAPPING events from decorations provider vscode.git 673
[2021-10-14 18:22:30.403] [exthost] [warning] [Decorations] CAPPING events from decorations provider vscode.git 673
[2021-10-14 18:22:35.542] [exthost] [warning] [Decorations] CAPPING events from decorations provider vscode.git 673
[2021-10-14 18:23:05.019] [exthost] [warning] [Decorations] CAPPING events from decorations provider vscode.git 673
[2021-10-14 18:28:26.568] [exthost] [warning] [Decorations] CAPPING events from decorations provider vscode.git 673
[2021-10-14 18:49:18.469] [exthost] [warning] [Decorations] CAPPING events from decorations provider vscode.git 673
[2021-10-14 18:49:39.448] [exthost] [warning] [Decorations] CAPPING events from decorations provider vscode.git 673
[2021-10-14 18:50:12.428] [exthost] [warning] [Decorations] CAPPING events from decorations provider vscode.git 673
[2021-10-14 18:50:17.592] [exthost] [warning] [Decorations] CAPPING events from decorations provider vscode.git 673
[2021-10-14 18:50:35.316] [exthost] [warning] [Decorations] CAPPING events from decorations provider vscode.git 673
[2021-10-14 18:50:43.667] [exthost] [warning] [Decorations] CAPPING events from decorations provider vscode.git 673
[2021-10-14 18:50:48.810] [exthost] [warning] [Decorations] CAPPING events from decorations provider vscode.git 673
[2021-10-14 18:56:09.151] [exthost] [warning] [Decorations] CAPPING events from decorations provider vscode.git 673
[2021-10-14 18:56:16.018] [exthost] [warning] [Decorations] CAPPING events from decorations provider vscode.git 673
[2021-10-14 18:57:05.992] [exthost] [warning] [Decorations] CAPPING events from decorations provider vscode.git 673
[2021-10-14 18:57:11.152] [exthost] [warning] [Decorations] CAPPING events from decorations provider vscode.git 673
[2021-10-14 19:27:46.776] [exthost] [warning] [Decorations] CAPPING events from decorations provider vscode.git 673
[2021-10-14 20:04:49.834] [exthost] [warning] [Decorations] CAPPING events from decorations provider vscode.git 673
[2021-10-14 20:05:21.040] [exthost] [warning] [Decorations] CAPPING events from decorations provider vscode.git 673
[2021-10-14 20:05:26.180] [exthost] [warning] [Decorations] CAPPING events from decorations provider vscode.git 673
[2021-10-14 20:05:48.860] [exthost] [warning] [Decorations] CAPPING events from decorations provider vscode.git 674
[2021-10-14 20:10:15.376] [exthost] [warning] [Decorations] CAPPING events from decorations provider vscode.git 674
[2021-10-14 20:11:47.727] [exthost] [warning] [Decorations] CAPPING events from decorations provider vscode.git 674
[2021-10-14 20:11:54.838] [exthost] [warning] [Decorations] CAPPING events from decorations provider vscode.git 673
[2021-10-14 20:12:00.639] [exthost] [warning] [Decorations] CAPPING events from decorations provider vscode.git 672
[2021-10-14 20:12:31.876] [exthost] [warning] [Decorations] CAPPING events from decorations provider vscode.git 670
[2021-10-14 20:13:04.864] [exthost] [warning] [Decorations] CAPPING events from decorations provider vscode.git 670
[2021-10-14 20:20:43.689] [exthost] [warning] [Decorations] CAPPING events from decorations provider vscode.git 673
[2021-10-14 20:20:48.971] [exthost] [warning] [Decorations] CAPPING events from decorations provider vscode.git 673
[2021-10-14 20:22:51.664] [exthost] [warning] [Decorations] CAPPING events from decorations provider vscode.git 673
[2021-10-14 20:24:16.835] [exthost] [warning] [Decorations] CAPPING events from decorations provider vscode.git 674
[2021-10-14 20:24:28.475] [exthost] [warning] [Decorations] CAPPING events from decorations provider vscode.git 675
[2021-10-14 20:27:16.970] [exthost] [warning] [Decorations] CAPPING events from decorations provider vscode.git 676
[2021-10-14 20:28:11.440] [exthost] [warning] [Decorations] CAPPING events from decorations provider vscode.git 676
[2021-10-14 20:32:08.650] [exthost] [warning] [Decorations] CAPPING events from decorations provider vscode.git 676
[2021-10-14 20:32:13.813] [exthost] [warning] [Decorations] CAPPING events from decorations provider vscode.git 676
[2021-10-14 20:33:54.821] [exthost] [warning] [Decorations] CAPPING events from decorations provider vscode.git 676
[2021-10-14 20:38:55.233] [exthost] [warning] [Decorations] CAPPING events from decorations provider vscode.git 676
[2021-10-14 20:41:26.378] [exthost] [warning] [Decorations] CAPPING events from decorations provider vscode.git 676
[2021-10-14 20:41:49.665] [exthost] [warning] [Decorations] CAPPING events from decorations provider vscode.git 676
[2021-10-14 20:42:02.536] [exthost] [warning] [Decorations] CAPPING events from decorations provider vscode.git 677
[2021-10-14 20:43:56.524] [exthost] [warning] [Decorations] CAPPING events from decorations provider vscode.git 677
[2021-10-14 20:44:17.055] [exthost] [warning] [Decorations] CAPPING events from decorations provider vscode.git 677
[2021-10-14 20:44:32.280] [exthost] [warning] [Decorations] CAPPING events from decorations provider vscode.git 677
[2021-10-14 20:44:37.416] [exthost] [warning] [Decorations] CAPPING events from decorations provider vscode.git 678
[2021-10-14 20:49:10.722] [exthost] [warning] [Decorations] CAPPING events from decorations provider vscode.git 678
[2021-10-14 20:49:17.773] [exthost] [warning] [Decorations] CAPPING events from decorations provider vscode.git 677
[2021-10-14 20:49:26.628] [exthost] [warning] [Decorations] CAPPING events from decorations provider vscode.git 677
[2021-10-14 20:49:31.757] [exthost] [warning] [Decorations] CAPPING events from decorations provider vscode.git 678
[2021-10-14 20:49:54.119] [exthost] [warning] [Decorations] CAPPING events from decorations provider vscode.git 678
[2021-10-14 20:50:25.458] [exthost] [warning] [Decorations] CAPPING events from decorations provider vscode.git 677
[2021-10-14 20:51:48.361] [exthost] [warning] [Decorations] CAPPING events from decorations provider vscode.git 677
[2021-10-14 20:52:03.837] [exthost] [warning] [Decorations] CAPPING events from decorations provider vscode.git 677
[2021-10-14 20:52:22.629] [exthost] [warning] [Decorations] CAPPING events from decorations provider vscode.git 677
[2021-10-14 20:52:27.770] [exthost] [warning] [Decorations] CAPPING events from decorations provider vscode.git 678
[2021-10-14 20:53:00.354] [exthost] [warning] [Decorations] CAPPING events from decorations provider vscode.git 678
[2021-10-14 20:53:05.508] [exthost] [warning] [Decorations] CAPPING events from decorations provider vscode.git 677
[2021-10-14 20:53:14.358] [exthost] [warning] [Decorations] CAPPING events from decorations provider vscode.git 677
[2021-10-14 20:53:19.497] [exthost] [warning] [Decorations] CAPPING events from decorations provider vscode.git 677
[2021-10-14 20:53:26.592] [exthost] [warning] [Decorations] CAPPING events from decorations provider vscode.git 677
[2021-10-14 20:53:31.729] [exthost] [warning] [Decorations] CAPPING events from decorations provider vscode.git 677
[2021-10-14 20:58:03.907] [exthost] [warning] [Decorations] CAPPING events from decorations provider vscode.git 677
[2021-10-14 20:58:09.129] [exthost] [warning] [Decorations] CAPPING events from decorations provider vscode.git 677
[2021-10-14 20:58:31.711] [exthost] [warning] [Decorations] CAPPING events from decorations provider vscode.git 677
[2021-10-14 20:59:10.538] [exthost] [warning] [Decorations] CAPPING events from decorations provider vscode.git 677
[2021-10-14 21:00:22.374] [exthost] [error] [vscode.emmet] provider FAILED
[2021-10-14 21:00:22.423] [exthost] [error] TypeError: Cannot read property 'find' of undefined
    at t.DefaultCompletionItemProvider.provideCompletionItemsInternal (/usr/share/code/resources/app/extensions/emmet/dist/node/emmetNodeMain.js:1:61284)
    at t.DefaultCompletionItemProvider.provideCompletionItems (/usr/share/code/resources/app/extensions/emmet/dist/node/emmetNodeMain.js:1:59740)
    at /usr/share/code/resources/app/out/vs/workbench/services/extensions/node/extensionHostProcess.js:87:172114
    at /usr/share/code/resources/app/out/vs/workbench/services/extensions/node/extensionHostProcess.js:64:12043
    at new Promise (<anonymous>)
    at m (/usr/share/code/resources/app/out/vs/workbench/services/extensions/node/extensionHostProcess.js:64:12015)
    at M.provideCompletionItems (/usr/share/code/resources/app/out/vs/workbench/services/extensions/node/extensionHostProcess.js:87:172094)
    at /usr/share/code/resources/app/out/vs/workbench/services/extensions/node/extensionHostProcess.js:87:190577
    at Ce._withAdapter (/usr/share/code/resources/app/out/vs/workbench/services/extensions/node/extensionHostProcess.js:87:180570)
    at Ce.$provideCompletionItems (/usr/share/code/resources/app/out/vs/workbench/services/extensions/node/extensionHostProcess.js:87:190553)
    at l._doInvokeHandler (/usr/share/code/resources/app/out/vs/workbench/services/extensions/node/extensionHostProcess.js:91:12836)
    at l._invokeHandler (/usr/share/code/resources/app/out/vs/workbench/services/extensions/node/extensionHostProcess.js:91:12520)
    at l._receiveRequest (/usr/share/code/resources/app/out/vs/workbench/services/extensions/node/extensionHostProcess.js:91:11136)
    at l._receiveOneMessage (/usr/share/code/resources/app/out/vs/workbench/services/extensions/node/extensionHostProcess.js:91:9973)
    at /usr/share/code/resources/app/out/vs/workbench/services/extensions/node/extensionHostProcess.js:91:8074
    at fire (/usr/share/code/resources/app/out/vs/workbench/services/extensions/node/extensionHostProcess.js:57:1836)
    at S.fire (/usr/share/code/resources/app/out/vs/workbench/services/extensions/node/extensionHostProcess.js:65:15497)
    at /usr/share/code/resources/app/out/vs/workbench/services/extensions/node/extensionHostProcess.js:106:29764
    at fire (/usr/share/code/resources/app/out/vs/workbench/services/extensions/node/extensionHostProcess.js:57:1836)
    at S.fire (/usr/share/code/resources/app/out/vs/workbench/services/extensions/node/extensionHostProcess.js:65:15497)
    at t._receiveMessage (/usr/share/code/resources/app/out/vs/workbench/services/extensions/node/extensionHostProcess.js:65:20755)
    at /usr/share/code/resources/app/out/vs/workbench/services/extensions/node/extensionHostProcess.js:65:17641
    at fire (/usr/share/code/resources/app/out/vs/workbench/services/extensions/node/extensionHostProcess.js:57:1836)
    at acceptChunk (/usr/share/code/resources/app/out/vs/workbench/services/extensions/node/extensionHostProcess.js:65:12862)
    at /usr/share/code/resources/app/out/vs/workbench/services/extensions/node/extensionHostProcess.js:65:12210
    at Socket.v (/usr/share/code/resources/app/out/vs/workbench/services/extensions/node/extensionHostProcess.js:106:13195)
    at Socket.emit (events.js:315:20)
    at Socket.EventEmitter.emit (domain.js:467:12)
    at addChunk (internal/streams/readable.js:309:12)
    at readableAddChunk (internal/streams/readable.js:284:9)
    at Socket.Readable.push (internal/streams/readable.js:223:10)
    at Pipe.onStreamRead (internal/stream_base_commons.js:188:23)
[2021-10-14 21:00:28.867] [exthost] [error] [vscode.emmet] provider FAILED
[2021-10-14 21:00:28.868] [exthost] [error] TypeError: Cannot read property 'find' of undefined
    at t.DefaultCompletionItemProvider.provideCompletionItemsInternal (/usr/share/code/resources/app/extensions/emmet/dist/node/emmetNodeMain.js:1:61284)
    at t.DefaultCompletionItemProvider.provideCompletionItems (/usr/share/code/resources/app/extensions/emmet/dist/node/emmetNodeMain.js:1:59740)
    at /usr/share/code/resources/app/out/vs/workbench/services/extensions/node/extensionHostProcess.js:87:172114
    at /usr/share/code/resources/app/out/vs/workbench/services/extensions/node/extensionHostProcess.js:64:12043
    at new Promise (<anonymous>)
    at m (/usr/share/code/resources/app/out/vs/workbench/services/extensions/node/extensionHostProcess.js:64:12015)
    at M.provideCompletionItems (/usr/share/code/resources/app/out/vs/workbench/services/extensions/node/extensionHostProcess.js:87:172094)
    at /usr/share/code/resources/app/out/vs/workbench/services/extensions/node/extensionHostProcess.js:87:190577
    at Ce._withAdapter (/usr/share/code/resources/app/out/vs/workbench/services/extensions/node/extensionHostProcess.js:87:180570)
    at Ce.$provideCompletionItems (/usr/share/code/resources/app/out/vs/workbench/services/extensions/node/extensionHostProcess.js:87:190553)
    at l._doInvokeHandler (/usr/share/code/resources/app/out/vs/workbench/services/extensions/node/extensionHostProcess.js:91:12836)
    at l._invokeHandler (/usr/share/code/resources/app/out/vs/workbench/services/extensions/node/extensionHostProcess.js:91:12520)
    at l._receiveRequest (/usr/share/code/resources/app/out/vs/workbench/services/extensions/node/extensionHostProcess.js:91:11136)
    at l._receiveOneMessage (/usr/share/code/resources/app/out/vs/workbench/services/extensions/node/extensionHostProcess.js:91:9973)
    at /usr/share/code/resources/app/out/vs/workbench/services/extensions/node/extensionHostProcess.js:91:8074
    at fire (/usr/share/code/resources/app/out/vs/workbench/services/extensions/node/extensionHostProcess.js:57:1836)
    at S.fire (/usr/share/code/resources/app/out/vs/workbench/services/extensions/node/extensionHostProcess.js:65:15497)
    at /usr/share/code/resources/app/out/vs/workbench/services/extensions/node/extensionHostProcess.js:106:29764
    at fire (/usr/share/code/resources/app/out/vs/workbench/services/extensions/node/extensionHostProcess.js:57:1836)
    at S.fire (/usr/share/code/resources/app/out/vs/workbench/services/extensions/node/extensionHostProcess.js:65:15497)
    at t._receiveMessage (/usr/share/code/resources/app/out/vs/workbench/services/extensions/node/extensionHostProcess.js:65:20755)
    at /usr/share/code/resources/app/out/vs/workbench/services/extensions/node/extensionHostProcess.js:65:17641
    at fire (/usr/share/code/resources/app/out/vs/workbench/services/extensions/node/extensionHostProcess.js:57:1836)
    at acceptChunk (/usr/share/code/resources/app/out/vs/workbench/services/extensions/node/extensionHostProcess.js:65:12862)
    at /usr/share/code/resources/app/out/vs/workbench/services/extensions/node/extensionHostProcess.js:65:12210
    at Socket.v (/usr/share/code/resources/app/out/vs/workbench/services/extensions/node/extensionHostProcess.js:106:13195)
    at Socket.emit (events.js:315:20)
    at Socket.EventEmitter.emit (domain.js:467:12)
    at addChunk (internal/streams/readable.js:309:12)
    at readableAddChunk (internal/streams/readable.js:284:9)
    at Socket.Readable.push (internal/streams/readable.js:223:10)
    at Pipe.onStreamRead (internal/stream_base_commons.js:188:23)
[2021-10-14 21:01:29.958] [exthost] [warning] [Decorations] CAPPING events from decorations provider vscode.git 677
[2021-10-14 21:02:57.043] [exthost] [warning] [Decorations] CAPPING events from decorations provider vscode.git 677
[2021-10-14 21:03:09.800] [exthost] [warning] [Decorations] CAPPING events from decorations provider vscode.git 677
[2021-10-14 21:05:00.201] [exthost] [warning] [Decorations] CAPPING events from decorations provider vscode.git 677
[2021-10-14 21:05:13.534] [exthost] [warning] [Decorations] CAPPING events from decorations provider vscode.git 677
[2021-10-14 21:05:19.306] [exthost] [warning] [Decorations] CAPPING events from decorations provider vscode.git 677
[2021-10-14 21:05:46.038] [exthost] [warning] [Decorations] CAPPING events from decorations provider vscode.git 677
[2021-10-14 21:06:11.935] [exthost] [warning] [Decorations] CAPPING events from decorations provider vscode.git 677
[2021-10-14 21:06:17.071] [exthost] [warning] [Decorations] CAPPING events from decorations provider vscode.git 677
[2021-10-14 21:06:23.129] [exthost] [warning] [Decorations] CAPPING events from decorations provider vscode.git 677
[2021-10-14 21:06:54.174] [exthost] [warning] [Decorations] CAPPING events from decorations provider vscode.git 677
[2021-10-14 21:07:24.190] [exthost] [warning] [Decorations] CAPPING events from decorations provider vscode.git 676
[2021-10-14 21:08:26.879] [exthost] [warning] [Decorations] CAPPING events from decorations provider vscode.git 676
[2021-10-14 21:08:32.013] [exthost] [warning] [Decorations] CAPPING events from decorations provider vscode.git 676
[2021-10-14 21:08:37.150] [exthost] [warning] [Decorations] CAPPING events from decorations provider vscode.git 676
[2021-10-14 21:08:42.306] [exthost] [warning] [Decorations] CAPPING events from decorations provider vscode.git 676
[2021-10-14 21:09:05.183] [exthost] [warning] [Decorations] CAPPING events from decorations provider vscode.git 676
[2021-10-14 21:12:52.132] [exthost] [warning] [Decorations] CAPPING events from decorations provider vscode.git 676
[2021-10-14 21:12:57.291] [exthost] [warning] [Decorations] CAPPING events from decorations provider vscode.git 676
[2021-10-14 21:12:57.760] [exthost] [error] [bmewburn.vscode-intelephense-client] provider FAILED
[2021-10-14 21:12:57.760] [exthost] [error] TypeError: Cannot read property 'kind' of undefined
    at /home/drachen/.vscode/extensions/bmewburn.vscode-intelephense-client-1.7.1/lib/extension.js:1:165849
    at asHover (/home/drachen/.vscode/extensions/bmewburn.vscode-intelephense-client-1.7.1/lib/extension.js:1:166062)
[2021-10-14 21:14:23.095] [exthost] [warning] [Decorations] CAPPING events from decorations provider vscode.git 676
[2021-10-14 21:14:39.690] [exthost] [warning] [Decorations] CAPPING events from decorations provider vscode.git 676
[2021-10-14 21:15:36.528] [exthost] [warning] [Decorations] CAPPING events from decorations provider vscode.git 676
[2021-10-14 21:15:41.672] [exthost] [warning] [Decorations] CAPPING events from decorations provider vscode.git 676
[2021-10-14 21:16:02.305] [exthost] [warning] [Decorations] CAPPING events from decorations provider vscode.git 676
[2021-10-14 21:57:31.513] [exthost] [warning] [Decorations] CAPPING events from decorations provider vscode.git 679
[2021-10-14 21:57:36.693] [exthost] [warning] [Decorations] CAPPING events from decorations provider vscode.git 679
[2021-10-14 21:58:23.301] [exthost] [warning] [Decorations] CAPPING events from decorations provider vscode.git 679
[2021-10-14 21:58:38.422] [exthost] [warning] [Decorations] CAPPING events from decorations provider vscode.git 679
[2021-10-14 21:58:44.648] [exthost] [warning] [Decorations] CAPPING events from decorations provider vscode.git 679
[2021-10-14 21:59:47.725] [exthost] [warning] [Decorations] CAPPING events from decorations provider vscode.git 679
[2021-10-14 21:59:52.874] [exthost] [warning] [Decorations] CAPPING events from decorations provider vscode.git 679
[2021-10-14 22:05:40.728] [exthost] [warning] [Decorations] CAPPING events from decorations provider vscode.git 679
[2021-10-14 22:05:45.884] [exthost] [warning] [Decorations] CAPPING events from decorations provider vscode.git 679
[2021-10-14 22:09:24.681] [exthost] [warning] [Decorations] CAPPING events from decorations provider vscode.git 679
[2021-10-14 22:10:32.730] [exthost] [warning] [Decorations] CAPPING events from decorations provider vscode.git 679
[2021-10-14 22:12:52.037] [exthost] [warning] [Decorations] CAPPING events from decorations provider vscode.git 679
[2021-10-14 22:12:57.189] [exthost] [warning] [Decorations] CAPPING events from decorations provider vscode.git 680
[2021-10-14 22:13:06.339] [exthost] [warning] [Decorations] CAPPING events from decorations provider vscode.git 680
[2021-10-14 22:14:16.641] [exthost] [warning] [Decorations] CAPPING events from decorations provider vscode.git 679
[2021-10-14 22:14:21.785] [exthost] [warning] [Decorations] CAPPING events from decorations provider vscode.git 679
[2021-10-14 22:14:24.562] [exthost] [info] ExtensionService#_doActivateExtension vscode.image-preview {"startup":false,"extensionId":{"value":"vscode.image-preview","_lower":"vscode.image-preview"},"activationEvent":"onCustomEditor:imagePreview.previewEditor"}
[2021-10-14 22:14:24.563] [exthost] [info] ExtensionService#loadCommonJSModule file:///usr/share/code/resources/app/extensions/image-preview/dist/extension
[2021-10-14 22:15:50.276] [exthost] [warning] [Decorations] CAPPING events from decorations provider vscode.git 702
[2021-10-14 22:19:02.674] [exthost] [warning] [Decorations] CAPPING events from decorations provider vscode.git 702
[2021-10-14 22:19:27.177] [exthost] [warning] [Decorations] CAPPING events from decorations provider vscode.git 702
[2021-10-14 22:19:32.343] [exthost] [warning] [Decorations] CAPPING events from decorations provider vscode.git 702
[2021-10-14 22:28:26.793] [exthost] [warning] [Decorations] CAPPING events from decorations provider vscode.git 702
[2021-10-14 22:28:55.980] [exthost] [warning] [Decorations] CAPPING events from decorations provider vscode.git 702
[2021-10-14 22:29:04.921] [exthost] [warning] [Decorations] CAPPING events from decorations provider vscode.git 702
[2021-10-14 22:29:10.087] [exthost] [warning] [Decorations] CAPPING events from decorations provider vscode.git 702
[2021-10-14 22:29:15.605] [exthost] [warning] [Decorations] CAPPING events from decorations provider vscode.git 702
[2021-10-14 22:30:44.107] [exthost] [warning] [Decorations] CAPPING events from decorations provider vscode.git 702
[2021-10-14 22:31:15.732] [exthost] [warning] [Decorations] CAPPING events from decorations provider vscode.git 702
[2021-10-14 22:32:35.928] [exthost] [warning] [Decorations] CAPPING events from decorations provider vscode.git 702
[2021-10-14 22:32:51.111] [exthost] [warning] [Decorations] CAPPING events from decorations provider vscode.git 702
[2021-10-14 22:44:15.697] [exthost] [warning] [Decorations] CAPPING events from decorations provider vscode.git 702
[2021-10-14 22:44:28.228] [exthost] [warning] [Decorations] CAPPING events from decorations provider vscode.git 702
[2021-10-14 22:45:09.635] [exthost] [warning] [Decorations] CAPPING events from decorations provider vscode.git 702
[2021-10-14 22:48:01.085] [exthost] [warning] [Decorations] CAPPING events from decorations provider vscode.git 702
[2021-10-14 22:48:16.718] [exthost] [warning] [Decorations] CAPPING events from decorations provider vscode.git 702
[2021-10-14 22:53:55.203] [exthost] [warning] [Decorations] CAPPING events from decorations provider vscode.git 702
[2021-10-14 22:54:00.352] [exthost] [warning] [Decorations] CAPPING events from decorations provider vscode.git 702
[2021-10-14 22:54:05.499] [exthost] [warning] [Decorations] CAPPING events from decorations provider vscode.git 702
[2021-10-14 22:54:16.326] [exthost] [warning] [Decorations] CAPPING events from decorations provider vscode.git 702
[2021-10-14 22:55:05.297] [exthost] [warning] [Decorations] CAPPING events from decorations provider vscode.git 701
[2021-10-14 22:55:19.125] [exthost] [warning] [Decorations] CAPPING events from decorations provider vscode.git 701
[2021-10-14 22:55:30.519] [exthost] [warning] [Decorations] CAPPING events from decorations provider vscode.git 701
[2021-10-14 22:56:48.650] [exthost] [warning] [Decorations] CAPPING events from decorations provider vscode.git 701
[2021-10-14 22:56:54.256] [exthost] [warning] [Decorations] CAPPING events from decorations provider vscode.git 701
[2021-10-14 22:56:59.394] [exthost] [warning] [Decorations] CAPPING events from decorations provider vscode.git 701
[2021-10-14 23:07:09.656] [exthost] [warning] [Decorations] CAPPING events from decorations provider vscode.git 710
[2021-10-14 23:07:14.807] [exthost] [warning] [Decorations] CAPPING events from decorations provider vscode.git 710
[2021-10-14 23:07:59.654] [exthost] [warning] [Decorations] CAPPING events from decorations provider vscode.git 710
[2021-10-14 23:08:36.046] [exthost] [warning] [Decorations] CAPPING events from decorations provider vscode.git 710
[2021-10-14 23:09:04.565] [exthost] [error] [bmewburn.vscode-intelephense-client] provider FAILED
[2021-10-14 23:09:04.565] [exthost] [error] Canceled: Canceled
    at w.makeCancelError (/home/drachen/.vscode/extensions/bmewburn.vscode-intelephense-client-1.7.1/lib/extension.js:1:128391)
    at w.handleFailedRequest (/home/drachen/.vscode/extensions/bmewburn.vscode-intelephense-client-1.7.1/lib/extension.js:1:128242)
    at /home/drachen/.vscode/extensions/bmewburn.vscode-intelephense-client-1.7.1/lib/extension.js:1:88457
[2021-10-14 23:10:02.140] [exthost] [warning] [Decorations] CAPPING events from decorations provider vscode.git 711
[2021-10-14 23:10:07.286] [exthost] [warning] [Decorations] CAPPING events from decorations provider vscode.git 711
[2021-10-14 23:10:17.748] [exthost] [warning] [Decorations] CAPPING events from decorations provider vscode.git 711
[2021-10-14 23:10:50.470] [exthost] [warning] [Decorations] CAPPING events from decorations provider vscode.git 710
[2021-10-14 23:11:11.757] [exthost] [warning] [Decorations] CAPPING events from decorations provider vscode.git 710
[2021-10-14 23:11:21.765] [exthost] [warning] [Decorations] CAPPING events from decorations provider vscode.git 710
[2021-10-14 23:12:11.782] [exthost] [warning] [Decorations] CAPPING events from decorations provider vscode.git 710
[2021-10-14 23:13:46.622] [exthost] [warning] [Decorations] CAPPING events from decorations provider vscode.git 710
[2021-10-14 23:15:18.244] [exthost] [warning] [Decorations] CAPPING events from decorations provider vscode.git 710
[2021-10-14 23:15:28.273] [exthost] [warning] [Decorations] CAPPING events from decorations provider vscode.git 710
[2021-10-14 23:27:49.660] [exthost] [warning] [Decorations] CAPPING events from decorations provider vscode.git 710
[2021-10-14 23:28:07.107] [exthost] [warning] [Decorations] CAPPING events from decorations provider vscode.git 710
[2021-10-14 23:28:12.250] [exthost] [warning] [Decorations] CAPPING events from decorations provider vscode.git 710
[2021-10-14 23:29:03.602] [exthost] [warning] [Decorations] CAPPING events from decorations provider vscode.git 710
[2021-10-14 23:30:06.160] [exthost] [warning] [Decorations] CAPPING events from decorations provider vscode.git 710
[2021-10-14 23:32:51.495] [exthost] [warning] [Decorations] CAPPING events from decorations provider vscode.git 710
[2021-10-14 23:32:56.648] [exthost] [warning] [Decorations] CAPPING events from decorations provider vscode.git 710
[2021-10-14 23:33:07.384] [exthost] [warning] [Decorations] CAPPING events from decorations provider vscode.git 710
[2021-10-14 23:33:12.533] [exthost] [warning] [Decorations] CAPPING events from decorations provider vscode.git 711
[2021-10-14 23:35:32.140] [exthost] [warning] [Decorations] CAPPING events from decorations provider vscode.git 711
[2021-10-14 23:35:37.281] [exthost] [warning] [Decorations] CAPPING events from decorations provider vscode.git 710
[2021-10-14 23:35:50.378] [exthost] [warning] [Decorations] CAPPING events from decorations provider vscode.git 710
[2021-10-14 23:39:39.758] [exthost] [warning] [Decorations] CAPPING events from decorations provider vscode.git 710
[2021-10-14 23:40:01.852] [exthost] [warning] [Decorations] CAPPING events from decorations provider vscode.git 710
[2021-10-14 23:40:37.973] [exthost] [warning] [Decorations] CAPPING events from decorations provider vscode.git 710
[2021-10-14 23:49:51.447] [exthost] [warning] [Decorations] CAPPING events from decorations provider vscode.git 710
[2021-10-14 23:49:56.592] [exthost] [warning] [Decorations] CAPPING events from decorations provider vscode.git 710
[2021-10-15 00:11:41.850] [exthost] [warning] [Decorations] CAPPING events from decorations provider vscode.git 710
[2021-10-15 00:11:47.715] [exthost] [warning] [Decorations] CAPPING events from decorations provider vscode.git 710
[2021-10-15 00:13:21.315] [exthost] [warning] [Decorations] CAPPING events from decorations provider vscode.git 710
[2021-10-15 00:15:17.544] [exthost] [warning] [Decorations] CAPPING events from decorations provider vscode.git 710
[2021-10-15 00:15:35.832] [exthost] [warning] [Decorations] CAPPING events from decorations provider vscode.git 710
[2021-10-15 00:23:46.544] [exthost] [warning] [Decorations] CAPPING events from decorations provider vscode.git 711
[2021-10-15 00:24:05.739] [exthost] [warning] [Decorations] CAPPING events from decorations provider vscode.git 711
[2021-10-15 00:26:15.233] [exthost] [warning] [Decorations] CAPPING events from decorations provider vscode.git 711
[2021-10-15 00:27:03.470] [exthost] [warning] [Decorations] CAPPING events from decorations provider vscode.git 711
[2021-10-15 00:27:13.591] [exthost] [warning] [Decorations] CAPPING events from decorations provider vscode.git 710
[2021-10-15 00:34:40.910] [exthost] [warning] [Decorations] CAPPING events from decorations provider vscode.git 710
[2021-10-15 00:35:52.659] [exthost] [warning] [Decorations] CAPPING events from decorations provider vscode.git 710
[2021-10-15 00:36:05.557] [exthost] [warning] [Decorations] CAPPING events from decorations provider vscode.git 710
[2021-10-15 00:38:27.328] [exthost] [warning] [Decorations] CAPPING events from decorations provider vscode.git 710
[2021-10-15 00:41:49.415] [exthost] [warning] [Decorations] CAPPING events from decorations provider vscode.git 710
[2021-10-15 00:42:23.913] [exthost] [warning] [Decorations] CAPPING events from decorations provider vscode.git 710
[2021-10-15 00:42:29.060] [exthost] [warning] [Decorations] CAPPING events from decorations provider vscode.git 710
[2021-10-15 00:42:34.343] [exthost] [warning] [Decorations] CAPPING events from decorations provider vscode.git 710
[2021-10-15 00:42:39.482] [exthost] [warning] [Decorations] CAPPING events from decorations provider vscode.git 710
[2021-10-15 00:43:06.214] [exthost] [warning] [Decorations] CAPPING events from decorations provider vscode.git 710
[2021-10-15 00:45:09.545] [exthost] [warning] [Decorations] CAPPING events from decorations provider vscode.git 710
[2021-10-15 00:45:51.211] [exthost] [warning] [Decorations] CAPPING events from decorations provider vscode.git 710
[2021-10-15 00:46:08.320] [exthost] [warning] [Decorations] CAPPING events from decorations provider vscode.git 710
[2021-10-15 00:47:11.469] [exthost] [warning] [Decorations] CAPPING events from decorations provider vscode.git 710
[2021-10-15 00:47:22.447] [exthost] [warning] [Decorations] CAPPING events from decorations provider vscode.git 710
[2021-10-15 00:57:32.076] [exthost] [warning] [Decorations] CAPPING events from decorations provider vscode.git 710
[2021-10-15 00:57:37.220] [exthost] [warning] [Decorations] CAPPING events from decorations provider vscode.git 710
[2021-10-15 00:58:25.263] [exthost] [warning] [Decorations] CAPPING events from decorations provider vscode.git 710
[2021-10-15 00:58:30.405] [exthost] [warning] [Decorations] CAPPING events from decorations provider vscode.git 710
[2021-10-15 00:58:50.009] [exthost] [warning] [Decorations] CAPPING events from decorations provider vscode.git 710
[2021-10-15 00:58:55.189] [exthost] [warning] [Decorations] CAPPING events from decorations provider vscode.git 711
[2021-10-15 00:59:14.273] [exthost] [warning] [Decorations] CAPPING events from decorations provider vscode.git 711
[2021-10-15 00:59:22.805] [exthost] [warning] [Decorations] CAPPING events from decorations provider vscode.git 710
[2021-10-15 00:59:27.962] [exthost] [warning] [Decorations] CAPPING events from decorations provider vscode.git 710
[2021-10-15 00:59:37.479] [exthost] [warning] [Decorations] CAPPING events from decorations provider vscode.git 710
[2021-10-15 00:59:48.350] [exthost] [warning] [Decorations] CAPPING events from decorations provider vscode.git 710
[2021-10-15 00:59:53.491] [exthost] [warning] [Decorations] CAPPING events from decorations provider vscode.git 710
[2021-10-15 01:00:02.976] [exthost] [warning] [Decorations] CAPPING events from decorations provider vscode.git 710
[2021-10-15 01:00:08.127] [exthost] [warning] [Decorations] CAPPING events from decorations provider vscode.git 710
[2021-10-15 01:00:44.506] [exthost] [warning] [Decorations] CAPPING events from decorations provider vscode.git 710
[2021-10-15 01:01:45.641] [exthost] [warning] [Decorations] CAPPING events from decorations provider vscode.git 710
[2021-10-15 01:02:09.703] [exthost] [warning] [Decorations] CAPPING events from decorations provider vscode.git 710
[2021-10-15 01:02:14.864] [exthost] [warning] [Decorations] CAPPING events from decorations provider vscode.git 711
[2021-10-15 01:04:16.681] [exthost] [warning] [Decorations] CAPPING events from decorations provider vscode.git 711
[2021-10-15 01:04:21.837] [exthost] [warning] [Decorations] CAPPING events from decorations provider vscode.git 710
[2021-10-15 01:05:36.082] [exthost] [warning] [Decorations] CAPPING events from decorations provider vscode.git 710
[2021-10-15 01:06:26.233] [exthost] [warning] [Decorations] CAPPING events from decorations provider vscode.git 710
[2021-10-15 01:06:31.384] [exthost] [warning] [Decorations] CAPPING events from decorations provider vscode.git 710
[2021-10-15 01:09:21.171] [exthost] [warning] [Decorations] CAPPING events from decorations provider vscode.git 711
[2021-10-15 01:09:26.319] [exthost] [warning] [Decorations] CAPPING events from decorations provider vscode.git 711
[2021-10-15 01:09:35.184] [exthost] [warning] [Decorations] CAPPING events from decorations provider vscode.git 711
[2021-10-15 01:11:10.974] [exthost] [warning] [Decorations] CAPPING events from decorations provider vscode.git 710
[2021-10-15 01:11:16.118] [exthost] [warning] [Decorations] CAPPING events from decorations provider vscode.git 710
[2021-10-15 01:12:23.416] [exthost] [warning] [Decorations] CAPPING events from decorations provider vscode.git 710
[2021-10-15 01:51:32.573] [exthost] [warning] [Decorations] CAPPING events from decorations provider vscode.git 710
[2021-10-15 01:52:09.182] [exthost] [warning] [Decorations] CAPPING events from decorations provider vscode.git 710
[2021-10-15 01:52:09.671] [exthost] [error] [bmewburn.vscode-intelephense-client] provider FAILED
[2021-10-15 01:52:09.671] [exthost] [error] TypeError: Cannot read property 'kind' of undefined
    at /home/drachen/.vscode/extensions/bmewburn.vscode-intelephense-client-1.7.1/lib/extension.js:1:165849
    at asHover (/home/drachen/.vscode/extensions/bmewburn.vscode-intelephense-client-1.7.1/lib/extension.js:1:166062)
[2021-10-15 02:04:14.906] [exthost] [warning] [Decorations] CAPPING events from decorations provider vscode.git 710
[2021-10-15 02:04:25.638] [exthost] [warning] [Decorations] CAPPING events from decorations provider vscode.git 710
[2021-10-15 02:05:28.626] [exthost] [warning] [Decorations] CAPPING events from decorations provider vscode.git 710
[2021-10-15 02:07:26.934] [exthost] [warning] [Decorations] CAPPING events from decorations provider vscode.git 710
[2021-10-15 02:07:32.092] [exthost] [warning] [Decorations] CAPPING events from decorations provider vscode.git 710
[2021-10-15 02:07:54.900] [exthost] [warning] [Decorations] CAPPING events from decorations provider vscode.git 710
[2021-10-15 02:08:02.378] [exthost] [warning] [Decorations] CAPPING events from decorations provider vscode.git 710
[2021-10-15 02:13:52.498] [exthost] [warning] [Decorations] CAPPING events from decorations provider vscode.git 710
[2021-10-15 02:14:41.031] [exthost] [warning] [Decorations] CAPPING events from decorations provider vscode.git 710
[2021-10-15 02:14:46.171] [exthost] [warning] [Decorations] CAPPING events from decorations provider vscode.git 710
[2021-10-15 02:15:05.738] [exthost] [warning] [Decorations] CAPPING events from decorations provider vscode.git 710
[2021-10-15 02:15:17.296] [exthost] [warning] [Decorations] CAPPING events from decorations provider vscode.git 710
[2021-10-15 02:15:34.300] [exthost] [warning] [Decorations] CAPPING events from decorations provider vscode.git 710
[2021-10-15 02:17:48.133] [exthost] [warning] [Decorations] CAPPING events from decorations provider vscode.git 710
[2021-10-15 02:20:34.299] [exthost] [warning] [Decorations] CAPPING events from decorations provider vscode.git 710
[2021-10-15 02:21:29.542] [exthost] [warning] [Decorations] CAPPING events from decorations provider vscode.git 710
[2021-10-15 02:22:12.561] [exthost] [warning] [Decorations] CAPPING events from decorations provider vscode.git 710
[2021-10-15 02:23:30.038] [exthost] [warning] [Decorations] CAPPING events from decorations provider vscode.git 710
[2021-10-15 02:23:35.193] [exthost] [warning] [Decorations] CAPPING events from decorations provider vscode.git 710
[2021-10-15 02:23:35.691] [exthost] [error] [bmewburn.vscode-intelephense-client] provider FAILED
[2021-10-15 02:23:35.691] [exthost] [error] Canceled: Canceled
    at w.makeCancelError (/home/drachen/.vscode/extensions/bmewburn.vscode-intelephense-client-1.7.1/lib/extension.js:1:128391)
    at w.handleFailedRequest (/home/drachen/.vscode/extensions/bmewburn.vscode-intelephense-client-1.7.1/lib/extension.js:1:128242)
    at /home/drachen/.vscode/extensions/bmewburn.vscode-intelephense-client-1.7.1/lib/extension.js:1:88457
[2021-10-15 02:24:33.189] [exthost] [warning] [Decorations] CAPPING events from decorations provider vscode.git 711
[2021-10-15 02:24:40.911] [exthost] [warning] [Decorations] CAPPING events from decorations provider vscode.git 712
[2021-10-15 02:29:07.935] [exthost] [warning] [Decorations] CAPPING events from decorations provider vscode.git 713
[2021-10-15 02:30:02.216] [exthost] [warning] [Decorations] CAPPING events from decorations provider vscode.git 713
[2021-10-15 02:30:17.806] [exthost] [warning] [Decorations] CAPPING events from decorations provider vscode.git 713
[2021-10-15 02:32:37.287] [exthost] [warning] [Decorations] CAPPING events from decorations provider vscode.git 714
[2021-10-15 02:32:49.682] [exthost] [warning] [Decorations] CAPPING events from decorations provider vscode.git 714
[2021-10-15 02:32:59.868] [exthost] [warning] [Decorations] CAPPING events from decorations provider vscode.git 713
[2021-10-15 02:34:30.677] [exthost] [warning] [Decorations] CAPPING events from decorations provider vscode.git 712
[2021-10-15 02:34:56.669] [exthost] [warning] [Decorations] CAPPING events from decorations provider vscode.git 712
[2021-10-15 02:35:26.216] [exthost] [warning] [Decorations] CAPPING events from decorations provider vscode.git 712
[2021-10-15 02:35:36.963] [exthost] [warning] [Decorations] CAPPING events from decorations provider vscode.git 712
[2021-10-15 02:35:37.470] [exthost] [error] [bmewburn.vscode-intelephense-client] provider FAILED
[2021-10-15 02:35:37.471] [exthost] [error] TypeError: Cannot read property 'kind' of undefined
    at /home/drachen/.vscode/extensions/bmewburn.vscode-intelephense-client-1.7.1/lib/extension.js:1:165849
    at asHover (/home/drachen/.vscode/extensions/bmewburn.vscode-intelephense-client-1.7.1/lib/extension.js:1:166062)
[2021-10-15 02:36:11.597] [exthost] [warning] [Decorations] CAPPING events from decorations provider vscode.git 712
[2021-10-15 02:36:19.792] [exthost] [warning] [Decorations] CAPPING events from decorations provider vscode.git 712
[2021-10-15 02:37:47.300] [exthost] [warning] [Decorations] CAPPING events from decorations provider vscode.git 712
[2021-10-15 02:37:54.891] [exthost] [warning] [Decorations] CAPPING events from decorations provider vscode.git 712
[2021-10-15 02:38:24.855] [exthost] [warning] [Decorations] CAPPING events from decorations provider vscode.git 712
[2021-10-15 02:38:29.999] [exthost] [warning] [Decorations] CAPPING events from decorations provider vscode.git 712
[2021-10-15 02:38:39.892] [exthost] [warning] [Decorations] CAPPING events from decorations provider vscode.git 712
[2021-10-15 02:38:52.165] [exthost] [warning] [Decorations] CAPPING events from decorations provider vscode.git 712
[2021-10-15 02:38:57.324] [exthost] [warning] [Decorations] CAPPING events from decorations provider vscode.git 712
[2021-10-15 02:39:02.487] [exthost] [warning] [Decorations] CAPPING events from decorations provider vscode.git 712
[2021-10-15 02:39:07.643] [exthost] [warning] [Decorations] CAPPING events from decorations provider vscode.git 712
[2021-10-15 02:39:59.724] [exthost] [warning] [Decorations] CAPPING events from decorations provider vscode.git 712
[2021-10-15 02:40:04.901] [exthost] [warning] [Decorations] CAPPING events from decorations provider vscode.git 712
[2021-10-15 02:40:10.051] [exthost] [warning] [Decorations] CAPPING events from decorations provider vscode.git 712
[2021-10-15 02:40:15.215] [exthost] [warning] [Decorations] CAPPING events from decorations provider vscode.git 712
[2021-10-15 02:40:31.413] [exthost] [warning] [Decorations] CAPPING events from decorations provider vscode.git 712
[2021-10-15 02:40:54.126] [exthost] [warning] [Decorations] CAPPING events from decorations provider vscode.git 712
[2021-10-15 02:40:59.283] [exthost] [warning] [Decorations] CAPPING events from decorations provider vscode.git 712
[2021-10-15 02:41:57.667] [exthost] [warning] [Decorations] CAPPING events from decorations provider vscode.git 712
[2021-10-15 02:42:27.741] [exthost] [warning] [Decorations] CAPPING events from decorations provider vscode.git 712
[2021-10-15 02:42:42.553] [exthost] [warning] [Decorations] CAPPING events from decorations provider vscode.git 712
[2021-10-15 02:42:47.689] [exthost] [warning] [Decorations] CAPPING events from decorations provider vscode.git 712
[2021-10-15 02:43:20.583] [exthost] [warning] [Decorations] CAPPING events from decorations provider vscode.git 712
[2021-10-15 02:43:36.332] [exthost] [warning] [Decorations] CAPPING events from decorations provider vscode.git 712
[2021-10-15 02:44:40.971] [exthost] [warning] [Decorations] CAPPING events from decorations provider vscode.git 712
[2021-10-15 02:44:46.131] [exthost] [warning] [Decorations] CAPPING events from decorations provider vscode.git 712
[2021-10-15 02:45:03.297] [exthost] [warning] [Decorations] CAPPING events from decorations provider vscode.git 712
[2021-10-15 02:45:34.560] [exthost] [warning] [Decorations] CAPPING events from decorations provider vscode.git 712
[2021-10-15 02:46:55.983] [exthost] [warning] [Decorations] CAPPING events from decorations provider vscode.git 713
[2021-10-15 02:47:24.111] [exthost] [warning] [Decorations] CAPPING events from decorations provider vscode.git 714
[2021-10-15 02:47:29.274] [exthost] [warning] [Decorations] CAPPING events from decorations provider vscode.git 713
[2021-10-15 02:49:44.287] [exthost] [warning] [Decorations] CAPPING events from decorations provider vscode.git 713
[2021-10-15 02:49:49.457] [exthost] [warning] [Decorations] CAPPING events from decorations provider vscode.git 713
[2021-10-15 02:50:29.780] [exthost] [warning] [Decorations] CAPPING events from decorations provider vscode.git 713
[2021-10-15 02:50:34.921] [exthost] [warning] [Decorations] CAPPING events from decorations provider vscode.git 712
[2021-10-15 02:51:40.840] [exthost] [warning] [Decorations] CAPPING events from decorations provider vscode.git 712
[2021-10-15 02:51:45.980] [exthost] [warning] [Decorations] CAPPING events from decorations provider vscode.git 711
[2021-10-15 02:53:52.807] [exthost] [warning] [Decorations] CAPPING events from decorations provider vscode.git 711
[2021-10-15 02:53:57.946] [exthost] [warning] [Decorations] CAPPING events from decorations provider vscode.git 712
[2021-10-15 02:54:35.966] [exthost] [warning] [Decorations] CAPPING events from decorations provider vscode.git 712
[2021-10-15 02:55:36.145] [exthost] [warning] [Decorations] CAPPING events from decorations provider vscode.git 712
[2021-10-15 02:55:41.316] [exthost] [warning] [Decorations] CAPPING events from decorations provider vscode.git 712
[2021-10-15 02:55:48.339] [exthost] [warning] [Decorations] CAPPING events from decorations provider vscode.git 712
[2021-10-15 02:55:53.479] [exthost] [warning] [Decorations] CAPPING events from decorations provider vscode.git 712
[2021-10-15 02:58:14.557] [exthost] [warning] [Decorations] CAPPING events from decorations provider vscode.git 712
[2021-10-15 02:58:19.710] [exthost] [warning] [Decorations] CAPPING events from decorations provider vscode.git 711
[2021-10-15 02:58:28.264] [exthost] [warning] [Decorations] CAPPING events from decorations provider vscode.git 711
[2021-10-15 02:58:33.412] [exthost] [warning] [Decorations] CAPPING events from decorations provider vscode.git 711
[2021-10-15 02:58:38.572] [exthost] [warning] [Decorations] CAPPING events from decorations provider vscode.git 711
[2021-10-15 02:58:55.507] [exthost] [warning] [Decorations] CAPPING events from decorations provider vscode.git 711
[2021-10-15 03:00:00.491] [exthost] [warning] [Decorations] CAPPING events from decorations provider vscode.git 711
[2021-10-15 03:00:05.638] [exthost] [warning] [Decorations] CAPPING events from decorations provider vscode.git 712
[2021-10-15 03:00:42.117] [exthost] [warning] [Decorations] CAPPING events from decorations provider vscode.git 712
[2021-10-15 03:00:47.260] [exthost] [warning] [Decorations] CAPPING events from decorations provider vscode.git 711
[2021-10-15 03:02:43.211] [exthost] [warning] [Decorations] CAPPING events from decorations provider vscode.git 711
[2021-10-15 03:02:48.360] [exthost] [warning] [Decorations] CAPPING events from decorations provider vscode.git 711
[2021-10-15 03:03:12.321] [exthost] [warning] [Decorations] CAPPING events from decorations provider vscode.git 711
[2021-10-15 03:03:21.387] [exthost] [warning] [Decorations] CAPPING events from decorations provider vscode.git 711
[2021-10-15 03:03:47.867] [exthost] [warning] [Decorations] CAPPING events from decorations provider vscode.git 711
[2021-10-15 03:03:55.066] [exthost] [warning] [Decorations] CAPPING events from decorations provider vscode.git 711
[2021-10-15 03:05:31.214] [exthost] [warning] [Decorations] CAPPING events from decorations provider vscode.git 711
[2021-10-15 03:05:36.365] [exthost] [warning] [Decorations] CAPPING events from decorations provider vscode.git 711
