[Info  - 14:25:53] Initialising intelephense 1.7.1
[Info  - 14:25:55] Reading state from /var/www/html/carniceria2.0/~/.vscode-root/User/workspaceStorage/32d8e81efa97e051c508e891624d4d82/bmewburn.vscode-intelephense-client/2edfa0a8.
[Info  - 14:25:56] Initialised in 3328 ms
[Warn  - 14:25:58] file:///var/www/html/carniceria2.0/vendor/fakerphp/faker/src/Faker/Provider/nl_BE/Text.php is over the maximum file size of 1000000 bytes.
[Info  - 14:25:58] Indexing started.
[Info  - 14:26:00] Indexing ended. 44 files indexed in 1s.
[Info  - 14:26:00] Writing state to /var/www/html/carniceria2.0/~/.vscode-root/User/workspaceStorage/32d8e81efa97e051c508e891624d4d82/bmewburn.vscode-intelephense-client/2edfa0a8.
[Info  - 14:26:01] Wrote state in 1.6s.
[Info  - 14:32:28] Indexing started.
[Info  - 14:32:28] Indexing ended. 1 files indexed in 0s.
[Info  - 14:34:24] Indexing started.
[Info  - 14:34:25] Indexing ended. 1 files indexed in 0s.
[Info  - 14:35:49] Indexing started.
[Info  - 14:35:49] Indexing ended. 1 files indexed in 0s.
[Info  - 14:38:14] Indexing started.
[Info  - 14:38:15] Indexing ended. 1 files indexed in 0s.
[Info  - 14:39:22] Indexing started.
[Info  - 14:39:22] Indexing ended. 1 files indexed in 0s.
[Info  - 14:39:38] Indexing started.
[Info  - 14:39:38] Indexing ended. 1 files indexed in 0s.
[Info  - 14:39:48] Indexing started.
[Info  - 14:39:48] Indexing ended. 1 files indexed in 0s.
[Info  - 14:40:03] Indexing started.
[Info  - 14:40:03] Indexing ended. 1 files indexed in 0s.
[Info  - 14:41:01] Indexing started.
[Info  - 14:41:01] Indexing ended. 1 files indexed in 0s.
[Info  - 14:44:15] Indexing started.
[Info  - 14:44:15] Indexing ended. 1 files indexed in 0s.
[Info  - 14:44:41] Indexing started.
[Info  - 14:44:41] Indexing ended. 1 files indexed in 0s.
[Info  - 14:44:59] Indexing started.
[Info  - 14:45:00] Indexing ended. 1 files indexed in 0s.
[Info  - 14:45:29] Indexing started.
[Info  - 14:45:30] Indexing ended. 1 files indexed in 0s.
[Info  - 14:45:42] Indexing started.
[Info  - 14:45:42] Indexing ended. 1 files indexed in 0s.
[Info  - 14:46:06] Indexing started.
[Info  - 14:46:07] Indexing ended. 1 files indexed in 0s.
[Info  - 14:46:16] Indexing started.
[Info  - 14:46:16] Indexing ended. 1 files indexed in 0s.
[Info  - 14:46:28] Indexing started.
[Info  - 14:46:28] Indexing ended. 1 files indexed in 0s.
[Info  - 14:46:33] Indexing started.
[Info  - 14:46:34] Indexing ended. 1 files indexed in 0s.
[Info  - 14:46:39] Indexing started.
[Info  - 14:46:39] Indexing ended. 1 files indexed in 0s.
[Info  - 14:48:46] Indexing started.
[Info  - 14:48:47] Indexing ended. 1 files indexed in 0s.
[Info  - 14:49:02] Indexing started.
[Info  - 14:49:02] Indexing ended. 1 files indexed in 0s.
[Info  - 14:49:31] Indexing started.
[Info  - 14:49:31] Indexing ended. 1 files indexed in 0s.
[Info  - 14:51:19] Indexing started.
[Info  - 14:51:20] Indexing ended. 1 files indexed in 0s.
[Info  - 14:51:34] Indexing started.
[Info  - 14:51:34] Indexing ended. 1 files indexed in 0s.
[Info  - 14:51:46] Indexing started.
[Info  - 14:51:46] Indexing ended. 1 files indexed in 0s.
[Info  - 14:52:04] Indexing started.
[Info  - 14:52:04] Indexing ended. 1 files indexed in 0s.
[Info  - 14:52:11] Indexing started.
[Info  - 14:52:12] Indexing ended. 1 files indexed in 0s.
[Info  - 14:52:23] Indexing started.
[Info  - 14:52:23] Indexing ended. 1 files indexed in 0s.
[Info  - 14:52:55] Indexing started.
[Info  - 14:52:55] Indexing ended. 1 files indexed in 0s.
[Info  - 14:53:14] Indexing started.
[Info  - 14:53:14] Indexing ended. 1 files indexed in 0s.
[Info  - 14:53:23] Indexing started.
[Info  - 14:53:23] Indexing ended. 1 files indexed in 0s.
[Info  - 15:00:43] Indexing started.
[Info  - 15:00:43] Indexing ended. 1 files indexed in 0s.
[Info  - 15:19:18] Indexing started.
[Info  - 15:19:18] Indexing ended. 1 files indexed in 0s.
[Info  - 15:20:52] Indexing started.
[Info  - 15:20:52] Indexing ended. 1 files indexed in 0s.
[Info  - 15:22:29] Indexing started.
[Info  - 15:22:29] Indexing ended. 1 files indexed in 0s.
[Info  - 15:23:13] Indexing started.
[Info  - 15:23:13] Indexing ended. 1 files indexed in 0s.
[Info  - 15:23:58] Indexing started.
[Info  - 15:23:59] Indexing ended. 1 files indexed in 0s.
[Info  - 15:27:34] Indexing started.
[Info  - 15:27:34] Indexing ended. 1 files indexed in 0s.
[Info  - 21:40:18] Indexing started.
[Info  - 21:40:18] Indexing ended. 1 files indexed in 0s.
[Info  - 21:40:30] Indexing started.
[Info  - 21:40:31] Indexing ended. 1 files indexed in 0s.
[Info  - 21:40:42] Indexing started.
[Info  - 21:40:42] Indexing ended. 1 files indexed in 0s.
[Info  - 21:42:27] Indexing started.
[Info  - 21:42:27] Indexing ended. 1 files indexed in 0s.
[Info  - 21:42:35] Indexing started.
[Info  - 21:42:35] Indexing ended. 1 files indexed in 0s.
[Info  - 21:48:01] Indexing started.
[Info  - 21:48:01] Indexing ended. 1 files indexed in 0s.
[Info  - 21:48:45] Indexing started.
[Info  - 21:48:45] Indexing ended. 1 files indexed in 0s.
[Info  - 21:49:40] Indexing started.
[Info  - 21:49:40] Indexing ended. 1 files indexed in 0s.
[Info  - 21:49:48] Indexing started.
[Info  - 21:49:48] Indexing ended. 1 files indexed in 0s.
[Info  - 21:50:08] Indexing started.
[Info  - 21:50:08] Indexing ended. 1 files indexed in 0s.
[Info  - 21:52:22] Indexing started.
[Info  - 21:52:22] Indexing ended. 1 files indexed in 0s.
[Info  - 21:55:07] Indexing started.
[Info  - 21:55:07] Indexing ended. 1 files indexed in 0s.
[Info  - 21:55:17] Indexing started.
[Info  - 21:55:17] Indexing ended. 1 files indexed in 0s.
[Info  - 21:55:37] Indexing started.
[Info  - 21:55:37] Indexing ended. 1 files indexed in 0s.
[Info  - 21:56:07] Indexing started.
[Info  - 21:56:07] Indexing ended. 1 files indexed in 0s.
[Info  - 21:56:34] Indexing started.
[Info  - 21:56:34] Indexing ended. 1 files indexed in 0s.
[Info  - 21:56:58] Indexing started.
[Info  - 21:56:58] Indexing ended. 1 files indexed in 0s.
[Info  - 21:57:22] Indexing started.
[Info  - 21:57:22] Indexing ended. 1 files indexed in 0s.
[Info  - 21:57:44] Indexing started.
[Info  - 21:57:44] Indexing ended. 1 files indexed in 0s.
[Info  - 21:57:52] Indexing started.
[Info  - 21:57:52] Indexing ended. 1 files indexed in 0s.
[Info  - 21:58:01] Indexing started.
[Info  - 21:58:01] Indexing ended. 1 files indexed in 0s.
[Info  - 21:58:16] Indexing started.
[Info  - 21:58:16] Indexing ended. 1 files indexed in 0s.
[Info  - 21:58:29] Indexing started.
[Info  - 21:58:29] Indexing ended. 1 files indexed in 0s.
[Info  - 21:58:37] Indexing started.
[Info  - 21:58:37] Indexing ended. 1 files indexed in 0s.
[Info  - 21:59:01] Indexing started.
[Info  - 21:59:01] Indexing ended. 1 files indexed in 0s.
[Info  - 22:00:07] Indexing started.
[Info  - 22:00:07] Indexing ended. 1 files indexed in 0s.
[Info  - 22:01:08] Indexing started.
[Info  - 22:01:09] Indexing ended. 1 files indexed in 0s.
[Info  - 22:03:20] Indexing started.
[Info  - 22:03:20] Indexing ended. 1 files indexed in 0s.
[Info  - 22:03:36] Indexing started.
[Info  - 22:03:36] Indexing ended. 1 files indexed in 0s.
[Info  - 22:03:44] Indexing started.
[Info  - 22:03:45] Indexing ended. 1 files indexed in 0s.
[Info  - 22:04:16] Indexing started.
[Info  - 22:04:16] Indexing ended. 1 files indexed in 0s.
[Info  - 22:04:32] Indexing started.
[Info  - 22:04:32] Indexing ended. 1 files indexed in 0s.
[Info  - 22:04:44] Indexing started.
[Info  - 22:04:44] Indexing ended. 1 files indexed in 0s.
[Info  - 22:04:50] Indexing started.
[Info  - 22:04:50] Indexing ended. 1 files indexed in 0s.
[Info  - 22:05:41] Indexing started.
[Info  - 22:05:41] Indexing ended. 1 files indexed in 0s.
[Info  - 22:14:02] Indexing started.
[Info  - 22:14:02] Indexing ended. 1 files indexed in 0s.
[Info  - 22:14:17] Indexing started.
[Info  - 22:14:17] Indexing ended. 1 files indexed in 0s.
[Info  - 22:14:42] Indexing started.
[Info  - 22:14:42] Indexing ended. 1 files indexed in 0s.
[Info  - 22:15:36] Indexing started.
[Info  - 22:15:37] Indexing ended. 1 files indexed in 0s.
[Info  - 22:15:48] Indexing started.
[Info  - 22:15:48] Indexing ended. 1 files indexed in 0s.
[Info  - 22:16:45] Indexing started.
[Info  - 22:16:45] Indexing ended. 1 files indexed in 0s.
[Info  - 22:18:07] Indexing started.
[Info  - 22:18:07] Indexing ended. 1 files indexed in 0s.
[Info  - 22:18:27] Indexing started.
[Info  - 22:18:28] Indexing ended. 1 files indexed in 0s.
[Info  - 22:18:37] Indexing started.
[Info  - 22:18:37] Indexing ended. 1 files indexed in 0s.
[Info  - 22:18:52] Indexing started.
[Info  - 22:18:52] Indexing ended. 1 files indexed in 0s.
[Info  - 22:20:07] Indexing started.
[Info  - 22:20:07] Indexing ended. 1 files indexed in 0s.
[Info  - 22:20:18] Indexing started.
[Info  - 22:20:18] Indexing ended. 1 files indexed in 0s.
[Info  - 22:24:30] Indexing started.
[Info  - 22:24:30] Indexing ended. 1 files indexed in 0s.
[Info  - 22:25:46] Indexing started.
[Info  - 22:25:46] Indexing ended. 1 files indexed in 0s.
[Info  - 22:26:59] Indexing started.
[Info  - 22:26:59] Indexing ended. 1 files indexed in 0s.
[Info  - 22:27:32] Indexing started.
[Info  - 22:27:33] Indexing ended. 1 files indexed in 0s.
[Info  - 22:27:57] Indexing started.
[Info  - 22:27:57] Indexing ended. 1 files indexed in 0s.
[Info  - 22:28:23] Indexing started.
[Info  - 22:28:23] Indexing ended. 1 files indexed in 0s.
[Info  - 22:29:06] Indexing started.
[Info  - 22:29:06] Indexing ended. 1 files indexed in 0s.
[Info  - 22:30:27] Indexing started.
[Info  - 22:30:27] Indexing ended. 1 files indexed in 0s.
[Info  - 22:30:36] Indexing started.
[Info  - 22:30:37] Indexing ended. 1 files indexed in 0s.
[Info  - 22:31:03] Indexing started.
[Info  - 22:31:04] Indexing ended. 1 files indexed in 0s.
[Info  - 22:31:16] Indexing started.
[Info  - 22:31:16] Indexing ended. 1 files indexed in 0s.
[Info  - 22:32:24] Indexing started.
[Info  - 22:32:24] Indexing ended. 1 files indexed in 0s.
[Info  - 22:32:46] Indexing started.
[Info  - 22:32:46] Indexing ended. 1 files indexed in 0s.
[Info  - 22:32:51] Indexing started.
[Info  - 22:32:51] Indexing ended. 1 files indexed in 0s.
[Info  - 22:33:14] Indexing started.
[Info  - 22:33:14] Indexing ended. 1 files indexed in 0s.
[Info  - 22:34:24] Indexing started.
[Info  - 22:34:24] Indexing ended. 1 files indexed in 0s.
[Info  - 22:35:02] Indexing started.
[Info  - 22:35:03] Indexing ended. 1 files indexed in 0s.
[Info  - 22:36:39] Indexing started.
[Info  - 22:36:40] Indexing ended. 1 files indexed in 0s.
[Info  - 22:36:57] Indexing started.
[Info  - 22:36:58] Indexing ended. 1 files indexed in 0s.
[Info  - 22:37:27] Indexing started.
[Info  - 22:37:27] Indexing ended. 1 files indexed in 0s.
[Info  - 22:37:41] Indexing started.
[Info  - 22:37:41] Indexing ended. 1 files indexed in 0s.
[Info  - 22:37:51] Indexing started.
[Info  - 22:37:51] Indexing ended. 1 files indexed in 0s.
[Info  - 22:38:51] Indexing started.
[Info  - 22:38:51] Indexing ended. 1 files indexed in 0s.
[Info  - 22:39:04] Indexing started.
[Info  - 22:39:04] Indexing ended. 1 files indexed in 0s.
[Info  - 22:39:43] Indexing started.
[Info  - 22:39:43] Indexing ended. 1 files indexed in 0s.
[Info  - 22:41:02] Indexing started.
[Info  - 22:41:03] Indexing ended. 1 files indexed in 0s.
[Info  - 22:41:08] Indexing started.
[Info  - 22:41:08] Indexing ended. 1 files indexed in 0s.
[Info  - 22:41:18] Indexing started.
[Info  - 22:41:18] Indexing ended. 1 files indexed in 0s.
[Info  - 22:43:46] Indexing started.
[Info  - 22:43:47] Indexing ended. 1 files indexed in 0s.
[Info  - 22:44:00] Indexing started.
[Info  - 22:44:01] Indexing ended. 1 files indexed in 0s.
[Info  - 22:44:14] Indexing started.
[Info  - 22:44:14] Indexing ended. 1 files indexed in 0s.
[Info  - 22:44:33] Indexing started.
[Info  - 22:44:33] Indexing ended. 1 files indexed in 0s.
[Info  - 22:44:39] Indexing started.
[Info  - 22:44:39] Indexing ended. 1 files indexed in 0s.
[Info  - 22:45:59] Indexing started.
[Info  - 22:45:59] Indexing ended. 1 files indexed in 0s.
[Info  - 22:46:30] Indexing started.
[Info  - 22:46:31] Indexing ended. 1 files indexed in 0s.
[Info  - 22:47:27] Indexing started.
[Info  - 22:47:27] Indexing ended. 1 files indexed in 0s.
[Info  - 22:47:46] Indexing started.
[Info  - 22:47:46] Indexing ended. 1 files indexed in 0s.
[Info  - 22:48:01] Indexing started.
[Info  - 22:48:01] Indexing ended. 1 files indexed in 0s.
[Info  - 22:48:06] Indexing started.
[Info  - 22:48:07] Indexing ended. 1 files indexed in 0s.
[Info  - 22:48:13] Indexing started.
[Info  - 22:48:13] Indexing ended. 1 files indexed in 0s.
[Info  - 22:48:21] Indexing started.
[Info  - 22:48:21] Indexing ended. 1 files indexed in 0s.
[Info  - 22:48:46] Indexing started.
[Info  - 22:48:46] Indexing ended. 1 files indexed in 0s.
[Info  - 22:49:30] Indexing started.
[Info  - 22:49:30] Indexing ended. 1 files indexed in 0s.
[Info  - 22:50:20] Indexing started.
[Info  - 22:50:20] Indexing ended. 1 files indexed in 0s.
[Info  - 22:51:22] Indexing started.
[Info  - 22:51:22] Indexing ended. 1 files indexed in 0s.
[Info  - 22:51:38] Indexing started.
[Info  - 22:51:38] Indexing ended. 1 files indexed in 0s.
[Info  - 22:52:24] Indexing started.
[Info  - 22:52:25] Indexing ended. 1 files indexed in 0s.
[Info  - 22:53:19] Indexing started.
[Info  - 22:53:19] Indexing ended. 1 files indexed in 0s.
[Info  - 22:55:30] Indexing started.
[Info  - 22:55:30] Indexing ended. 1 files indexed in 0s.
[Info  - 22:55:43] Indexing started.
[Info  - 22:55:43] Indexing ended. 1 files indexed in 0s.
[Info  - 22:56:44] Indexing started.
[Info  - 22:56:44] Indexing ended. 1 files indexed in 0s.
[Info  - 22:57:20] Indexing started.
[Info  - 22:57:20] Indexing ended. 1 files indexed in 0s.
[Info  - 22:57:31] Indexing started.
[Info  - 22:57:31] Indexing ended. 1 files indexed in 0s.
[Info  - 22:57:57] Indexing started.
[Info  - 22:57:57] Indexing ended. 1 files indexed in 0s.
[Info  - 22:58:02] Indexing started.
[Info  - 22:58:02] Indexing ended. 1 files indexed in 0s.
