[Info  - 21:06:51] Initialising intelephense 1.7.1
[Info  - 21:06:51] Reading state from /var/www/html/carniceria2.0/~/.vscode-root/User/workspaceStorage/32d8e81efa97e051c508e891624d4d82/bmewburn.vscode-intelephense-client/2edfa0a8.
[Info  - 21:06:53] Initialised in 1730 ms
[Warn  - 21:06:54] file:///var/www/html/carniceria2.0/vendor/fakerphp/faker/src/Faker/Provider/nl_BE/Text.php is over the maximum file size of 1000000 bytes.
[Info  - 21:06:54] Indexing started.
[Info  - 21:06:55] Indexing ended. 12 files indexed in 0s.
[Info  - 21:06:55] Writing state to /var/www/html/carniceria2.0/~/.vscode-root/User/workspaceStorage/32d8e81efa97e051c508e891624d4d82/bmewburn.vscode-intelephense-client/2edfa0a8.
[Info  - 21:06:56] Wrote state in 1.2s.
[Info  - 21:21:11] Indexing started.
[Info  - 21:21:11] Indexing ended. 1 files indexed in 0s.
[Info  - 21:24:31] Indexing started.
[Info  - 21:24:31] Indexing ended. 1 files indexed in 0s.
[Info  - 22:49:16] Indexing started.
[Info  - 22:49:16] Indexing ended. 1 files indexed in 0s.
[Info  - 22:49:18] Indexing started.
[Info  - 22:49:19] Indexing ended. 5 files indexed in 0s.
[Info  - 4:33:37] Indexing started.
[Info  - 4:33:38] Indexing ended. 1 files indexed in 0s.
[Info  - 4:37:08] Indexing started.
[Info  - 4:37:08] Indexing ended. 2 files indexed in 0s.
[Info  - 4:37:19] Indexing started.
[Info  - 4:37:19] Indexing ended. 2 files indexed in 0s.
[Info  - 4:42:01] Indexing started.
[Info  - 4:42:01] Indexing ended. 1 files indexed in 0s.
[Info  - 4:42:53] Indexing started.
[Info  - 4:42:53] Indexing ended. 2 files indexed in 0s.
[Info  - 4:43:54] Indexing started.
[Info  - 4:43:54] Indexing ended. 1 files indexed in 0s.
[Info  - 4:43:59] Indexing started.
[Info  - 4:43:59] Indexing ended. 1 files indexed in 0s.
[Info  - 4:44:06] Indexing started.
[Info  - 4:44:07] Indexing ended. 1 files indexed in 0s.
[Info  - 4:46:35] Indexing started.
[Info  - 4:46:35] Indexing ended. 1 files indexed in 0s.
[Info  - 4:46:50] Indexing started.
[Info  - 4:46:50] Indexing ended. 1 files indexed in 0s.
[Info  - 4:53:50] Indexing started.
[Info  - 4:53:50] Indexing ended. 1 files indexed in 0s.
[Info  - 5:19:19] Indexing started.
[Info  - 5:19:19] Indexing ended. 1 files indexed in 0s.
[Info  - 5:19:36] Indexing started.
[Info  - 5:19:36] Indexing ended. 1 files indexed in 0s.
[Info  - 5:20:06] Indexing started.
[Info  - 5:20:07] Indexing ended. 1 files indexed in 0s.
[Info  - 5:20:24] Indexing started.
[Info  - 5:20:24] Indexing ended. 1 files indexed in 0s.
[Info  - 5:21:43] Indexing started.
[Info  - 5:21:43] Indexing ended. 1 files indexed in 0s.
[Info  - 5:22:07] Indexing started.
[Info  - 5:22:08] Indexing ended. 1 files indexed in 0s.
[Info  - 5:23:25] Indexing started.
[Info  - 5:23:25] Indexing ended. 1 files indexed in 0s.
[Info  - 5:29:20] Indexing started.
[Info  - 5:29:20] Indexing ended. 1 files indexed in 0s.
[Info  - 5:29:40] Indexing started.
[Info  - 5:29:41] Indexing ended. 1 files indexed in 0s.
[Info  - 5:31:28] Indexing started.
[Info  - 5:31:28] Indexing ended. 1 files indexed in 0s.
[Info  - 5:36:03] Indexing started.
[Info  - 5:36:03] Indexing ended. 1 files indexed in 0s.
[Info  - 5:37:07] Indexing started.
[Info  - 5:37:08] Indexing ended. 1 files indexed in 0s.
[Info  - 5:37:52] Indexing started.
[Info  - 5:37:52] Indexing ended. 1 files indexed in 0s.
[Info  - 5:39:39] Indexing started.
[Info  - 5:39:39] Indexing ended. 1 files indexed in 0s.
[Info  - 5:40:29] Indexing started.
[Info  - 5:40:30] Indexing ended. 1 files indexed in 0s.
[Info  - 5:41:34] Indexing started.
[Info  - 5:41:34] Indexing ended. 1 files indexed in 0s.
[Info  - 5:43:28] Indexing started.
[Info  - 5:43:28] Indexing ended. 1 files indexed in 0s.
[Info  - 5:45:12] Indexing started.
[Info  - 5:45:12] Indexing ended. 1 files indexed in 0s.
[Info  - 5:45:46] Indexing started.
[Info  - 5:45:46] Indexing ended. 1 files indexed in 0s.
[Info  - 5:46:21] Indexing started.
[Info  - 5:46:21] Indexing ended. 1 files indexed in 0s.
[Info  - 5:46:27] Indexing started.
[Info  - 5:46:27] Indexing ended. 1 files indexed in 0s.
[Info  - 5:46:55] Indexing started.
[Info  - 5:46:55] Indexing ended. 1 files indexed in 0s.
[Info  - 5:47:31] Indexing started.
[Info  - 5:47:31] Indexing ended. 1 files indexed in 0s.
[Info  - 5:48:19] Indexing started.
[Info  - 5:48:19] Indexing ended. 1 files indexed in 0s.
[Info  - 5:48:39] Indexing started.
[Info  - 5:48:39] Indexing ended. 1 files indexed in 0s.
[Info  - 5:50:35] Indexing started.
[Info  - 5:50:35] Indexing ended. 1 files indexed in 0s.
[Info  - 6:22:41] Indexing started.
[Info  - 6:22:42] Indexing ended. 1 files indexed in 0s.
[Info  - 6:22:53] Indexing started.
[Info  - 6:22:53] Indexing ended. 1 files indexed in 0s.
