[Info  - 12:58:30] Initialising intelephense 1.7.1
[Info  - 12:58:33] Reading state from /var/www/html/carniceria2.0/~/.vscode-root/User/workspaceStorage/32d8e81efa97e051c508e891624d4d82/bmewburn.vscode-intelephense-client/2edfa0a8.
[Info  - 12:58:34] Initialised in 4047 ms
[Warn  - 12:58:38] file:///var/www/html/carniceria2.0/vendor/fakerphp/faker/src/Faker/Provider/nl_BE/Text.php is over the maximum file size of 1000000 bytes.
[Info  - 12:58:38] Indexing started.
[Info  - 12:58:39] Indexing ended. 15 files indexed in 0s.
[Info  - 12:58:39] Writing state to /var/www/html/carniceria2.0/~/.vscode-root/User/workspaceStorage/32d8e81efa97e051c508e891624d4d82/bmewburn.vscode-intelephense-client/2edfa0a8.
[Info  - 12:58:40] Wrote state in 1.3s.
[Info  - 13:00:14] Indexing started.
[Info  - 13:00:15] Indexing ended. 1 files indexed in 0s.
[Info  - 13:03:09] Indexing started.
[Info  - 13:03:09] Indexing ended. 1 files indexed in 0s.
[Info  - 13:04:41] Indexing started.
[Info  - 13:04:41] Indexing ended. 1 files indexed in 0s.
[Info  - 13:30:44] Indexing started.
[Info  - 13:30:44] Indexing ended. 1 files indexed in 0s.
[Info  - 13:37:47] Indexing started.
[Info  - 13:37:48] Indexing ended. 1 files indexed in 0s.
[Info  - 13:38:24] Indexing started.
[Info  - 13:38:24] Indexing ended. 1 files indexed in 0s.
[Info  - 13:38:37] Indexing started.
[Info  - 13:38:37] Indexing ended. 1 files indexed in 0s.
[Info  - 13:38:52] Indexing started.
[Info  - 13:38:52] Indexing ended. 1 files indexed in 0s.
[Info  - 13:38:59] Indexing started.
[Info  - 13:38:59] Indexing ended. 1 files indexed in 0s.
[Info  - 13:39:07] Indexing started.
[Info  - 13:39:07] Indexing ended. 1 files indexed in 0s.
[Info  - 13:39:22] Indexing started.
[Info  - 13:39:23] Indexing ended. 1 files indexed in 0s.
[Info  - 13:39:34] Indexing started.
[Info  - 13:39:34] Indexing ended. 1 files indexed in 0s.
[Info  - 13:40:07] Indexing started.
[Info  - 13:40:07] Indexing ended. 1 files indexed in 0s.
[Info  - 13:40:23] Indexing started.
[Info  - 13:40:23] Indexing ended. 1 files indexed in 0s.
[Info  - 13:40:55] Indexing started.
[Info  - 13:40:55] Indexing ended. 1 files indexed in 0s.
[Info  - 13:41:30] Indexing started.
[Info  - 13:41:30] Indexing ended. 1 files indexed in 0s.
[Info  - 13:41:50] Indexing started.
[Info  - 13:41:50] Indexing ended. 1 files indexed in 0s.
[Info  - 13:41:58] Indexing started.
[Info  - 13:41:58] Indexing ended. 1 files indexed in 0s.
[Info  - 13:42:17] Indexing started.
[Info  - 13:42:17] Indexing ended. 1 files indexed in 0s.
[Info  - 13:43:12] Indexing started.
[Info  - 13:43:12] Indexing ended. 1 files indexed in 0s.
[Info  - 13:43:39] Indexing started.
[Info  - 13:43:39] Indexing ended. 1 files indexed in 0s.
[Info  - 13:44:30] Indexing started.
[Info  - 13:44:30] Indexing ended. 1 files indexed in 0s.
[Info  - 13:44:54] Indexing started.
[Info  - 13:44:54] Indexing ended. 1 files indexed in 0s.
[Info  - 13:45:20] Indexing started.
[Info  - 13:45:20] Indexing ended. 1 files indexed in 0s.
[Info  - 13:45:39] Indexing started.
[Info  - 13:45:39] Indexing ended. 1 files indexed in 0s.
[Info  - 13:46:10] Indexing started.
[Info  - 13:46:10] Indexing ended. 1 files indexed in 0s.
[Info  - 13:47:33] Indexing started.
[Info  - 13:47:34] Indexing ended. 1 files indexed in 0s.
[Info  - 13:47:50] Indexing started.
[Info  - 13:47:50] Indexing ended. 1 files indexed in 0s.
[Info  - 13:48:00] Indexing started.
[Info  - 13:48:01] Indexing ended. 1 files indexed in 0s.
[Info  - 13:48:20] Indexing started.
[Info  - 13:48:20] Indexing ended. 1 files indexed in 0s.
[Info  - 13:48:24] Indexing started.
[Info  - 13:48:25] Indexing ended. 1 files indexed in 0s.
[Info  - 13:48:48] Indexing started.
[Info  - 13:48:49] Indexing ended. 1 files indexed in 0s.
[Info  - 13:49:08] Indexing started.
[Info  - 13:49:09] Indexing ended. 1 files indexed in 0s.
[Info  - 13:49:45] Indexing started.
[Info  - 13:49:45] Indexing ended. 1 files indexed in 0s.
[Info  - 13:50:08] Indexing started.
[Info  - 13:50:08] Indexing ended. 1 files indexed in 0s.
[Info  - 13:50:22] Indexing started.
[Info  - 13:50:23] Indexing ended. 1 files indexed in 0s.
[Info  - 13:50:33] Indexing started.
[Info  - 13:50:34] Indexing ended. 1 files indexed in 0s.
[Info  - 13:51:06] Indexing started.
[Info  - 13:51:06] Indexing ended. 1 files indexed in 0s.
[Info  - 13:51:16] Indexing started.
[Info  - 13:51:16] Indexing ended. 1 files indexed in 0s.
[Info  - 13:51:34] Indexing started.
[Info  - 13:51:35] Indexing ended. 1 files indexed in 0s.
[Info  - 13:53:00] Indexing started.
[Info  - 13:53:00] Indexing ended. 1 files indexed in 0s.
[Info  - 13:56:11] Indexing started.
[Info  - 13:56:11] Indexing ended. 1 files indexed in 0s.
[Info  - 13:56:22] Indexing started.
[Info  - 13:56:22] Indexing ended. 1 files indexed in 0s.
[Info  - 13:56:36] Indexing started.
[Info  - 13:56:37] Indexing ended. 1 files indexed in 0s.
[Info  - 13:58:26] Indexing started.
[Info  - 13:58:26] Indexing ended. 1 files indexed in 0s.
[Info  - 13:58:50] Indexing started.
[Info  - 13:58:50] Indexing ended. 1 files indexed in 0s.
[Info  - 13:59:00] Indexing started.
[Info  - 13:59:00] Indexing ended. 1 files indexed in 0s.
[Info  - 13:59:33] Indexing started.
[Info  - 13:59:33] Indexing ended. 1 files indexed in 0s.
[Info  - 14:00:46] Indexing started.
[Info  - 14:00:46] Indexing ended. 1 files indexed in 0s.
[Info  - 14:01:17] Indexing started.
[Info  - 14:01:17] Indexing ended. 1 files indexed in 0s.
[Info  - 14:02:29] Indexing started.
[Info  - 14:02:29] Indexing ended. 1 files indexed in 0s.
[Info  - 14:02:42] Indexing started.
[Info  - 14:02:42] Indexing ended. 1 files indexed in 0s.
[Info  - 14:02:52] Indexing started.
[Info  - 14:02:52] Indexing ended. 1 files indexed in 0s.
[Info  - 14:03:06] Indexing started.
[Info  - 14:03:06] Indexing ended. 1 files indexed in 0s.
[Info  - 14:03:17] Indexing started.
[Info  - 14:03:18] Indexing ended. 1 files indexed in 0s.
[Info  - 14:03:23] Indexing started.
[Info  - 14:03:24] Indexing ended. 1 files indexed in 0s.
[Info  - 14:03:44] Indexing started.
[Info  - 14:03:44] Indexing ended. 1 files indexed in 0s.
[Info  - 14:04:00] Indexing started.
[Info  - 14:04:01] Indexing ended. 1 files indexed in 0s.
[Info  - 14:04:39] Indexing started.
[Info  - 14:04:39] Indexing ended. 1 files indexed in 0s.
[Info  - 14:05:03] Indexing started.
[Info  - 14:05:03] Indexing ended. 1 files indexed in 0s.
[Info  - 14:05:11] Indexing started.
[Info  - 14:05:11] Indexing ended. 1 files indexed in 0s.
[Info  - 14:05:23] Indexing started.
[Info  - 14:05:23] Indexing ended. 1 files indexed in 0s.
[Info  - 14:05:49] Indexing started.
[Info  - 14:05:50] Indexing ended. 1 files indexed in 0s.
[Info  - 14:07:48] Indexing started.
[Info  - 14:07:48] Indexing ended. 1 files indexed in 0s.
[Info  - 14:07:55] Indexing started.
[Info  - 14:07:55] Indexing ended. 1 files indexed in 0s.
[Info  - 14:08:43] Indexing started.
[Info  - 14:08:43] Indexing ended. 1 files indexed in 0s.
[Info  - 14:09:56] Indexing started.
[Info  - 14:09:56] Indexing ended. 1 files indexed in 0s.
[Info  - 14:10:08] Indexing started.
[Info  - 14:10:09] Indexing ended. 1 files indexed in 0s.
[Info  - 14:10:15] Indexing started.
[Info  - 14:10:15] Indexing ended. 1 files indexed in 0s.
[Info  - 14:13:42] Indexing started.
[Info  - 14:13:42] Indexing ended. 1 files indexed in 0s.
[Info  - 14:14:49] Indexing started.
[Info  - 14:14:49] Indexing ended. 1 files indexed in 0s.
[Info  - 14:15:19] Indexing started.
[Info  - 14:15:19] Indexing ended. 1 files indexed in 0s.
[Info  - 14:15:33] Indexing started.
[Info  - 14:15:33] Indexing ended. 1 files indexed in 0s.
[Info  - 14:15:37] Indexing started.
[Info  - 14:15:37] Indexing ended. 1 files indexed in 0s.
[Info  - 14:15:46] Indexing started.
[Info  - 14:15:46] Indexing ended. 1 files indexed in 0s.
[Info  - 14:21:57] Indexing started.
[Info  - 14:21:57] Indexing ended. 1 files indexed in 0s.
[Info  - 14:22:06] Indexing started.
[Info  - 14:22:06] Indexing ended. 1 files indexed in 0s.
[Info  - 14:22:16] Indexing started.
[Info  - 14:22:16] Indexing ended. 1 files indexed in 0s.
[Info  - 14:22:37] Indexing started.
[Info  - 14:22:38] Indexing ended. 1 files indexed in 0s.
[Info  - 14:24:48] Indexing started.
[Info  - 14:24:48] Indexing ended. 1 files indexed in 0s.
[Info  - 14:25:06] Indexing started.
[Info  - 14:25:06] Indexing ended. 1 files indexed in 0s.
[Info  - 14:25:11] Indexing started.
[Info  - 14:25:11] Indexing ended. 1 files indexed in 0s.
[Info  - 14:26:40] Indexing started.
[Info  - 14:26:40] Indexing ended. 1 files indexed in 0s.
[Info  - 14:26:58] Indexing started.
[Info  - 14:26:58] Indexing ended. 1 files indexed in 0s.
[Info  - 14:27:08] Indexing started.
[Info  - 14:27:08] Indexing ended. 1 files indexed in 0s.
[Info  - 14:27:37] Indexing started.
[Info  - 14:27:37] Indexing ended. 1 files indexed in 0s.
[Info  - 14:29:14] Indexing started.
[Info  - 14:29:15] Indexing ended. 1 files indexed in 0s.
[Info  - 14:33:05] Indexing started.
[Info  - 14:33:05] Indexing ended. 1 files indexed in 0s.
[Info  - 14:33:28] Indexing started.
[Info  - 14:33:28] Indexing ended. 1 files indexed in 0s.
[Info  - 14:34:39] Indexing started.
[Info  - 14:34:39] Indexing ended. 1 files indexed in 0s.
[Info  - 14:34:52] Indexing started.
[Info  - 14:34:52] Indexing ended. 1 files indexed in 0s.
[Info  - 14:42:28] Indexing started.
[Info  - 14:42:28] Indexing ended. 1 files indexed in 0s.
[Info  - 14:43:13] Indexing started.
[Info  - 14:43:13] Indexing ended. 1 files indexed in 0s.
[Info  - 14:43:25] Indexing started.
[Info  - 14:43:26] Indexing ended. 1 files indexed in 0s.
[Info  - 14:55:17] Indexing started.
[Info  - 14:55:17] Indexing ended. 1 files indexed in 0s.
[Info  - 14:55:56] Indexing started.
[Info  - 14:55:56] Indexing ended. 1 files indexed in 0s.
[Info  - 14:56:14] Indexing started.
[Info  - 14:56:14] Indexing ended. 1 files indexed in 0s.
[Info  - 14:56:38] Indexing started.
[Info  - 14:56:38] Indexing ended. 1 files indexed in 0s.
[Info  - 14:56:49] Indexing started.
[Info  - 14:56:49] Indexing ended. 1 files indexed in 0s.
[Info  - 14:57:00] Indexing started.
[Info  - 14:57:00] Indexing ended. 1 files indexed in 0s.
[Info  - 14:57:42] Indexing started.
[Info  - 14:57:42] Indexing ended. 1 files indexed in 0s.
[Info  - 14:58:02] Indexing started.
[Info  - 14:58:02] Indexing ended. 1 files indexed in 0s.
[Info  - 14:59:19] Indexing started.
[Info  - 14:59:20] Indexing ended. 1 files indexed in 0s.
[Info  - 14:59:35] Indexing started.
[Info  - 14:59:35] Indexing ended. 1 files indexed in 0s.
[Info  - 14:59:50] Indexing started.
[Info  - 14:59:50] Indexing ended. 1 files indexed in 0s.
[Info  - 17:07:19] Indexing started.
[Info  - 17:07:19] Indexing ended. 1 files indexed in 0s.
[Info  - 17:09:59] Indexing started.
[Info  - 17:09:59] Indexing ended. 1 files indexed in 0s.
[Info  - 17:10:31] Indexing started.
[Info  - 17:10:31] Indexing ended. 2 files indexed in 0s.
[Info  - 17:22:34] Indexing started.
[Info  - 17:22:34] Indexing ended. 1 files indexed in 0s.
[Info  - 17:23:21] Indexing started.
[Info  - 17:23:21] Indexing ended. 1 files indexed in 0s.
[Info  - 17:23:53] Indexing started.
[Info  - 17:23:53] Indexing ended. 1 files indexed in 0s.
[Info  - 14:09:46] Indexing started.
[Info  - 14:09:46] Indexing ended. 1 files indexed in 0s.
[Info  - 14:17:10] Indexing started.
[Info  - 14:17:11] Indexing ended. 1 files indexed in 0s.
[Info  - 14:28:50] Indexing started.
[Info  - 14:28:51] Indexing ended. 1 files indexed in 0s.
[Info  - 14:29:11] Indexing started.
[Info  - 14:29:11] Indexing ended. 1 files indexed in 0s.
[Info  - 14:29:21] Indexing started.
[Info  - 14:29:21] Indexing ended. 1 files indexed in 0s.
[Info  - 14:29:52] Indexing started.
[Info  - 14:29:52] Indexing ended. 1 files indexed in 0s.
[Info  - 14:30:03] Indexing started.
[Info  - 14:30:03] Indexing ended. 1 files indexed in 0s.
[Info  - 14:30:30] Indexing started.
[Info  - 14:30:31] Indexing ended. 1 files indexed in 0s.
[Info  - 14:37:35] Indexing started.
[Info  - 14:37:35] Indexing ended. 1 files indexed in 0s.
