[Info  - 14:52:45] Initialising intelephense 1.7.1
[Info  - 14:52:48] Reading state from /var/www/html/carniceria2.0/~/.vscode-root/User/workspaceStorage/32d8e81efa97e051c508e891624d4d82/bmewburn.vscode-intelephense-client/2edfa0a8.
[Info  - 14:52:48] Initialised in 3303 ms
[Warn  - 14:52:53] file:///var/www/html/carniceria2.0/vendor/fakerphp/faker/src/Faker/Provider/nl_BE/Text.php is over the maximum file size of 1000000 bytes.
[Info  - 14:52:53] Indexing started.
[Info  - 14:52:55] Indexing ended. 84 files indexed in 2s.
[Info  - 14:52:55] Writing state to /var/www/html/carniceria2.0/~/.vscode-root/User/workspaceStorage/32d8e81efa97e051c508e891624d4d82/bmewburn.vscode-intelephense-client/2edfa0a8.
[Info  - 14:52:57] Wrote state in 1.6s.
[Info  - 14:58:24] Indexing started.
[Info  - 14:58:25] Indexing ended. 1 files indexed in 0s.
[Info  - 15:10:16] Indexing started.
[Info  - 15:10:16] Indexing ended. 1 files indexed in 0s.
[Info  - 15:15:56] Indexing started.
[Info  - 15:15:56] Indexing ended. 1 files indexed in 0s.
[Info  - 15:19:36] Indexing started.
[Info  - 15:19:36] Indexing ended. 1 files indexed in 0s.
[Info  - 15:19:59] Indexing started.
[Info  - 15:20:00] Indexing ended. 1 files indexed in 0s.
[Info  - 15:20:33] Indexing started.
[Info  - 15:20:33] Indexing ended. 1 files indexed in 0s.
[Info  - 15:20:44] Indexing started.
[Info  - 15:20:44] Indexing ended. 1 files indexed in 0s.
[Info  - 15:22:33] Indexing started.
[Info  - 15:22:33] Indexing ended. 1 files indexed in 0s.
[Info  - 15:22:50] Indexing started.
[Info  - 15:22:50] Indexing ended. 1 files indexed in 0s.
[Info  - 15:23:03] Indexing started.
[Info  - 15:23:04] Indexing ended. 2 files indexed in 0s.
[Info  - 15:23:28] Indexing started.
[Info  - 15:23:28] Indexing ended. 2 files indexed in 0s.
[Info  - 15:23:41] Indexing started.
[Info  - 15:23:42] Indexing ended. 1 files indexed in 0s.
[Info  - 15:25:03] Indexing started.
[Info  - 15:25:03] Indexing ended. 1 files indexed in 0s.
[Info  - 15:28:29] Indexing started.
[Info  - 15:28:29] Indexing ended. 1 files indexed in 0s.
[Info  - 15:28:42] Indexing started.
[Info  - 15:28:42] Indexing ended. 1 files indexed in 0s.
[Info  - 15:29:47] Indexing started.
[Info  - 15:29:47] Indexing ended. 1 files indexed in 0s.
[Info  - 15:30:51] Indexing started.
[Info  - 15:30:52] Indexing ended. 1 files indexed in 0s.
[Info  - 15:31:32] Indexing started.
[Info  - 15:31:32] Indexing ended. 1 files indexed in 0s.
[Info  - 16:31:55] Indexing started.
[Info  - 16:31:55] Indexing ended. 1 files indexed in 0s.
[Info  - 16:32:17] Indexing started.
[Info  - 16:32:17] Indexing ended. 1 files indexed in 0s.
[Info  - 16:45:22] Indexing started.
[Info  - 16:45:23] Indexing ended. 1 files indexed in 0s.
[Info  - 16:49:47] Indexing started.
[Info  - 16:49:47] Indexing ended. 1 files indexed in 0s.
[Info  - 16:50:48] Indexing started.
[Info  - 16:50:48] Indexing ended. 1 files indexed in 0s.
[Info  - 16:51:09] Indexing started.
[Info  - 16:51:09] Indexing ended. 1 files indexed in 0s.
[Info  - 16:56:52] Indexing started.
[Info  - 16:56:52] Indexing ended. 1 files indexed in 0s.
[Info  - 16:58:00] Indexing started.
[Info  - 16:58:00] Indexing ended. 1 files indexed in 0s.
[Info  - 16:58:38] Indexing started.
[Info  - 16:58:38] Indexing ended. 1 files indexed in 0s.
[Info  - 16:58:48] Indexing started.
[Info  - 16:58:49] Indexing ended. 1 files indexed in 0s.
[Info  - 16:59:09] Indexing started.
[Info  - 16:59:09] Indexing ended. 1 files indexed in 0s.
[Info  - 16:59:29] Indexing started.
[Info  - 16:59:29] Indexing ended. 1 files indexed in 0s.
[Info  - 17:06:24] Indexing started.
[Info  - 17:06:24] Indexing ended. 1 files indexed in 0s.
[Info  - 17:06:58] Indexing started.
[Info  - 17:06:58] Indexing ended. 1 files indexed in 0s.
[Info  - 17:09:57] Indexing started.
[Info  - 17:09:58] Indexing ended. 1 files indexed in 0s.
[Info  - 17:10:31] Indexing started.
[Info  - 17:10:31] Indexing ended. 1 files indexed in 0s.
[Info  - 17:11:19] Indexing started.
[Info  - 17:11:19] Indexing ended. 1 files indexed in 0s.
[Info  - 17:11:34] Indexing started.
[Info  - 17:11:34] Indexing ended. 1 files indexed in 0s.
[Info  - 17:11:42] Indexing started.
[Info  - 17:11:42] Indexing ended. 1 files indexed in 0s.
[Info  - 17:11:52] Indexing started.
[Info  - 17:11:52] Indexing ended. 1 files indexed in 0s.
[Info  - 17:16:16] Indexing started.
[Info  - 17:16:16] Indexing ended. 1 files indexed in 0s.
[Info  - 17:17:09] Indexing started.
[Info  - 17:17:10] Indexing ended. 1 files indexed in 0s.
[Info  - 17:17:22] Indexing started.
[Info  - 17:17:22] Indexing ended. 1 files indexed in 0s.
[Info  - 17:18:10] Indexing started.
[Info  - 17:18:10] Indexing ended. 1 files indexed in 0s.
[Info  - 17:19:03] Indexing started.
[Info  - 17:19:03] Indexing ended. 1 files indexed in 0s.
[Info  - 17:19:43] Indexing started.
[Info  - 17:19:43] Indexing ended. 1 files indexed in 0s.
[Info  - 17:21:58] Indexing started.
[Info  - 17:21:59] Indexing ended. 1 files indexed in 0s.
[Info  - 17:22:17] Indexing started.
[Info  - 17:22:18] Indexing ended. 1 files indexed in 0s.
[Info  - 17:22:34] Indexing started.
[Info  - 17:22:34] Indexing ended. 1 files indexed in 0s.
[Info  - 17:23:13] Indexing started.
[Info  - 17:23:13] Indexing ended. 1 files indexed in 0s.
[Info  - 17:23:48] Indexing started.
[Info  - 17:23:49] Indexing ended. 1 files indexed in 0s.
[Info  - 17:24:17] Indexing started.
[Info  - 17:24:17] Indexing ended. 1 files indexed in 0s.
[Info  - 17:24:41] Indexing started.
[Info  - 17:24:41] Indexing ended. 1 files indexed in 0s.
[Info  - 17:28:21] Indexing started.
[Info  - 17:28:22] Indexing ended. 1 files indexed in 0s.
[Info  - 17:31:17] Indexing started.
[Info  - 17:31:17] Indexing ended. 1 files indexed in 0s.
[Info  - 17:31:23] Indexing started.
[Info  - 17:31:23] Indexing ended. 1 files indexed in 0s.
[Info  - 17:31:31] Indexing started.
[Info  - 17:31:31] Indexing ended. 1 files indexed in 0s.
[Info  - 17:31:38] Indexing started.
[Info  - 17:31:38] Indexing ended. 1 files indexed in 0s.
[Info  - 17:31:44] Indexing started.
[Info  - 17:31:44] Indexing ended. 1 files indexed in 0s.
[Info  - 17:32:02] Indexing started.
[Info  - 17:32:02] Indexing ended. 1 files indexed in 0s.
[Info  - 17:32:05] Indexing started.
[Info  - 17:32:05] Indexing ended. 1 files indexed in 0s.
[Info  - 17:32:28] Indexing started.
[Info  - 17:32:28] Indexing ended. 1 files indexed in 0s.
[Info  - 17:32:33] Indexing started.
[Info  - 17:32:33] Indexing ended. 1 files indexed in 0s.
[Info  - 17:32:41] Indexing started.
[Info  - 17:32:41] Indexing ended. 1 files indexed in 0s.
[Info  - 17:33:03] Indexing started.
[Info  - 17:33:04] Indexing ended. 1 files indexed in 0s.
[Info  - 17:33:16] Indexing started.
[Info  - 17:33:16] Indexing ended. 1 files indexed in 0s.
[Info  - 17:33:19] Indexing started.
[Info  - 17:33:19] Indexing ended. 1 files indexed in 0s.
[Info  - 17:33:22] Indexing started.
[Info  - 17:33:22] Indexing ended. 1 files indexed in 0s.
[Info  - 17:33:32] Indexing started.
[Info  - 17:33:32] Indexing ended. 1 files indexed in 0s.
[Info  - 17:34:17] Indexing started.
[Info  - 17:34:17] Indexing ended. 1 files indexed in 0s.
[Info  - 17:35:11] Indexing started.
[Info  - 17:35:11] Indexing ended. 1 files indexed in 0s.
[Info  - 17:35:17] Indexing started.
[Info  - 17:35:17] Indexing ended. 1 files indexed in 0s.
[Info  - 17:36:33] Indexing started.
[Info  - 17:36:34] Indexing ended. 1 files indexed in 0s.
[Info  - 17:39:56] Indexing started.
[Info  - 17:39:57] Indexing ended. 1 files indexed in 0s.
[Info  - 17:40:33] Indexing started.
[Info  - 17:40:33] Indexing ended. 1 files indexed in 0s.
[Info  - 17:40:57] Indexing started.
[Info  - 17:40:57] Indexing ended. 1 files indexed in 0s.
[Info  - 17:43:13] Indexing started.
[Info  - 17:43:13] Indexing ended. 1 files indexed in 0s.
[Info  - 17:43:45] Indexing started.
[Info  - 17:43:45] Indexing ended. 1 files indexed in 0s.
[Info  - 17:44:01] Indexing started.
[Info  - 17:44:01] Indexing ended. 1 files indexed in 0s.
[Info  - 17:44:12] Indexing started.
[Info  - 17:44:12] Indexing ended. 1 files indexed in 0s.
[Info  - 17:44:16] Indexing started.
[Info  - 17:44:16] Indexing ended. 1 files indexed in 0s.
[Info  - 17:44:19] Indexing started.
[Info  - 17:44:19] Indexing ended. 1 files indexed in 0s.
[Info  - 17:44:22] Indexing started.
[Info  - 17:44:22] Indexing ended. 1 files indexed in 0s.
[Info  - 17:47:11] Indexing started.
[Info  - 17:47:11] Indexing ended. 1 files indexed in 0s.
[Info  - 17:47:19] Indexing started.
[Info  - 17:47:19] Indexing ended. 1 files indexed in 0s.
[Info  - 17:47:27] Indexing started.
[Info  - 17:47:27] Indexing ended. 1 files indexed in 0s.
[Info  - 17:47:36] Indexing started.
[Info  - 17:47:37] Indexing ended. 1 files indexed in 0s.
[Info  - 18:04:38] Indexing started.
[Info  - 18:04:38] Indexing ended. 2 files indexed in 0s.
[Info  - 18:05:08] Indexing started.
[Info  - 18:05:09] Indexing ended. 1 files indexed in 0s.
[Info  - 18:05:31] Indexing started.
[Info  - 18:05:32] Indexing ended. 1 files indexed in 0s.
[Info  - 18:05:46] Indexing started.
[Info  - 18:05:46] Indexing ended. 1 files indexed in 0s.
[Info  - 18:05:55] Indexing started.
[Info  - 18:05:55] Indexing ended. 1 files indexed in 0s.
[Info  - 18:08:25] Indexing started.
[Info  - 18:08:25] Indexing ended. 1 files indexed in 0s.
[Info  - 18:08:38] Indexing started.
[Info  - 18:08:39] Indexing ended. 1 files indexed in 0s.
[Info  - 18:09:39] Indexing started.
[Info  - 18:09:39] Indexing ended. 1 files indexed in 0s.
[Info  - 18:10:12] Indexing started.
[Info  - 18:10:12] Indexing ended. 1 files indexed in 0s.
[Info  - 18:10:25] Indexing started.
[Info  - 18:10:25] Indexing ended. 1 files indexed in 0s.
[Info  - 18:11:42] Indexing started.
[Info  - 18:11:42] Indexing ended. 1 files indexed in 0s.
[Info  - 18:11:49] Indexing started.
[Info  - 18:11:49] Indexing ended. 1 files indexed in 0s.
[Info  - 18:11:56] Indexing started.
[Info  - 18:11:56] Indexing ended. 1 files indexed in 0s.
[Info  - 18:12:02] Indexing started.
[Info  - 18:12:02] Indexing ended. 1 files indexed in 0s.
[Info  - 18:12:53] Indexing started.
[Info  - 18:12:53] Indexing ended. 1 files indexed in 0s.
[Info  - 18:13:02] Indexing started.
[Info  - 18:13:02] Indexing ended. 1 files indexed in 0s.
[Info  - 18:13:06] Indexing started.
[Info  - 18:13:06] Indexing ended. 1 files indexed in 0s.
[Info  - 18:13:11] Indexing started.
[Info  - 18:13:11] Indexing ended. 1 files indexed in 0s.
[Info  - 18:13:59] Indexing started.
[Info  - 18:13:59] Indexing ended. 1 files indexed in 0s.
[Info  - 18:14:08] Indexing started.
[Info  - 18:14:08] Indexing ended. 1 files indexed in 0s.
[Info  - 18:14:30] Indexing started.
[Info  - 18:14:30] Indexing ended. 1 files indexed in 0s.
[Info  - 18:15:16] Indexing started.
[Info  - 18:15:16] Indexing ended. 1 files indexed in 0s.
[Info  - 18:18:20] Indexing started.
[Info  - 18:18:20] Indexing ended. 1 files indexed in 0s.
[Info  - 18:18:25] Indexing started.
[Info  - 18:18:25] Indexing ended. 1 files indexed in 0s.
[Info  - 18:18:29] Indexing started.
[Info  - 18:18:29] Indexing ended. 1 files indexed in 0s.
[Info  - 18:19:25] Indexing started.
[Info  - 18:19:26] Indexing ended. 1 files indexed in 0s.
[Info  - 18:19:52] Indexing started.
[Info  - 18:19:52] Indexing ended. 1 files indexed in 0s.
[Info  - 18:20:16] Indexing started.
[Info  - 18:20:16] Indexing ended. 1 files indexed in 0s.
[Info  - 18:20:52] Indexing started.
[Info  - 18:20:53] Indexing ended. 1 files indexed in 0s.
[Info  - 18:21:06] Indexing started.
[Info  - 18:21:06] Indexing ended. 1 files indexed in 0s.
[Info  - 18:21:21] Indexing started.
[Info  - 18:21:22] Indexing ended. 1 files indexed in 0s.
[Info  - 18:21:35] Indexing started.
[Info  - 18:21:35] Indexing ended. 1 files indexed in 0s.
[Info  - 18:21:51] Indexing started.
[Info  - 18:21:51] Indexing ended. 1 files indexed in 0s.
[Info  - 18:22:01] Indexing started.
[Info  - 18:22:02] Indexing ended. 1 files indexed in 0s.
[Info  - 18:22:13] Indexing started.
[Info  - 18:22:13] Indexing ended. 1 files indexed in 0s.
[Info  - 18:22:25] Indexing started.
[Info  - 18:22:25] Indexing ended. 1 files indexed in 0s.
[Info  - 18:23:58] Indexing started.
[Info  - 18:23:59] Indexing ended. 1 files indexed in 0s.
[Info  - 18:24:13] Indexing started.
[Info  - 18:24:13] Indexing ended. 1 files indexed in 0s.
[Info  - 18:24:30] Indexing started.
[Info  - 18:24:30] Indexing ended. 1 files indexed in 0s.
[Info  - 18:24:36] Indexing started.
[Info  - 18:24:37] Indexing ended. 1 files indexed in 0s.
[Info  - 18:26:24] Indexing started.
[Info  - 18:26:25] Indexing ended. 1 files indexed in 0s.
[Info  - 18:26:58] Indexing started.
[Info  - 18:26:59] Indexing ended. 1 files indexed in 0s.
[Info  - 18:28:21] Indexing started.
[Info  - 18:28:21] Indexing ended. 1 files indexed in 0s.
[Info  - 18:29:21] Indexing started.
[Info  - 18:29:21] Indexing ended. 1 files indexed in 0s.
[Info  - 18:29:26] Indexing started.
[Info  - 18:29:26] Indexing ended. 1 files indexed in 0s.
[Info  - 18:29:48] Indexing started.
[Info  - 18:29:48] Indexing ended. 1 files indexed in 0s.
[Info  - 18:30:00] Indexing started.
[Info  - 18:30:00] Indexing ended. 1 files indexed in 0s.
[Info  - 18:30:12] Indexing started.
[Info  - 18:30:12] Indexing ended. 1 files indexed in 0s.
[Info  - 18:30:33] Indexing started.
[Info  - 18:30:34] Indexing ended. 1 files indexed in 0s.
[Info  - 18:30:40] Indexing started.
[Info  - 18:30:40] Indexing ended. 1 files indexed in 0s.
[Info  - 18:30:56] Indexing started.
[Info  - 18:30:56] Indexing ended. 1 files indexed in 0s.
[Info  - 18:31:18] Indexing started.
[Info  - 18:31:18] Indexing ended. 1 files indexed in 0s.
[Info  - 18:31:28] Indexing started.
[Info  - 18:31:29] Indexing ended. 1 files indexed in 0s.
[Info  - 18:31:38] Indexing started.
[Info  - 18:31:39] Indexing ended. 1 files indexed in 0s.
[Info  - 18:32:19] Indexing started.
[Info  - 18:32:19] Indexing ended. 1 files indexed in 0s.
[Info  - 18:32:29] Indexing started.
[Info  - 18:32:29] Indexing ended. 1 files indexed in 0s.
[Info  - 18:32:37] Indexing started.
[Info  - 18:32:37] Indexing ended. 1 files indexed in 0s.
[Info  - 18:32:51] Indexing started.
[Info  - 18:32:51] Indexing ended. 1 files indexed in 0s.
[Info  - 18:32:59] Indexing started.
[Info  - 18:33:00] Indexing ended. 1 files indexed in 0s.
[Info  - 18:33:07] Indexing started.
[Info  - 18:33:07] Indexing ended. 1 files indexed in 0s.
[Info  - 18:33:15] Indexing started.
[Info  - 18:33:16] Indexing ended. 1 files indexed in 0s.
[Info  - 18:33:22] Indexing started.
[Info  - 18:33:23] Indexing ended. 1 files indexed in 0s.
[Info  - 18:33:35] Indexing started.
[Info  - 18:33:35] Indexing ended. 1 files indexed in 0s.
[Info  - 18:33:45] Indexing started.
[Info  - 18:33:46] Indexing ended. 1 files indexed in 0s.
[Info  - 18:33:58] Indexing started.
[Info  - 18:33:58] Indexing ended. 1 files indexed in 0s.
[Info  - 18:34:40] Indexing started.
[Info  - 18:34:40] Indexing ended. 1 files indexed in 0s.
[Info  - 18:35:07] Indexing started.
[Info  - 18:35:07] Indexing ended. 1 files indexed in 0s.
[Info  - 18:35:27] Indexing started.
[Info  - 18:35:28] Indexing ended. 1 files indexed in 0s.
[Info  - 18:36:20] Indexing started.
[Info  - 18:36:20] Indexing ended. 1 files indexed in 0s.
[Info  - 18:36:44] Indexing started.
[Info  - 18:36:44] Indexing ended. 1 files indexed in 0s.
[Info  - 18:36:50] Indexing started.
[Info  - 18:36:51] Indexing ended. 1 files indexed in 0s.
[Info  - 18:37:09] Indexing started.
[Info  - 18:37:10] Indexing ended. 1 files indexed in 0s.
[Info  - 18:37:14] Indexing started.
[Info  - 18:37:14] Indexing ended. 1 files indexed in 0s.
[Info  - 18:37:20] Indexing started.
[Info  - 18:37:20] Indexing ended. 1 files indexed in 0s.
[Info  - 18:37:26] Indexing started.
[Info  - 18:37:26] Indexing ended. 1 files indexed in 0s.
[Info  - 18:37:35] Indexing started.
[Info  - 18:37:35] Indexing ended. 1 files indexed in 0s.
[Info  - 18:38:13] Indexing started.
[Info  - 18:38:13] Indexing ended. 1 files indexed in 0s.
[Info  - 18:38:21] Indexing started.
[Info  - 18:38:22] Indexing ended. 1 files indexed in 0s.
[Info  - 18:40:09] Indexing started.
[Info  - 18:40:09] Indexing ended. 1 files indexed in 0s.
[Info  - 18:40:20] Indexing started.
[Info  - 18:40:20] Indexing ended. 1 files indexed in 0s.
[Info  - 18:40:30] Indexing started.
[Info  - 18:40:30] Indexing ended. 1 files indexed in 0s.
[Info  - 18:41:02] Indexing started.
[Info  - 18:41:02] Indexing ended. 1 files indexed in 0s.
[Info  - 18:41:10] Indexing started.
[Info  - 18:41:10] Indexing ended. 1 files indexed in 0s.
[Info  - 18:41:18] Indexing started.
[Info  - 18:41:18] Indexing ended. 1 files indexed in 0s.
[Info  - 18:41:22] Indexing started.
[Info  - 18:41:22] Indexing ended. 1 files indexed in 0s.
[Info  - 18:42:40] Indexing started.
[Info  - 18:42:40] Indexing ended. 1 files indexed in 0s.
[Info  - 18:43:18] Indexing started.
[Info  - 18:43:18] Indexing ended. 1 files indexed in 0s.
[Info  - 18:43:44] Indexing started.
[Info  - 18:43:44] Indexing ended. 1 files indexed in 0s.
[Info  - 18:43:53] Indexing started.
[Info  - 18:43:53] Indexing ended. 1 files indexed in 0s.
[Info  - 18:44:11] Indexing started.
[Info  - 18:44:11] Indexing ended. 1 files indexed in 0s.
[Info  - 18:47:31] Indexing started.
[Info  - 18:47:32] Indexing ended. 1 files indexed in 0s.
[Info  - 18:47:40] Indexing started.
[Info  - 18:47:40] Indexing ended. 1 files indexed in 0s.
[Info  - 18:47:49] Indexing started.
[Info  - 18:47:49] Indexing ended. 1 files indexed in 0s.
[Info  - 18:48:04] Indexing started.
[Info  - 18:48:04] Indexing ended. 1 files indexed in 0s.
[Info  - 18:48:23] Indexing started.
[Info  - 18:48:23] Indexing ended. 1 files indexed in 0s.
[Info  - 18:48:27] Indexing started.
[Info  - 18:48:27] Indexing ended. 1 files indexed in 0s.
[Info  - 18:48:39] Indexing started.
[Info  - 18:48:39] Indexing ended. 1 files indexed in 0s.
[Info  - 18:49:04] Indexing started.
[Info  - 18:49:04] Indexing ended. 1 files indexed in 0s.
[Info  - 18:49:15] Indexing started.
[Info  - 18:49:15] Indexing ended. 1 files indexed in 0s.
[Info  - 18:49:19] Indexing started.
[Info  - 18:49:19] Indexing ended. 1 files indexed in 0s.
[Info  - 18:50:26] Indexing started.
[Info  - 18:50:26] Indexing ended. 1 files indexed in 0s.
[Info  - 18:50:41] Indexing started.
[Info  - 18:50:42] Indexing ended. 1 files indexed in 0s.
[Info  - 18:50:51] Indexing started.
[Info  - 18:50:51] Indexing ended. 1 files indexed in 0s.
[Info  - 18:50:58] Indexing started.
[Info  - 18:50:58] Indexing ended. 1 files indexed in 0s.
[Info  - 18:51:13] Indexing started.
[Info  - 18:51:13] Indexing ended. 1 files indexed in 0s.
[Info  - 18:51:19] Indexing started.
[Info  - 18:51:19] Indexing ended. 1 files indexed in 0s.
[Info  - 18:51:32] Indexing started.
[Info  - 18:51:33] Indexing ended. 1 files indexed in 0s.
[Info  - 18:53:01] Indexing started.
[Info  - 18:53:01] Indexing ended. 1 files indexed in 0s.
[Info  - 18:53:33] Indexing started.
[Info  - 18:53:33] Indexing ended. 1 files indexed in 0s.
[Info  - 18:53:55] Indexing started.
[Info  - 18:53:55] Indexing ended. 1 files indexed in 0s.
[Info  - 18:54:18] Indexing started.
[Info  - 18:54:18] Indexing ended. 1 files indexed in 0s.
[Info  - 18:55:42] Indexing started.
[Info  - 18:55:42] Indexing ended. 1 files indexed in 0s.
[Info  - 18:56:43] Indexing started.
[Info  - 18:56:43] Indexing ended. 1 files indexed in 0s.
[Info  - 18:59:09] Indexing started.
[Info  - 18:59:10] Indexing ended. 1 files indexed in 0s.
[Info  - 19:00:04] Indexing started.
[Info  - 19:00:04] Indexing ended. 1 files indexed in 0s.
[Info  - 19:00:15] Indexing started.
[Info  - 19:00:15] Indexing ended. 1 files indexed in 0s.
[Info  - 19:00:21] Indexing started.
[Info  - 19:00:21] Indexing ended. 1 files indexed in 0s.
[Info  - 19:00:26] Indexing started.
[Info  - 19:00:26] Indexing ended. 1 files indexed in 0s.
[Info  - 19:00:42] Indexing started.
[Info  - 19:00:42] Indexing ended. 1 files indexed in 0s.
[Info  - 19:02:26] Indexing started.
[Info  - 19:02:26] Indexing ended. 1 files indexed in 0s.
[Info  - 19:02:33] Indexing started.
[Info  - 19:02:33] Indexing ended. 1 files indexed in 0s.
[Info  - 19:02:37] Indexing started.
[Info  - 19:02:38] Indexing ended. 1 files indexed in 0s.
[Info  - 19:02:56] Indexing started.
[Info  - 19:02:56] Indexing ended. 1 files indexed in 0s.
[Info  - 19:03:00] Indexing started.
[Info  - 19:03:00] Indexing ended. 1 files indexed in 0s.
[Info  - 19:03:08] Indexing started.
[Info  - 19:03:09] Indexing ended. 1 files indexed in 0s.
[Info  - 19:52:42] Indexing started.
[Info  - 19:52:43] Indexing ended. 1 files indexed in 0s.
[Info  - 1:22:51] Indexing started.
[Info  - 1:22:51] Indexing ended. 1 files indexed in 0s.
[Info  - 1:23:16] Indexing started.
[Info  - 1:23:16] Indexing ended. 1 files indexed in 0s.
[Info  - 1:23:30] Indexing started.
[Info  - 1:23:30] Indexing ended. 1 files indexed in 0s.
[Info  - 1:28:12] Indexing started.
[Info  - 1:28:13] Indexing ended. 2 files indexed in 0s.
[Info  - 1:28:39] Indexing started.
[Info  - 1:28:39] Indexing ended. 1 files indexed in 0s.
[Info  - 1:30:13] Indexing started.
[Info  - 1:30:13] Indexing ended. 1 files indexed in 0s.
[Info  - 1:50:54] Indexing started.
[Info  - 1:50:55] Indexing ended. 1 files indexed in 0s.
[Info  - 2:00:33] Indexing started.
[Info  - 2:00:33] Indexing ended. 1 files indexed in 0s.
[Info  - 2:03:03] Indexing started.
[Info  - 2:03:04] Indexing ended. 1 files indexed in 0s.
[Info  - 2:06:24] Indexing started.
[Info  - 2:06:24] Indexing ended. 1 files indexed in 0s.
[Info  - 2:42:48] Indexing started.
[Info  - 2:42:48] Indexing ended. 1 files indexed in 0s.
[Info  - 2:43:05] Indexing started.
[Info  - 2:43:05] Indexing ended. 1 files indexed in 0s.
[Info  - 2:44:35] Indexing started.
[Info  - 2:44:35] Indexing ended. 1 files indexed in 0s.
[Info  - 2:45:23] Indexing started.
[Info  - 2:45:24] Indexing ended. 1 files indexed in 0s.
[Info  - 2:45:46] Indexing started.
[Info  - 2:45:47] Indexing ended. 1 files indexed in 0s.
[Info  - 2:51:01] Indexing started.
[Info  - 2:51:01] Indexing ended. 1 files indexed in 0s.
[Info  - 2:52:59] Indexing started.
[Info  - 2:52:59] Indexing ended. 1 files indexed in 0s.
[Info  - 2:54:23] Indexing started.
[Info  - 2:54:23] Indexing ended. 1 files indexed in 0s.
[Info  - 3:14:33] Indexing started.
[Info  - 3:14:34] Indexing ended. 1 files indexed in 0s.
[Info  - 3:15:10] Indexing started.
[Info  - 3:15:11] Indexing ended. 1 files indexed in 0s.
[Info  - 3:15:40] Indexing started.
[Info  - 3:15:41] Indexing ended. 1 files indexed in 0s.
[Info  - 3:15:56] Indexing started.
[Info  - 3:15:57] Indexing ended. 1 files indexed in 0s.
[Info  - 3:16:01] Indexing started.
[Info  - 3:16:01] Indexing ended. 1 files indexed in 0s.
[Info  - 3:16:25] Indexing started.
[Info  - 3:16:25] Indexing ended. 1 files indexed in 0s.
[Info  - 3:18:10] Indexing started.
[Info  - 3:18:10] Indexing ended. 1 files indexed in 0s.
[Info  - 3:19:48] Indexing started.
[Info  - 3:19:48] Indexing ended. 1 files indexed in 0s.
[Info  - 3:22:27] Indexing started.
[Info  - 3:22:27] Indexing ended. 1 files indexed in 0s.
[Info  - 3:23:10] Indexing started.
[Info  - 3:23:10] Indexing ended. 1 files indexed in 0s.
[Info  - 3:23:13] Indexing started.
[Info  - 3:23:13] Indexing ended. 1 files indexed in 0s.
[Info  - 3:29:49] Indexing started.
[Info  - 3:29:49] Indexing ended. 1 files indexed in 0s.
[Info  - 3:30:26] Indexing started.
[Info  - 3:30:26] Indexing ended. 1 files indexed in 0s.
[Info  - 3:30:57] Indexing started.
[Info  - 3:30:57] Indexing ended. 1 files indexed in 0s.
[Info  - 3:32:54] Indexing started.
[Info  - 3:32:54] Indexing ended. 1 files indexed in 0s.
[Info  - 3:33:14] Indexing started.
[Info  - 3:33:14] Indexing ended. 1 files indexed in 0s.
[Info  - 3:34:12] Indexing started.
[Info  - 3:34:12] Indexing ended. 1 files indexed in 0s.
[Info  - 4:04:18] Indexing started.
[Info  - 4:04:18] Indexing ended. 1 files indexed in 0s.
