[Info  - 15:12:03] Initialising intelephense 1.7.1
[Info  - 15:12:03] Reading state from /var/www/html/carniceria2.0/~/.vscode-root/User/workspaceStorage/32d8e81efa97e051c508e891624d4d82/bmewburn.vscode-intelephense-client/2edfa0a8.
[Info  - 15:12:04] Initialised in 1298 ms
[Warn  - 15:12:05] file:///var/www/html/carniceria2.0/vendor/fakerphp/faker/src/Faker/Provider/nl_BE/Text.php is over the maximum file size of 1000000 bytes.
[Info  - 15:12:05] Indexing started.
[Info  - 15:12:06] Indexing ended. 12 files indexed in 0s.
[Info  - 15:12:06] Writing state to /var/www/html/carniceria2.0/~/.vscode-root/User/workspaceStorage/32d8e81efa97e051c508e891624d4d82/bmewburn.vscode-intelephense-client/2edfa0a8.
[Info  - 15:12:07] Wrote state in 1.4s.
[Info  - 15:19:51] Indexing started.
[Info  - 15:19:52] Indexing ended. 1 files indexed in 0s.
[Info  - 15:36:58] Indexing started.
[Info  - 15:36:58] Indexing ended. 1 files indexed in 0s.
[Info  - 15:38:50] Indexing started.
[Info  - 15:38:50] Indexing ended. 1 files indexed in 0s.
[Info  - 15:47:23] Indexing started.
[Info  - 15:47:23] Indexing ended. 19 files indexed in 0s.
[Info  - 15:47:26] Indexing started.
[Info  - 15:47:26] Indexing ended. 6 files indexed in 0s.
[Info  - 15:50:50] Indexing started.
[Info  - 15:50:51] Indexing ended. 17 files indexed in 0s.
[Info  - 16:00:04] Indexing started.
[Info  - 16:00:04] Indexing ended. 1 files indexed in 0s.
[Info  - 16:03:00] Indexing started.
[Info  - 16:03:00] Indexing ended. 1 files indexed in 0s.
[Info  - 16:20:56] Indexing started.
[Info  - 16:20:57] Indexing ended. 1 files indexed in 0s.
[Info  - 17:19:17] Indexing started.
[Info  - 17:19:17] Indexing ended. 1 files indexed in 0s.
[Info  - 17:20:12] Indexing started.
[Info  - 17:20:13] Indexing ended. 1 files indexed in 0s.
[Info  - 17:20:17] Indexing started.
[Info  - 17:20:17] Indexing ended. 1 files indexed in 0s.
[Info  - 17:20:34] Indexing started.
[Info  - 17:20:35] Indexing ended. 1 files indexed in 0s.
[Info  - 17:21:45] Indexing started.
[Info  - 17:21:46] Indexing ended. 2 files indexed in 0s.
[Info  - 17:22:34] Indexing started.
[Info  - 17:22:35] Indexing ended. 1 files indexed in 0s.
[Info  - 17:26:39] Indexing started.
[Info  - 17:26:39] Indexing ended. 1 files indexed in 0s.
[Info  - 17:26:46] Indexing started.
[Info  - 17:26:46] Indexing ended. 1 files indexed in 0s.
[Info  - 17:30:27] Indexing started.
[Info  - 17:30:27] Indexing ended. 1 files indexed in 0s.
[Info  - 17:31:39] Indexing started.
[Info  - 17:31:39] Indexing ended. 1 files indexed in 0s.
[Info  - 17:32:37] Indexing started.
[Info  - 17:32:37] Indexing ended. 1 files indexed in 0s.
[Info  - 17:33:09] Indexing started.
[Info  - 17:33:10] Indexing ended. 1 files indexed in 0s.
[Info  - 17:33:13] Indexing started.
[Info  - 17:33:13] Indexing ended. 1 files indexed in 0s.
[Info  - 18:18:49] Indexing started.
[Info  - 18:18:49] Indexing ended. 1 files indexed in 0s.
[Info  - 18:21:20] Indexing started.
[Info  - 18:21:20] Indexing ended. 2 files indexed in 0s.
[Info  - 18:22:31] Indexing started.
[Info  - 18:22:32] Indexing ended. 1 files indexed in 0s.
[Info  - 18:50:05] Indexing started.
[Info  - 18:50:05] Indexing ended. 1 files indexed in 0s.
[Info  - 19:25:06] Indexing started.
[Info  - 19:25:07] Indexing ended. 1 files indexed in 0s.
[Info  - 20:04:45] Indexing started.
[Info  - 20:04:46] Indexing ended. 1 files indexed in 0s.
[Info  - 20:05:14] Indexing started.
[Info  - 20:05:14] Indexing ended. 1 files indexed in 0s.
[Info  - 20:05:16] Indexing started.
[Info  - 20:05:16] Indexing ended. 2 files indexed in 0s.
[Info  - 20:05:34] Indexing started.
[Info  - 20:05:35] Indexing ended. 6 files indexed in 0s.
[Info  - 20:11:46] Indexing started.
[Info  - 20:11:47] Indexing ended. 1 files indexed in 0s.
[Info  - 20:11:53] Indexing started.
[Info  - 20:11:54] Indexing ended. 1 files indexed in 0s.
[Info  - 20:11:59] Indexing started.
[Info  - 20:11:59] Indexing ended. 1 files indexed in 0s.
[Info  - 20:20:36] Indexing started.
[Info  - 20:20:36] Indexing ended. 2 files indexed in 0s.
[Info  - 20:20:38] Indexing started.
[Info  - 20:20:39] Indexing ended. 6 files indexed in 0s.
[Info  - 20:24:27] Indexing started.
[Info  - 20:24:27] Indexing ended. 1 files indexed in 0s.
[Info  - 20:27:16] Indexing started.
[Info  - 20:27:16] Indexing ended. 1 files indexed in 0s.
[Info  - 20:28:24] Indexing started.
[Info  - 20:28:25] Indexing ended. 1 files indexed in 0s.
[Info  - 20:42:01] Indexing started.
[Info  - 20:42:01] Indexing ended. 1 files indexed in 0s.
[Info  - 20:44:16] Indexing started.
[Info  - 20:44:16] Indexing ended. 1 files indexed in 0s.
[Info  - 20:44:31] Indexing started.
[Info  - 20:44:31] Indexing ended. 1 files indexed in 0s.
[Info  - 20:49:14] Indexing started.
[Info  - 20:49:14] Indexing ended. 1 files indexed in 0s.
[Info  - 20:49:23] Indexing started.
[Info  - 20:49:23] Indexing ended. 1 files indexed in 0s.
[Info  - 20:49:46] Indexing started.
[Info  - 20:49:46] Indexing ended. 1 files indexed in 0s.
[Info  - 20:51:51] Indexing started.
[Info  - 20:51:51] Indexing ended. 1 files indexed in 0s.
[Info  - 20:52:21] Indexing started.
[Info  - 20:52:22] Indexing ended. 1 files indexed in 0s.
[Info  - 20:52:53] Indexing started.
[Info  - 20:52:53] Indexing ended. 1 files indexed in 0s.
[Info  - 20:53:01] Indexing started.
[Info  - 20:53:01] Indexing ended. 1 files indexed in 0s.
[Info  - 20:53:13] Indexing started.
[Info  - 20:53:13] Indexing ended. 1 files indexed in 0s.
[Info  - 20:53:26] Indexing started.
[Info  - 20:53:26] Indexing ended. 1 files indexed in 0s.
[Info  - 20:53:45] Indexing started.
[Info  - 20:53:45] Indexing ended. 1 files indexed in 0s.
[Info  - 21:04:05] Indexing started.
[Info  - 21:04:06] Indexing ended. 1 files indexed in 0s.
[Info  - 21:06:53] Indexing started.
[Info  - 21:06:53] Indexing ended. 1 files indexed in 0s.
[Info  - 21:08:38] Indexing started.
[Info  - 21:08:38] Indexing ended. 1 files indexed in 0s.
[Info  - 21:57:26] Indexing started.
[Info  - 21:57:26] Indexing ended. 2 files indexed in 0s.
[Info  - 21:57:28] Indexing started.
[Info  - 21:57:29] Indexing ended. 6 files indexed in 0s.
[Info  - 23:06:12] Indexing started.
[Info  - 23:06:12] Indexing ended. 2 files indexed in 0s.
[Info  - 23:06:14] Indexing started.
[Info  - 23:06:15] Indexing ended. 6 files indexed in 0s.
[Info  - 23:06:27] Indexing started.
[Info  - 23:06:27] Indexing ended. 2 files indexed in 0s.
[Info  - 23:06:30] Indexing started.
[Info  - 23:06:30] Indexing ended. 2 files indexed in 0s.
[Info  - 23:06:30] Indexing started.
[Info  - 23:06:30] Indexing ended. 4 files indexed in 0s.
[Info  - 23:06:51] Indexing started.
[Info  - 23:06:51] Indexing ended. 2 files indexed in 0s.
[Info  - 23:06:54] Indexing started.
[Info  - 23:06:54] Indexing ended. 6 files indexed in 0s.
[Info  - 0:44:14] Indexing started.
[Info  - 0:44:14] Indexing ended. 1 files indexed in 0s.
[Info  - 0:46:12] Indexing started.
[Info  - 0:46:12] Indexing ended. 1 files indexed in 0s.
[Info  - 0:57:17] Indexing started.
[Info  - 0:57:17] Indexing ended. 1 files indexed in 0s.
[Info  - 0:58:19] Indexing started.
[Info  - 0:58:19] Indexing ended. 1 files indexed in 0s.
[Info  - 0:58:49] Indexing started.
[Info  - 0:58:49] Indexing ended. 1 files indexed in 0s.
[Info  - 0:58:59] Indexing started.
[Info  - 0:59:00] Indexing ended. 1 files indexed in 0s.
[Info  - 0:59:09] Indexing started.
[Info  - 0:59:09] Indexing ended. 1 files indexed in 0s.
[Info  - 0:59:17] Indexing started.
[Info  - 0:59:18] Indexing ended. 1 files indexed in 0s.
[Info  - 0:59:31] Indexing started.
[Info  - 0:59:32] Indexing ended. 1 files indexed in 0s.
[Info  - 0:59:46] Indexing started.
[Info  - 0:59:47] Indexing ended. 1 files indexed in 0s.
[Info  - 0:59:51] Indexing started.
[Info  - 0:59:51] Indexing ended. 1 files indexed in 0s.
[Info  - 0:59:58] Indexing started.
[Info  - 0:59:58] Indexing ended. 1 files indexed in 0s.
[Info  - 1:02:02] Indexing started.
[Info  - 1:02:02] Indexing ended. 2 files indexed in 0s.
[Info  - 1:02:49] Indexing started.
[Info  - 1:02:49] Indexing ended. 1 files indexed in 0s.
[Info  - 1:06:15] Indexing started.
[Info  - 1:06:15] Indexing ended. 1 files indexed in 0s.
[Info  - 1:08:01] Indexing started.
[Info  - 1:08:01] Indexing ended. 1 files indexed in 0s.
[Info  - 1:11:14] Indexing started.
[Info  - 1:11:14] Indexing ended. 1 files indexed in 0s.
[Info  - 1:51:30] Indexing started.
[Info  - 1:51:30] Indexing ended. 1 files indexed in 0s.
[Info  - 2:04:20] Indexing started.
[Info  - 2:04:20] Indexing ended. 1 files indexed in 0s.
[Info  - 2:14:34] Indexing started.
[Info  - 2:14:34] Indexing ended. 1 files indexed in 0s.
[Info  - 2:15:14] Indexing started.
[Info  - 2:15:14] Indexing ended. 1 files indexed in 0s.
[Info  - 2:15:23] Indexing started.
[Info  - 2:15:23] Indexing ended. 1 files indexed in 0s.
[Info  - 2:21:33] Indexing started.
[Info  - 2:21:33] Indexing ended. 1 files indexed in 0s.
[Info  - 2:23:27] Indexing started.
[Info  - 2:23:28] Indexing ended. 1 files indexed in 0s.
[Info  - 2:23:33] Indexing started.
[Info  - 2:23:33] Indexing ended. 1 files indexed in 0s.
[Info  - 2:24:40] Indexing started.
[Info  - 2:24:40] Indexing ended. 1 files indexed in 0s.
[Info  - 2:38:35] Indexing started.
[Info  - 2:38:35] Indexing ended. 1 files indexed in 0s.
[Info  - 2:38:45] Indexing started.
[Info  - 2:38:45] Indexing ended. 1 files indexed in 0s.
[Info  - 2:39:56] Indexing started.
[Info  - 2:39:57] Indexing ended. 1 files indexed in 0s.
[Info  - 2:40:06] Indexing started.
[Info  - 2:40:06] Indexing ended. 1 files indexed in 0s.
[Info  - 2:40:44] Indexing started.
[Info  - 2:40:44] Indexing ended. 1 files indexed in 0s.
[Info  - 2:42:36] Indexing started.
[Info  - 2:42:36] Indexing ended. 1 files indexed in 0s.
[Info  - 2:43:06] Indexing started.
[Info  - 2:43:06] Indexing ended. 1 files indexed in 0s.
[Info  - 2:43:18] Indexing started.
[Info  - 2:43:18] Indexing ended. 1 files indexed in 0s.
[Info  - 2:49:02] Indexing started.
[Info  - 2:49:02] Indexing ended. 1 files indexed in 0s.
[Info  - 2:51:10] Indexing started.
[Info  - 2:51:10] Indexing ended. 1 files indexed in 0s.
[Info  - 2:53:50] Indexing started.
[Info  - 2:53:50] Indexing ended. 1 files indexed in 0s.
[Info  - 2:55:37] Indexing started.
[Info  - 2:55:37] Indexing ended. 1 files indexed in 0s.
[Info  - 2:55:45] Indexing started.
[Info  - 2:55:45] Indexing ended. 1 files indexed in 0s.
[Info  - 2:58:12] Indexing started.
[Info  - 2:58:12] Indexing ended. 1 files indexed in 0s.
[Info  - 2:58:26] Indexing started.
[Info  - 2:58:26] Indexing ended. 1 files indexed in 0s.
[Info  - 2:58:43] Indexing started.
[Info  - 2:58:43] Indexing ended. 1 files indexed in 0s.
[Info  - 2:59:24] Indexing started.
[Info  - 2:59:24] Indexing ended. 1 files indexed in 0s.
[Info  - 3:00:18] Indexing started.
[Info  - 3:00:18] Indexing ended. 1 files indexed in 0s.
[Info  - 3:02:23] Indexing started.
[Info  - 3:02:23] Indexing ended. 1 files indexed in 0s.
[Info  - 3:03:17] Indexing started.
[Info  - 3:03:17] Indexing ended. 1 files indexed in 0s.
[Info  - 3:03:51] Indexing started.
[Info  - 3:03:52] Indexing ended. 1 files indexed in 0s.
[Info  - 3:04:44] Indexing started.
[Info  - 3:04:44] Indexing ended. 1 files indexed in 0s.
