[2021-10-16 12:58:29.965] [renderer1] [error] An unknown error occurred. Please consult the log for more details.: Error: 
    at /home/drachen/.vscode/extensions/kiteco.kite-0.147.0/node_modules/kite-connector/lib/support/linux.js:118:18
    at suppressedCallback (fs.js:227:5)
    at FSReqCallback.oncomplete (fs.js:171:23)
[2021-10-16 13:38:42.268] [renderer1] [error] Cannot read property 'kind' of undefined: TypeError: Cannot read property 'kind' of undefined
    at /home/drachen/.vscode/extensions/bmewburn.vscode-intelephense-client-1.7.1/lib/extension.js:1:165849
    at asHover (/home/drachen/.vscode/extensions/bmewburn.vscode-intelephense-client-1.7.1/lib/extension.js:1:166062)
[2021-10-16 13:42:37.001] [renderer1] [error] Cannot read property 'kind' of undefined: TypeError: Cannot read property 'kind' of undefined
    at /home/drachen/.vscode/extensions/bmewburn.vscode-intelephense-client-1.7.1/lib/extension.js:1:165849
    at asHover (/home/drachen/.vscode/extensions/bmewburn.vscode-intelephense-client-1.7.1/lib/extension.js:1:166062)
[2021-10-16 13:43:16.032] [renderer1] [error] Cannot read property 'kind' of undefined: TypeError: Cannot read property 'kind' of undefined
    at /home/drachen/.vscode/extensions/bmewburn.vscode-intelephense-client-1.7.1/lib/extension.js:1:165849
    at asHover (/home/drachen/.vscode/extensions/bmewburn.vscode-intelephense-client-1.7.1/lib/extension.js:1:166062)
[2021-10-16 13:58:11.101] [renderer1] [error] Git error
[2021-10-16 13:58:12.850] [renderer1] [error] Git error
[2021-10-16 14:00:30.725] [renderer1] [error] Git error
[2021-10-16 14:05:05.444] [renderer1] [error] Cannot read property 'kind' of undefined: TypeError: Cannot read property 'kind' of undefined
    at /home/drachen/.vscode/extensions/bmewburn.vscode-intelephense-client-1.7.1/lib/extension.js:1:165849
    at asHover (/home/drachen/.vscode/extensions/bmewburn.vscode-intelephense-client-1.7.1/lib/extension.js:1:166062)
[2021-10-16 17:08:13.206] [renderer1] [error] Git error
[2021-10-16 17:08:14.369] [renderer1] [error] Git error
[2021-10-16 17:10:51.331] [renderer1] [error] Cannot read property 'kind' of undefined: TypeError: Cannot read property 'kind' of undefined
    at /home/drachen/.vscode/extensions/bmewburn.vscode-intelephense-client-1.7.1/lib/extension.js:1:165849
    at asHover (/home/drachen/.vscode/extensions/bmewburn.vscode-intelephense-client-1.7.1/lib/extension.js:1:166062)
[2021-10-16 17:18:16.983] [renderer1] [error] Git error
[2021-10-16 17:19:38.767] [renderer1] [error] Git error
[2021-10-16 17:19:52.270] [renderer1] [error] Git error
[2021-10-16 17:25:37.689] [renderer1] [error] Git error
[2021-10-17 14:16:08.459] [renderer1] [error] Git error
[2021-10-17 14:19:29.168] [renderer1] [error] Git error
[2021-10-17 14:20:32.826] [renderer1] [error] Git error
[2021-10-17 14:24:41.657] [renderer1] [error] Git error
[2021-10-17 14:25:07.125] [renderer1] [error] Git error
[2021-10-17 14:26:28.089] [renderer1] [error] Git error
[2021-10-17 14:30:00.156] [renderer1] [error] Cannot read property 'kind' of undefined: TypeError: Cannot read property 'kind' of undefined
    at /home/drachen/.vscode/extensions/bmewburn.vscode-intelephense-client-1.7.1/lib/extension.js:1:165849
    at asHover (/home/drachen/.vscode/extensions/bmewburn.vscode-intelephense-client-1.7.1/lib/extension.js:1:166062)
[2021-10-17 14:31:43.657] [renderer1] [error] Git error
[2021-10-17 14:35:40.709] [renderer1] [error] Git error
