[Info  - 14:32:37] Initialising intelephense 1.7.1
[Info  - 14:32:37] Reading state from /var/www/html/carniceria2.0/~/.vscode-root/User/workspaceStorage/32d8e81efa97e051c508e891624d4d82/bmewburn.vscode-intelephense-client/2edfa0a8.
[Info  - 14:32:38] Initialised in 1723 ms
[Warn  - 14:32:39] file:///var/www/html/carniceria2.0/vendor/fakerphp/faker/src/Faker/Provider/nl_BE/Text.php is over the maximum file size of 1000000 bytes.
[Info  - 14:32:39] Indexing started.
[Info  - 14:32:41] Indexing ended. 17 files indexed in 1s.
[Info  - 14:32:41] Writing state to /var/www/html/carniceria2.0/~/.vscode-root/User/workspaceStorage/32d8e81efa97e051c508e891624d4d82/bmewburn.vscode-intelephense-client/2edfa0a8.
[Info  - 14:32:42] Wrote state in 1.2s.
[Info  - 15:14:04] Indexing started.
[Info  - 15:14:07] Indexing ended. 966 files indexed in 2s.
[Info  - 15:14:55] Indexing started.
[Info  - 15:14:55] Indexing ended. 3 files indexed in 0s.
[Info  - 15:16:06] Indexing started.
[Info  - 15:16:06] Indexing ended. 3 files indexed in 0s.
[Info  - 15:23:32] Indexing started.
[Info  - 15:23:41] Indexing ended. 2400 files indexed in 9s.
[Info  - 16:04:07] Indexing started.
[Info  - 16:04:07] Indexing ended. 1 files indexed in 0s.
[Info  - 16:05:59] Indexing started.
[Info  - 16:05:59] Indexing ended. 1 files indexed in 0s.
[Info  - 16:08:42] Indexing started.
[Info  - 16:08:42] Indexing ended. 1 files indexed in 0s.
[Info  - 16:09:39] Indexing started.
[Info  - 16:09:39] Indexing ended. 1 files indexed in 0s.
[Info  - 16:09:59] Indexing started.
[Info  - 16:09:59] Indexing ended. 1 files indexed in 0s.
[Info  - 16:12:08] Indexing started.
[Info  - 16:12:08] Indexing ended. 1 files indexed in 0s.
[Info  - 16:18:07] Indexing started.
[Info  - 16:18:07] Indexing ended. 1 files indexed in 0s.
[Info  - 16:20:55] Indexing started.
[Info  - 16:20:56] Indexing ended. 1 files indexed in 0s.
[Info  - 16:23:44] Indexing started.
[Info  - 16:23:44] Indexing ended. 1 files indexed in 0s.
[Info  - 16:24:06] Indexing started.
[Info  - 16:24:06] Indexing ended. 1 files indexed in 0s.
[Info  - 16:26:01] Indexing started.
[Info  - 16:26:01] Indexing ended. 1 files indexed in 0s.
[Info  - 16:26:53] Indexing started.
[Info  - 16:26:53] Indexing ended. 1 files indexed in 0s.
[Info  - 16:27:12] Indexing started.
[Info  - 16:27:12] Indexing ended. 1 files indexed in 0s.
[Info  - 16:33:17] Indexing started.
[Info  - 16:33:17] Indexing ended. 1 files indexed in 0s.
[Info  - 16:34:21] Indexing started.
[Info  - 16:34:21] Indexing ended. 1 files indexed in 0s.
[Info  - 16:53:06] Indexing started.
[Info  - 16:53:06] Indexing ended. 1 files indexed in 0s.
[Info  - 16:55:35] Indexing started.
[Info  - 16:55:36] Indexing ended. 1 files indexed in 0s.
[Info  - 16:57:48] Indexing started.
[Info  - 16:57:48] Indexing ended. 1 files indexed in 0s.
[Info  - 17:00:29] Indexing started.
[Info  - 17:00:29] Indexing ended. 1 files indexed in 0s.
[Info  - 17:04:11] Indexing started.
[Info  - 17:04:11] Indexing ended. 1 files indexed in 0s.
[Info  - 17:04:41] Indexing started.
[Info  - 17:04:42] Indexing ended. 1 files indexed in 0s.
[Info  - 17:05:14] Indexing started.
[Info  - 17:05:15] Indexing ended. 1 files indexed in 0s.
[Info  - 17:08:56] Indexing started.
[Info  - 17:08:57] Indexing ended. 1 files indexed in 0s.
[Info  - 17:09:48] Indexing started.
[Info  - 17:09:48] Indexing ended. 1 files indexed in 0s.
[Info  - 17:09:58] Indexing started.
[Info  - 17:09:58] Indexing ended. 1 files indexed in 0s.
[Info  - 17:10:15] Indexing started.
[Info  - 17:10:15] Indexing ended. 1 files indexed in 0s.
[Info  - 17:10:25] Indexing started.
[Info  - 17:10:26] Indexing ended. 1 files indexed in 0s.
[Info  - 17:10:38] Indexing started.
[Info  - 17:10:39] Indexing ended. 1 files indexed in 0s.
[Info  - 17:11:38] Indexing started.
[Info  - 17:11:39] Indexing ended. 1 files indexed in 0s.
[Info  - 17:12:18] Indexing started.
[Info  - 17:12:18] Indexing ended. 1 files indexed in 0s.
[Info  - 17:12:29] Indexing started.
[Info  - 17:12:29] Indexing ended. 1 files indexed in 0s.
[Info  - 17:12:43] Indexing started.
[Info  - 17:12:43] Indexing ended. 1 files indexed in 0s.
[Info  - 17:12:51] Indexing started.
[Info  - 17:12:51] Indexing ended. 1 files indexed in 0s.
[Info  - 17:13:00] Indexing started.
[Info  - 17:13:01] Indexing ended. 1 files indexed in 0s.
[Info  - 17:13:31] Indexing started.
[Info  - 17:13:31] Indexing ended. 1 files indexed in 0s.
[Info  - 17:13:42] Indexing started.
[Info  - 17:13:42] Indexing ended. 1 files indexed in 0s.
[Info  - 17:14:02] Indexing started.
[Info  - 17:14:02] Indexing ended. 1 files indexed in 0s.
[Info  - 17:15:12] Indexing started.
[Info  - 17:15:12] Indexing ended. 1 files indexed in 0s.
[Info  - 17:15:19] Indexing started.
[Info  - 17:15:19] Indexing ended. 1 files indexed in 0s.
[Info  - 17:15:34] Indexing started.
[Info  - 17:15:35] Indexing ended. 1 files indexed in 0s.
[Info  - 17:16:20] Indexing started.
[Info  - 17:16:20] Indexing ended. 1 files indexed in 0s.
[Info  - 17:17:11] Indexing started.
[Info  - 17:17:11] Indexing ended. 1 files indexed in 0s.
[Info  - 17:17:19] Indexing started.
[Info  - 17:17:19] Indexing ended. 1 files indexed in 0s.
[Info  - 17:17:27] Indexing started.
[Info  - 17:17:27] Indexing ended. 1 files indexed in 0s.
[Info  - 17:17:36] Indexing started.
[Info  - 17:17:36] Indexing ended. 1 files indexed in 0s.
[Info  - 17:18:06] Indexing started.
[Info  - 17:18:07] Indexing ended. 1 files indexed in 0s.
[Info  - 17:18:51] Indexing started.
[Info  - 17:18:51] Indexing ended. 1 files indexed in 0s.
[Info  - 17:19:19] Indexing started.
[Info  - 17:19:19] Indexing ended. 1 files indexed in 0s.
[Info  - 17:20:05] Indexing started.
[Info  - 17:20:05] Indexing ended. 1 files indexed in 0s.
[Info  - 17:20:54] Indexing started.
[Info  - 17:20:54] Indexing ended. 1 files indexed in 0s.
[Info  - 17:21:36] Indexing started.
[Info  - 17:21:36] Indexing ended. 1 files indexed in 0s.
[Info  - 17:21:51] Indexing started.
[Info  - 17:21:51] Indexing ended. 1 files indexed in 0s.
[Info  - 17:21:57] Indexing started.
[Info  - 17:21:57] Indexing ended. 1 files indexed in 0s.
[Info  - 17:22:05] Indexing started.
[Info  - 17:22:06] Indexing ended. 1 files indexed in 0s.
[Info  - 17:23:52] Indexing started.
[Info  - 17:23:52] Indexing ended. 1 files indexed in 0s.
[Info  - 17:25:09] Indexing started.
[Info  - 17:25:10] Indexing ended. 1 files indexed in 0s.
[Info  - 17:25:52] Indexing started.
[Info  - 17:25:52] Indexing ended. 1 files indexed in 0s.
[Info  - 17:26:07] Indexing started.
[Info  - 17:26:07] Indexing ended. 1 files indexed in 0s.
[Info  - 17:26:35] Indexing started.
[Info  - 17:26:35] Indexing ended. 1 files indexed in 0s.
[Info  - 17:27:00] Indexing started.
[Info  - 17:27:00] Indexing ended. 1 files indexed in 0s.
[Info  - 17:27:38] Indexing started.
[Info  - 17:27:38] Indexing ended. 1 files indexed in 0s.
[Info  - 17:27:47] Indexing started.
[Info  - 17:27:47] Indexing ended. 1 files indexed in 0s.
[Info  - 17:27:57] Indexing started.
[Info  - 17:27:57] Indexing ended. 1 files indexed in 0s.
[Info  - 17:28:23] Indexing started.
[Info  - 17:28:23] Indexing ended. 1 files indexed in 0s.
[Info  - 17:28:46] Indexing started.
[Info  - 17:28:46] Indexing ended. 1 files indexed in 0s.
[Info  - 17:29:02] Indexing started.
[Info  - 17:29:02] Indexing ended. 1 files indexed in 0s.
[Info  - 17:29:18] Indexing started.
[Info  - 17:29:19] Indexing ended. 1 files indexed in 0s.
[Info  - 17:29:29] Indexing started.
[Info  - 17:29:30] Indexing ended. 1 files indexed in 0s.
[Info  - 17:29:41] Indexing started.
[Info  - 17:29:41] Indexing ended. 1 files indexed in 0s.
[Info  - 17:29:52] Indexing started.
[Info  - 17:29:53] Indexing ended. 1 files indexed in 0s.
[Info  - 17:30:15] Indexing started.
[Info  - 17:30:16] Indexing ended. 1 files indexed in 0s.
[Info  - 17:30:33] Indexing started.
[Info  - 17:30:33] Indexing ended. 1 files indexed in 0s.
[Info  - 17:31:24] Indexing started.
[Info  - 17:31:25] Indexing ended. 1 files indexed in 0s.
[Info  - 17:34:35] Indexing started.
[Info  - 17:34:35] Indexing ended. 1 files indexed in 0s.
[Info  - 17:37:08] Indexing started.
[Info  - 17:37:08] Indexing ended. 1 files indexed in 0s.
[Info  - 17:37:19] Indexing started.
[Info  - 17:37:19] Indexing ended. 1 files indexed in 0s.
[Info  - 17:37:34] Indexing started.
[Info  - 17:37:35] Indexing ended. 1 files indexed in 0s.
[Info  - 17:37:44] Indexing started.
[Info  - 17:37:45] Indexing ended. 1 files indexed in 0s.
[Info  - 17:37:51] Indexing started.
[Info  - 17:37:51] Indexing ended. 1 files indexed in 0s.
[Info  - 17:49:18] Indexing started.
[Info  - 17:49:18] Indexing ended. 1 files indexed in 0s.
[Info  - 17:53:01] Indexing started.
[Info  - 17:53:01] Indexing ended. 1 files indexed in 0s.
[Info  - 17:53:38] Indexing started.
[Info  - 17:53:38] Indexing ended. 1 files indexed in 0s.
[Info  - 17:53:53] Indexing started.
[Info  - 17:53:54] Indexing ended. 1 files indexed in 0s.
[Info  - 17:55:03] Indexing started.
[Info  - 17:55:03] Indexing ended. 1 files indexed in 0s.
[Info  - 17:57:00] Indexing started.
[Info  - 17:57:00] Indexing ended. 1 files indexed in 0s.
[Info  - 17:57:40] Indexing started.
[Info  - 17:57:41] Indexing ended. 1 files indexed in 0s.
[Info  - 17:58:03] Indexing started.
[Info  - 17:58:04] Indexing ended. 1 files indexed in 0s.
[Info  - 17:59:04] Indexing started.
[Info  - 17:59:05] Indexing ended. 1 files indexed in 0s.
[Info  - 18:00:38] Indexing started.
[Info  - 18:00:39] Indexing ended. 1 files indexed in 0s.
[Info  - 18:01:30] Indexing started.
[Info  - 18:01:30] Indexing ended. 1 files indexed in 0s.
[Info  - 18:01:39] Indexing started.
[Info  - 18:01:39] Indexing ended. 1 files indexed in 0s.
[Info  - 18:01:51] Indexing started.
[Info  - 18:01:51] Indexing ended. 1 files indexed in 0s.
[Info  - 18:01:57] Indexing started.
[Info  - 18:01:57] Indexing ended. 1 files indexed in 0s.
[Info  - 18:02:01] Indexing started.
[Info  - 18:02:01] Indexing ended. 1 files indexed in 0s.
[Info  - 18:02:19] Indexing started.
[Info  - 18:02:19] Indexing ended. 1 files indexed in 0s.
[Info  - 18:02:25] Indexing started.
[Info  - 18:02:25] Indexing ended. 1 files indexed in 0s.
[Info  - 18:03:44] Indexing started.
[Info  - 18:03:45] Indexing ended. 1 files indexed in 0s.
[Info  - 18:03:52] Indexing started.
[Info  - 18:03:52] Indexing ended. 1 files indexed in 0s.
[Info  - 18:04:17] Indexing started.
[Info  - 18:04:18] Indexing ended. 1 files indexed in 0s.
[Info  - 18:04:36] Indexing started.
[Info  - 18:04:37] Indexing ended. 1 files indexed in 0s.
[Info  - 18:04:43] Indexing started.
[Info  - 18:04:43] Indexing ended. 1 files indexed in 0s.
[Info  - 18:05:56] Indexing started.
[Info  - 18:05:56] Indexing ended. 1 files indexed in 0s.
[Info  - 18:06:49] Indexing started.
[Info  - 18:06:49] Indexing ended. 1 files indexed in 0s.
[Info  - 18:06:58] Indexing started.
[Info  - 18:06:58] Indexing ended. 1 files indexed in 0s.
[Info  - 18:07:33] Indexing started.
[Info  - 18:07:33] Indexing ended. 1 files indexed in 0s.
[Info  - 18:08:10] Indexing started.
[Info  - 18:08:10] Indexing ended. 1 files indexed in 0s.
[Info  - 18:08:40] Indexing started.
[Info  - 18:08:41] Indexing ended. 1 files indexed in 0s.
[Info  - 18:09:47] Indexing started.
[Info  - 18:09:47] Indexing ended. 1 files indexed in 0s.
[Info  - 18:10:39] Indexing started.
[Info  - 18:10:39] Indexing ended. 1 files indexed in 0s.
[Info  - 18:10:50] Indexing started.
[Info  - 18:10:51] Indexing ended. 1 files indexed in 0s.
[Info  - 18:11:06] Indexing started.
[Info  - 18:11:06] Indexing ended. 1 files indexed in 0s.
[Info  - 18:18:40] Indexing started.
[Info  - 18:18:40] Indexing ended. 1 files indexed in 0s.
[Info  - 18:19:13] Indexing started.
[Info  - 18:19:14] Indexing ended. 1 files indexed in 0s.
[Info  - 18:20:01] Indexing started.
[Info  - 18:20:01] Indexing ended. 1 files indexed in 0s.
[Info  - 18:20:27] Indexing started.
[Info  - 18:20:27] Indexing ended. 1 files indexed in 0s.
[Info  - 18:20:43] Indexing started.
[Info  - 18:20:44] Indexing ended. 1 files indexed in 0s.
[Info  - 18:21:01] Indexing started.
[Info  - 18:21:01] Indexing ended. 1 files indexed in 0s.
[Info  - 18:21:13] Indexing started.
[Info  - 18:21:14] Indexing ended. 1 files indexed in 0s.
[Info  - 18:21:30] Indexing started.
[Info  - 18:21:30] Indexing ended. 1 files indexed in 0s.
[Info  - 18:26:52] Indexing started.
[Info  - 18:26:53] Indexing ended. 1 files indexed in 0s.
[Info  - 18:27:11] Indexing started.
[Info  - 18:27:11] Indexing ended. 1 files indexed in 0s.
[Info  - 18:27:42] Indexing started.
[Info  - 18:27:42] Indexing ended. 1 files indexed in 0s.
[Info  - 18:27:57] Indexing started.
[Info  - 18:27:57] Indexing ended. 1 files indexed in 0s.
[Info  - 18:28:25] Indexing started.
[Info  - 18:28:25] Indexing ended. 1 files indexed in 0s.
[Info  - 18:28:29] Indexing started.
[Info  - 18:28:30] Indexing ended. 1 files indexed in 0s.
[Info  - 18:28:37] Indexing started.
[Info  - 18:28:38] Indexing ended. 1 files indexed in 0s.
[Info  - 18:29:29] Indexing started.
[Info  - 18:29:29] Indexing ended. 1 files indexed in 0s.
[Info  - 18:29:43] Indexing started.
[Info  - 18:29:43] Indexing ended. 1 files indexed in 0s.
[Info  - 18:30:24] Indexing started.
[Info  - 18:30:24] Indexing ended. 1 files indexed in 0s.
[Info  - 18:33:21] Indexing started.
[Info  - 18:33:21] Indexing ended. 1 files indexed in 0s.
[Info  - 18:33:23] Indexing started.
[Info  - 18:33:23] Indexing ended. 1 files indexed in 0s.
[Info  - 20:40:51] Indexing started.
[Info  - 20:40:52] Indexing ended. 1 files indexed in 0s.
[Info  - 20:43:15] Indexing started.
[Info  - 20:43:16] Indexing ended. 1 files indexed in 0s.
[Info  - 20:49:48] Indexing started.
[Info  - 20:49:48] Indexing ended. 1 files indexed in 0s.
[Info  - 20:50:45] Indexing started.
[Info  - 20:50:45] Indexing ended. 1 files indexed in 0s.
[Info  - 20:50:54] Indexing started.
[Info  - 20:50:54] Indexing ended. 1 files indexed in 0s.
[Info  - 20:51:07] Indexing started.
[Info  - 20:51:07] Indexing ended. 1 files indexed in 0s.
[Info  - 20:51:18] Indexing started.
[Info  - 20:51:18] Indexing ended. 1 files indexed in 0s.
[Info  - 20:51:33] Indexing started.
[Info  - 20:51:34] Indexing ended. 1 files indexed in 0s.
[Info  - 20:53:56] Indexing started.
[Info  - 20:53:57] Indexing ended. 1 files indexed in 0s.
[Info  - 20:56:19] Indexing started.
[Info  - 20:56:19] Indexing ended. 1 files indexed in 0s.
[Info  - 20:56:47] Indexing started.
[Info  - 20:56:47] Indexing ended. 1 files indexed in 0s.
[Info  - 20:56:54] Indexing started.
[Info  - 20:56:54] Indexing ended. 1 files indexed in 0s.
[Info  - 20:57:01] Indexing started.
[Info  - 20:57:01] Indexing ended. 1 files indexed in 0s.
[Info  - 21:01:14] Indexing started.
[Info  - 21:01:14] Indexing ended. 1 files indexed in 0s.
[Info  - 21:03:01] Indexing started.
[Info  - 21:03:01] Indexing ended. 1 files indexed in 0s.
[Info  - 21:03:36] Indexing started.
[Info  - 21:03:36] Indexing ended. 1 files indexed in 0s.
[Info  - 21:03:50] Indexing started.
[Info  - 21:03:51] Indexing ended. 1 files indexed in 0s.
[Info  - 21:04:35] Indexing started.
[Info  - 21:04:35] Indexing ended. 1 files indexed in 0s.
[Info  - 21:04:49] Indexing started.
[Info  - 21:04:49] Indexing ended. 1 files indexed in 0s.
[Info  - 21:05:04] Indexing started.
[Info  - 21:05:04] Indexing ended. 1 files indexed in 0s.
[Info  - 21:05:14] Indexing started.
[Info  - 21:05:15] Indexing ended. 1 files indexed in 0s.
[Info  - 21:05:27] Indexing started.
[Info  - 21:05:27] Indexing ended. 1 files indexed in 0s.
[Info  - 21:05:40] Indexing started.
[Info  - 21:05:40] Indexing ended. 1 files indexed in 0s.
[Info  - 21:05:47] Indexing started.
[Info  - 21:05:47] Indexing ended. 1 files indexed in 0s.
[Info  - 21:05:57] Indexing started.
[Info  - 21:05:57] Indexing ended. 1 files indexed in 0s.
[Info  - 21:06:07] Indexing started.
[Info  - 21:06:07] Indexing ended. 1 files indexed in 0s.
[Info  - 21:06:28] Indexing started.
[Info  - 21:06:28] Indexing ended. 1 files indexed in 0s.
[Info  - 21:06:37] Indexing started.
[Info  - 21:06:38] Indexing ended. 1 files indexed in 0s.
[Info  - 21:06:50] Indexing started.
[Info  - 21:06:50] Indexing ended. 1 files indexed in 0s.
[Info  - 21:07:00] Indexing started.
[Info  - 21:07:00] Indexing ended. 1 files indexed in 0s.
[Info  - 21:07:16] Indexing started.
[Info  - 21:07:16] Indexing ended. 1 files indexed in 0s.
[Info  - 21:07:33] Indexing started.
[Info  - 21:07:33] Indexing ended. 1 files indexed in 0s.
[Info  - 21:07:50] Indexing started.
[Info  - 21:07:50] Indexing ended. 1 files indexed in 0s.
[Info  - 21:08:38] Indexing started.
[Info  - 21:08:38] Indexing ended. 1 files indexed in 0s.
[Info  - 21:08:52] Indexing started.
[Info  - 21:08:52] Indexing ended. 1 files indexed in 0s.
[Info  - 21:09:04] Indexing started.
[Info  - 21:09:04] Indexing ended. 1 files indexed in 0s.
[Info  - 21:09:11] Indexing started.
[Info  - 21:09:11] Indexing ended. 1 files indexed in 0s.
[Info  - 21:09:31] Indexing started.
[Info  - 21:09:31] Indexing ended. 1 files indexed in 0s.
[Info  - 21:11:52] Indexing started.
[Info  - 21:11:52] Indexing ended. 1 files indexed in 0s.
[Info  - 21:12:06] Indexing started.
[Info  - 21:12:06] Indexing ended. 1 files indexed in 0s.
[Info  - 21:13:10] Indexing started.
[Info  - 21:13:10] Indexing ended. 1 files indexed in 0s.
[Info  - 21:13:24] Indexing started.
[Info  - 21:13:24] Indexing ended. 1 files indexed in 0s.
[Info  - 21:13:35] Indexing started.
[Info  - 21:13:36] Indexing ended. 1 files indexed in 0s.
[Info  - 21:13:51] Indexing started.
[Info  - 21:13:51] Indexing ended. 1 files indexed in 0s.
[Info  - 21:15:53] Indexing started.
[Info  - 21:15:53] Indexing ended. 1 files indexed in 0s.
[Info  - 21:17:18] Indexing started.
[Info  - 21:17:18] Indexing ended. 1 files indexed in 0s.
[Info  - 21:19:37] Indexing started.
[Info  - 21:19:37] Indexing ended. 1 files indexed in 0s.
[Info  - 21:20:17] Indexing started.
[Info  - 21:20:17] Indexing ended. 1 files indexed in 0s.
[Info  - 21:21:03] Indexing started.
[Info  - 21:21:03] Indexing ended. 1 files indexed in 0s.
[Info  - 21:21:33] Indexing started.
[Info  - 21:21:34] Indexing ended. 1 files indexed in 0s.
[Info  - 21:21:37] Indexing started.
[Info  - 21:21:38] Indexing ended. 1 files indexed in 0s.
[Info  - 21:21:48] Indexing started.
[Info  - 21:21:48] Indexing ended. 1 files indexed in 0s.
[Info  - 21:23:34] Indexing started.
[Info  - 21:23:34] Indexing ended. 1 files indexed in 0s.
[Info  - 21:24:38] Indexing started.
[Info  - 21:24:38] Indexing ended. 1 files indexed in 0s.
[Info  - 21:24:56] Indexing started.
[Info  - 21:24:56] Indexing ended. 1 files indexed in 0s.
[Info  - 21:25:28] Indexing started.
[Info  - 21:25:28] Indexing ended. 1 files indexed in 0s.
[Info  - 21:25:35] Indexing started.
[Info  - 21:25:35] Indexing ended. 1 files indexed in 0s.
[Info  - 21:27:21] Indexing started.
[Info  - 21:27:21] Indexing ended. 1 files indexed in 0s.
[Info  - 21:34:59] Indexing started.
[Info  - 21:34:59] Indexing ended. 1 files indexed in 0s.
[Info  - 21:35:39] Indexing started.
[Info  - 21:35:39] Indexing ended. 1 files indexed in 0s.
[Info  - 21:35:48] Indexing started.
[Info  - 21:35:49] Indexing ended. 1 files indexed in 0s.
[Info  - 21:36:24] Indexing started.
[Info  - 21:36:24] Indexing ended. 1 files indexed in 0s.
[Info  - 21:36:37] Indexing started.
[Info  - 21:36:37] Indexing ended. 1 files indexed in 0s.
[Info  - 21:36:56] Indexing started.
[Info  - 21:36:57] Indexing ended. 1 files indexed in 0s.
[Info  - 21:37:12] Indexing started.
[Info  - 21:37:12] Indexing ended. 1 files indexed in 0s.
[Info  - 21:37:22] Indexing started.
[Info  - 21:37:22] Indexing ended. 1 files indexed in 0s.
[Info  - 21:37:31] Indexing started.
[Info  - 21:37:31] Indexing ended. 1 files indexed in 0s.
[Info  - 21:37:38] Indexing started.
[Info  - 21:37:39] Indexing ended. 1 files indexed in 0s.
[Info  - 21:37:44] Indexing started.
[Info  - 21:37:44] Indexing ended. 1 files indexed in 0s.
[Info  - 21:38:00] Indexing started.
[Info  - 21:38:01] Indexing ended. 1 files indexed in 0s.
[Info  - 21:38:15] Indexing started.
[Info  - 21:38:15] Indexing ended. 1 files indexed in 0s.
[Info  - 21:39:12] Indexing started.
[Info  - 21:39:12] Indexing ended. 1 files indexed in 0s.
[Info  - 21:39:59] Indexing started.
[Info  - 21:39:59] Indexing ended. 1 files indexed in 0s.
[Info  - 21:40:24] Indexing started.
[Info  - 21:40:25] Indexing ended. 1 files indexed in 0s.
[Info  - 21:40:33] Indexing started.
[Info  - 21:40:34] Indexing ended. 1 files indexed in 0s.
[Info  - 21:41:03] Indexing started.
[Info  - 21:41:04] Indexing ended. 1 files indexed in 0s.
[Info  - 21:41:12] Indexing started.
[Info  - 21:41:13] Indexing ended. 1 files indexed in 0s.
[Info  - 21:41:37] Indexing started.
[Info  - 21:41:37] Indexing ended. 1 files indexed in 0s.
[Info  - 21:41:49] Indexing started.
[Info  - 21:41:49] Indexing ended. 1 files indexed in 0s.
[Info  - 21:42:05] Indexing started.
[Info  - 21:42:05] Indexing ended. 1 files indexed in 0s.
[Info  - 21:42:25] Indexing started.
[Info  - 21:42:25] Indexing ended. 1 files indexed in 0s.
[Info  - 21:42:30] Indexing started.
[Info  - 21:42:30] Indexing ended. 1 files indexed in 0s.
[Info  - 21:42:35] Indexing started.
[Info  - 21:42:35] Indexing ended. 1 files indexed in 0s.
[Info  - 21:42:44] Indexing started.
[Info  - 21:42:44] Indexing ended. 1 files indexed in 0s.
[Info  - 21:42:55] Indexing started.
[Info  - 21:42:55] Indexing ended. 1 files indexed in 0s.
[Info  - 21:43:08] Indexing started.
[Info  - 21:43:08] Indexing ended. 1 files indexed in 0s.
[Info  - 21:44:52] Indexing started.
[Info  - 21:44:52] Indexing ended. 1 files indexed in 0s.
[Info  - 21:45:03] Indexing started.
[Info  - 21:45:03] Indexing ended. 1 files indexed in 0s.
[Info  - 21:45:11] Indexing started.
[Info  - 21:45:11] Indexing ended. 1 files indexed in 0s.
[Info  - 21:45:19] Indexing started.
[Info  - 21:45:20] Indexing ended. 1 files indexed in 0s.
[Info  - 21:45:34] Indexing started.
[Info  - 21:45:34] Indexing ended. 1 files indexed in 0s.
[Info  - 21:45:48] Indexing started.
[Info  - 21:45:48] Indexing ended. 1 files indexed in 0s.
[Info  - 21:45:51] Indexing started.
[Info  - 21:45:51] Indexing ended. 1 files indexed in 0s.
[Info  - 21:46:20] Indexing started.
[Info  - 21:46:20] Indexing ended. 1 files indexed in 0s.
[Info  - 21:47:24] Indexing started.
[Info  - 21:47:24] Indexing ended. 1 files indexed in 0s.
[Info  - 21:48:53] Indexing started.
[Info  - 21:48:53] Indexing ended. 1 files indexed in 0s.
[Info  - 21:49:21] Indexing started.
[Info  - 21:49:21] Indexing ended. 1 files indexed in 0s.
[Info  - 21:49:27] Indexing started.
[Info  - 21:49:27] Indexing ended. 1 files indexed in 0s.
[Info  - 21:50:07] Indexing started.
[Info  - 21:50:07] Indexing ended. 1 files indexed in 0s.
[Info  - 21:50:34] Indexing started.
[Info  - 21:50:35] Indexing ended. 1 files indexed in 0s.
[Info  - 21:50:39] Indexing started.
[Info  - 21:50:39] Indexing ended. 1 files indexed in 0s.
[Info  - 21:50:51] Indexing started.
[Info  - 21:50:51] Indexing ended. 1 files indexed in 0s.
[Info  - 21:51:13] Indexing started.
[Info  - 21:51:14] Indexing ended. 1 files indexed in 0s.
[Info  - 21:51:19] Indexing started.
[Info  - 21:51:19] Indexing ended. 1 files indexed in 0s.
[Info  - 21:52:03] Indexing started.
[Info  - 21:52:03] Indexing ended. 1 files indexed in 0s.
[Info  - 21:52:31] Indexing started.
[Info  - 21:52:31] Indexing ended. 1 files indexed in 0s.
[Info  - 21:56:39] Indexing started.
[Info  - 21:56:39] Indexing ended. 1 files indexed in 0s.
[Info  - 21:57:13] Indexing started.
[Info  - 21:57:14] Indexing ended. 1 files indexed in 0s.
[Info  - 21:58:49] Indexing started.
[Info  - 21:58:49] Indexing ended. 1 files indexed in 0s.
[Info  - 21:59:29] Indexing started.
[Info  - 21:59:29] Indexing ended. 1 files indexed in 0s.
[Info  - 22:00:29] Indexing started.
[Info  - 22:00:30] Indexing ended. 1 files indexed in 0s.
[Info  - 22:00:54] Indexing started.
[Info  - 22:00:54] Indexing ended. 1 files indexed in 0s.
[Info  - 22:01:50] Indexing started.
[Info  - 22:01:51] Indexing ended. 1 files indexed in 0s.
[Info  - 22:02:28] Indexing started.
[Info  - 22:02:28] Indexing ended. 1 files indexed in 0s.
[Info  - 22:02:43] Indexing started.
[Info  - 22:02:43] Indexing ended. 1 files indexed in 0s.
[Info  - 22:03:03] Indexing started.
[Info  - 22:03:03] Indexing ended. 1 files indexed in 0s.
[Info  - 22:03:19] Indexing started.
[Info  - 22:03:19] Indexing ended. 1 files indexed in 0s.
[Info  - 22:03:27] Indexing started.
[Info  - 22:03:27] Indexing ended. 1 files indexed in 0s.
[Info  - 22:03:37] Indexing started.
[Info  - 22:03:37] Indexing ended. 1 files indexed in 0s.
[Info  - 22:03:49] Indexing started.
[Info  - 22:03:50] Indexing ended. 1 files indexed in 0s.
[Info  - 22:10:29] Indexing started.
[Info  - 22:10:30] Indexing ended. 2 files indexed in 0s.
[Info  - 22:13:33] Indexing started.
[Info  - 22:13:33] Indexing ended. 1 files indexed in 0s.
[Info  - 22:14:35] Indexing started.
[Info  - 22:14:36] Indexing ended. 1 files indexed in 0s.
[Info  - 22:15:56] Indexing started.
[Info  - 22:15:56] Indexing ended. 1 files indexed in 0s.
[Info  - 22:16:55] Indexing started.
[Info  - 22:16:55] Indexing ended. 1 files indexed in 0s.
[Info  - 22:18:10] Indexing started.
[Info  - 22:18:10] Indexing ended. 1 files indexed in 0s.
[Info  - 22:18:30] Indexing started.
[Info  - 22:18:30] Indexing ended. 1 files indexed in 0s.
[Info  - 22:18:34] Indexing started.
[Info  - 22:18:34] Indexing ended. 1 files indexed in 0s.
[Info  - 22:19:01] Indexing started.
[Info  - 22:19:01] Indexing ended. 1 files indexed in 0s.
[Info  - 22:20:17] Indexing started.
[Info  - 22:20:18] Indexing ended. 1 files indexed in 0s.
[Info  - 22:20:25] Indexing started.
[Info  - 22:20:25] Indexing ended. 1 files indexed in 0s.
[Info  - 22:21:04] Indexing started.
[Info  - 22:21:04] Indexing ended. 1 files indexed in 0s.
[Info  - 22:21:24] Indexing started.
[Info  - 22:21:24] Indexing ended. 1 files indexed in 0s.
[Info  - 22:21:45] Indexing started.
[Info  - 22:21:46] Indexing ended. 1 files indexed in 0s.
[Info  - 22:23:12] Indexing started.
[Info  - 22:23:12] Indexing ended. 1 files indexed in 0s.
[Info  - 22:24:26] Indexing started.
[Info  - 22:24:26] Indexing ended. 1 files indexed in 0s.
[Info  - 22:24:47] Indexing started.
[Info  - 22:24:47] Indexing ended. 1 files indexed in 0s.
[Info  - 22:34:57] Indexing started.
[Info  - 22:34:57] Indexing ended. 1 files indexed in 0s.
[Info  - 22:36:24] Indexing started.
[Info  - 22:36:24] Indexing ended. 1 files indexed in 0s.
[Info  - 22:36:27] Indexing started.
[Info  - 22:36:27] Indexing ended. 1 files indexed in 0s.
[Info  - 22:36:44] Indexing started.
[Info  - 22:36:44] Indexing ended. 1 files indexed in 0s.
[Info  - 22:40:00] Indexing started.
[Info  - 22:40:01] Indexing ended. 1 files indexed in 0s.
[Info  - 22:40:18] Indexing started.
[Info  - 22:40:18] Indexing ended. 1 files indexed in 0s.
[Info  - 22:40:30] Indexing started.
[Info  - 22:40:30] Indexing ended. 1 files indexed in 0s.
[Info  - 22:40:42] Indexing started.
[Info  - 22:40:42] Indexing ended. 1 files indexed in 0s.
[Info  - 22:41:12] Indexing started.
[Info  - 22:41:12] Indexing ended. 1 files indexed in 0s.
[Info  - 22:42:40] Indexing started.
[Info  - 22:42:40] Indexing ended. 1 files indexed in 0s.
[Info  - 22:42:57] Indexing started.
[Info  - 22:42:57] Indexing ended. 1 files indexed in 0s.
[Info  - 22:47:01] Indexing started.
[Info  - 22:47:01] Indexing ended. 1 files indexed in 0s.
[Info  - 22:55:11] Indexing started.
[Info  - 22:55:11] Indexing ended. 1 files indexed in 0s.
[Info  - 22:55:23] Indexing started.
[Info  - 22:55:24] Indexing ended. 1 files indexed in 0s.
[Info  - 22:55:39] Indexing started.
[Info  - 22:55:39] Indexing ended. 1 files indexed in 0s.
[Info  - 22:57:41] Indexing started.
[Info  - 22:57:41] Indexing ended. 1 files indexed in 0s.
[Info  - 22:59:17] Indexing started.
[Info  - 22:59:17] Indexing ended. 1 files indexed in 0s.
[Info  - 22:59:32] Indexing started.
[Info  - 22:59:32] Indexing ended. 1 files indexed in 0s.
[Info  - 22:59:36] Indexing started.
[Info  - 22:59:36] Indexing ended. 1 files indexed in 0s.
[Info  - 22:59:40] Indexing started.
[Info  - 22:59:40] Indexing ended. 1 files indexed in 0s.
[Info  - 22:59:44] Indexing started.
[Info  - 22:59:44] Indexing ended. 1 files indexed in 0s.
[Info  - 22:59:54] Indexing started.
[Info  - 22:59:54] Indexing ended. 1 files indexed in 0s.
[Info  - 23:00:02] Indexing started.
[Info  - 23:00:02] Indexing ended. 1 files indexed in 0s.
[Info  - 23:00:06] Indexing started.
[Info  - 23:00:06] Indexing ended. 1 files indexed in 0s.
[Info  - 23:00:11] Indexing started.
[Info  - 23:00:11] Indexing ended. 1 files indexed in 0s.
[Info  - 23:00:14] Indexing started.
[Info  - 23:00:14] Indexing ended. 1 files indexed in 0s.
[Info  - 23:00:34] Indexing started.
[Info  - 23:00:35] Indexing ended. 1 files indexed in 0s.
[Info  - 23:01:01] Indexing started.
[Info  - 23:01:01] Indexing ended. 1 files indexed in 0s.
[Info  - 23:01:22] Indexing started.
[Info  - 23:01:22] Indexing ended. 1 files indexed in 0s.
[Info  - 23:01:43] Indexing started.
[Info  - 23:01:43] Indexing ended. 1 files indexed in 0s.
[Info  - 23:01:55] Indexing started.
[Info  - 23:01:55] Indexing ended. 1 files indexed in 0s.
[Info  - 23:02:20] Indexing started.
[Info  - 23:02:20] Indexing ended. 1 files indexed in 0s.
[Info  - 23:02:33] Indexing started.
[Info  - 23:02:33] Indexing ended. 1 files indexed in 0s.
[Info  - 23:02:39] Indexing started.
[Info  - 23:02:39] Indexing ended. 1 files indexed in 0s.
[Info  - 23:02:52] Indexing started.
[Info  - 23:02:52] Indexing ended. 1 files indexed in 0s.
[Info  - 23:03:37] Indexing started.
[Info  - 23:03:38] Indexing ended. 1 files indexed in 0s.
[Info  - 23:05:31] Indexing started.
[Info  - 23:05:31] Indexing ended. 1 files indexed in 0s.
[Info  - 23:06:03] Indexing started.
[Info  - 23:06:03] Indexing ended. 1 files indexed in 0s.
[Info  - 23:06:09] Indexing started.
[Info  - 23:06:09] Indexing ended. 1 files indexed in 0s.
[Info  - 23:06:47] Indexing started.
[Info  - 23:06:47] Indexing ended. 1 files indexed in 0s.
[Info  - 23:06:56] Indexing started.
[Info  - 23:06:56] Indexing ended. 1 files indexed in 0s.
[Info  - 23:07:05] Indexing started.
[Info  - 23:07:05] Indexing ended. 1 files indexed in 0s.
[Info  - 23:07:17] Indexing started.
[Info  - 23:07:17] Indexing ended. 1 files indexed in 0s.
[Info  - 23:07:32] Indexing started.
[Info  - 23:07:32] Indexing ended. 1 files indexed in 0s.
[Info  - 23:08:01] Indexing started.
[Info  - 23:08:01] Indexing ended. 1 files indexed in 0s.
[Info  - 23:08:19] Indexing started.
[Info  - 23:08:19] Indexing ended. 1 files indexed in 0s.
[Info  - 23:08:40] Indexing started.
[Info  - 23:08:40] Indexing ended. 1 files indexed in 0s.
[Info  - 23:08:45] Indexing started.
[Info  - 23:08:45] Indexing ended. 1 files indexed in 0s.
[Info  - 23:08:50] Indexing started.
[Info  - 23:08:50] Indexing ended. 1 files indexed in 0s.
[Info  - 23:09:34] Indexing started.
[Info  - 23:09:34] Indexing ended. 1 files indexed in 0s.
[Info  - 23:09:51] Indexing started.
[Info  - 23:09:52] Indexing ended. 1 files indexed in 0s.
[Info  - 23:10:11] Indexing started.
[Info  - 23:10:11] Indexing ended. 1 files indexed in 0s.
[Info  - 23:10:21] Indexing started.
[Info  - 23:10:21] Indexing ended. 1 files indexed in 0s.
[Info  - 23:10:32] Indexing started.
[Info  - 23:10:32] Indexing ended. 1 files indexed in 0s.
[Info  - 23:10:50] Indexing started.
[Info  - 23:10:50] Indexing ended. 1 files indexed in 0s.
[Info  - 23:11:02] Indexing started.
[Info  - 23:11:03] Indexing ended. 1 files indexed in 0s.
[Info  - 23:11:16] Indexing started.
[Info  - 23:11:16] Indexing ended. 1 files indexed in 0s.
[Info  - 23:11:23] Indexing started.
[Info  - 23:11:23] Indexing ended. 1 files indexed in 0s.
[Info  - 23:11:27] Indexing started.
[Info  - 23:11:27] Indexing ended. 1 files indexed in 0s.
[Info  - 23:11:31] Indexing started.
[Info  - 23:11:32] Indexing ended. 1 files indexed in 0s.
[Info  - 23:11:36] Indexing started.
[Info  - 23:11:36] Indexing ended. 1 files indexed in 0s.
[Info  - 23:11:42] Indexing started.
[Info  - 23:11:43] Indexing ended. 1 files indexed in 0s.
[Info  - 23:11:54] Indexing started.
[Info  - 23:11:55] Indexing ended. 1 files indexed in 0s.
[Info  - 23:12:04] Indexing started.
[Info  - 23:12:05] Indexing ended. 1 files indexed in 0s.
[Info  - 23:12:09] Indexing started.
[Info  - 23:12:09] Indexing ended. 1 files indexed in 0s.
[Info  - 23:14:36] Indexing started.
[Info  - 23:14:36] Indexing ended. 1 files indexed in 0s.
[Info  - 23:15:06] Indexing started.
[Info  - 23:15:06] Indexing ended. 1 files indexed in 0s.
[Info  - 23:15:16] Indexing started.
[Info  - 23:15:16] Indexing ended. 1 files indexed in 0s.
[Info  - 23:15:25] Indexing started.
[Info  - 23:15:25] Indexing ended. 1 files indexed in 0s.
[Info  - 23:15:34] Indexing started.
[Info  - 23:15:34] Indexing ended. 1 files indexed in 0s.
[Info  - 23:16:08] Indexing started.
[Info  - 23:16:08] Indexing ended. 1 files indexed in 0s.
[Info  - 23:16:36] Indexing started.
[Info  - 23:16:36] Indexing ended. 1 files indexed in 0s.
[Info  - 23:16:56] Indexing started.
[Info  - 23:16:56] Indexing ended. 1 files indexed in 0s.
[Info  - 23:17:06] Indexing started.
[Info  - 23:17:06] Indexing ended. 1 files indexed in 0s.
[Info  - 23:17:38] Indexing started.
[Info  - 23:17:38] Indexing ended. 1 files indexed in 0s.
[Info  - 23:17:45] Indexing started.
[Info  - 23:17:45] Indexing ended. 1 files indexed in 0s.
[Info  - 23:18:03] Indexing started.
[Info  - 23:18:04] Indexing ended. 1 files indexed in 0s.
[Info  - 23:18:13] Indexing started.
[Info  - 23:18:13] Indexing ended. 1 files indexed in 0s.
[Info  - 23:18:21] Indexing started.
[Info  - 23:18:21] Indexing ended. 1 files indexed in 0s.
[Info  - 23:18:28] Indexing started.
[Info  - 23:18:28] Indexing ended. 1 files indexed in 0s.
[Info  - 23:18:33] Indexing started.
[Info  - 23:18:33] Indexing ended. 1 files indexed in 0s.
[Info  - 23:18:43] Indexing started.
[Info  - 23:18:43] Indexing ended. 1 files indexed in 0s.
[Info  - 23:19:24] Indexing started.
[Info  - 23:19:24] Indexing ended. 1 files indexed in 0s.
[Info  - 23:19:31] Indexing started.
[Info  - 23:19:31] Indexing ended. 1 files indexed in 0s.
[Info  - 23:20:34] Indexing started.
[Info  - 23:20:34] Indexing ended. 1 files indexed in 0s.
[Info  - 23:20:56] Indexing started.
[Info  - 23:20:56] Indexing ended. 1 files indexed in 0s.
[Info  - 23:21:07] Indexing started.
[Info  - 23:21:07] Indexing ended. 1 files indexed in 0s.
[Info  - 23:21:21] Indexing started.
[Info  - 23:21:21] Indexing ended. 1 files indexed in 0s.
[Info  - 23:21:33] Indexing started.
[Info  - 23:21:34] Indexing ended. 1 files indexed in 0s.
[Info  - 23:24:46] Indexing started.
[Info  - 23:24:46] Indexing ended. 1 files indexed in 0s.
[Info  - 23:25:07] Indexing started.
[Info  - 23:25:08] Indexing ended. 1 files indexed in 0s.
[Info  - 23:25:39] Indexing started.
[Info  - 23:25:39] Indexing ended. 1 files indexed in 0s.
[Info  - 23:25:50] Indexing started.
[Info  - 23:25:50] Indexing ended. 1 files indexed in 0s.
[Info  - 23:38:40] Indexing started.
[Info  - 23:38:40] Indexing ended. 1 files indexed in 0s.
[Info  - 23:41:12] Indexing started.
[Info  - 23:41:13] Indexing ended. 1 files indexed in 0s.
[Info  - 23:44:50] Indexing started.
[Info  - 23:44:50] Indexing ended. 1 files indexed in 0s.
[Info  - 23:46:05] Indexing started.
[Info  - 23:46:05] Indexing ended. 1 files indexed in 0s.
[Info  - 23:49:15] Indexing started.
[Info  - 23:49:15] Indexing ended. 1 files indexed in 0s.
[Info  - 23:50:04] Indexing started.
[Info  - 23:50:04] Indexing ended. 1 files indexed in 0s.
[Info  - 23:50:14] Indexing started.
[Info  - 23:50:14] Indexing ended. 1 files indexed in 0s.
[Info  - 23:51:13] Indexing started.
[Info  - 23:51:13] Indexing ended. 1 files indexed in 0s.
[Info  - 23:51:24] Indexing started.
[Info  - 23:51:24] Indexing ended. 1 files indexed in 0s.
[Info  - 23:51:34] Indexing started.
[Info  - 23:51:35] Indexing ended. 1 files indexed in 0s.
[Info  - 23:56:52] Indexing started.
[Info  - 23:56:52] Indexing ended. 1 files indexed in 0s.
[Info  - 23:57:22] Indexing started.
[Info  - 23:57:22] Indexing ended. 1 files indexed in 0s.
[Info  - 23:58:17] Indexing started.
[Info  - 23:58:17] Indexing ended. 1 files indexed in 0s.
[Info  - 23:58:25] Indexing started.
[Info  - 23:58:25] Indexing ended. 1 files indexed in 0s.
[Info  - 23:58:40] Indexing started.
[Info  - 23:58:40] Indexing ended. 1 files indexed in 0s.
[Info  - 23:58:52] Indexing started.
[Info  - 23:58:52] Indexing ended. 1 files indexed in 0s.
[Info  - 23:58:58] Indexing started.
[Info  - 23:58:58] Indexing ended. 1 files indexed in 0s.
[Info  - 23:59:04] Indexing started.
[Info  - 23:59:04] Indexing ended. 1 files indexed in 0s.
[Info  - 23:59:18] Indexing started.
[Info  - 23:59:18] Indexing ended. 1 files indexed in 0s.
[Info  - 23:59:38] Indexing started.
[Info  - 23:59:38] Indexing ended. 1 files indexed in 0s.
[Info  - 0:00:55] Indexing started.
[Info  - 0:00:55] Indexing ended. 1 files indexed in 0s.
[Info  - 0:01:49] Indexing started.
[Info  - 0:01:49] Indexing ended. 1 files indexed in 0s.
[Info  - 0:01:57] Indexing started.
[Info  - 0:01:57] Indexing ended. 1 files indexed in 0s.
[Info  - 0:03:23] Indexing started.
[Info  - 0:03:23] Indexing ended. 1 files indexed in 0s.
[Info  - 0:03:45] Indexing started.
[Info  - 0:03:45] Indexing ended. 1 files indexed in 0s.
[Info  - 0:03:57] Indexing started.
[Info  - 0:03:57] Indexing ended. 1 files indexed in 0s.
[Info  - 0:04:19] Indexing started.
[Info  - 0:04:19] Indexing ended. 1 files indexed in 0s.
[Info  - 0:04:28] Indexing started.
[Info  - 0:04:28] Indexing ended. 1 files indexed in 0s.
[Info  - 0:04:34] Indexing started.
[Info  - 0:04:34] Indexing ended. 1 files indexed in 0s.
[Info  - 0:04:42] Indexing started.
[Info  - 0:04:42] Indexing ended. 1 files indexed in 0s.
[Info  - 0:05:01] Indexing started.
[Info  - 0:05:01] Indexing ended. 1 files indexed in 0s.
[Info  - 0:05:09] Indexing started.
[Info  - 0:05:09] Indexing ended. 1 files indexed in 0s.
[Info  - 0:05:23] Indexing started.
[Info  - 0:05:23] Indexing ended. 1 files indexed in 0s.
[Info  - 0:05:41] Indexing started.
[Info  - 0:05:41] Indexing ended. 1 files indexed in 0s.
[Info  - 0:05:55] Indexing started.
[Info  - 0:05:55] Indexing ended. 1 files indexed in 0s.
[Info  - 0:06:38] Indexing started.
[Info  - 0:06:39] Indexing ended. 1 files indexed in 0s.
[Info  - 0:20:19] Indexing started.
[Info  - 0:20:19] Indexing ended. 1 files indexed in 0s.
[Info  - 0:26:52] Indexing started.
[Info  - 0:26:52] Indexing ended. 1 files indexed in 0s.
[Info  - 0:53:34] Indexing started.
[Info  - 0:53:34] Indexing ended. 1 files indexed in 0s.
[Info  - 0:59:49] Indexing started.
[Info  - 0:59:49] Indexing ended. 1 files indexed in 0s.
[Info  - 1:00:55] Indexing started.
[Info  - 1:00:55] Indexing ended. 1 files indexed in 0s.
[Info  - 1:01:15] Indexing started.
[Info  - 1:01:16] Indexing ended. 1 files indexed in 0s.
[Info  - 1:01:35] Indexing started.
[Info  - 1:01:35] Indexing ended. 1 files indexed in 0s.
[Info  - 1:01:57] Indexing started.
[Info  - 1:01:57] Indexing ended. 1 files indexed in 0s.
[Info  - 1:02:04] Indexing started.
[Info  - 1:02:04] Indexing ended. 1 files indexed in 0s.
[Info  - 1:02:10] Indexing started.
[Info  - 1:02:10] Indexing ended. 1 files indexed in 0s.
[Info  - 1:02:23] Indexing started.
[Info  - 1:02:24] Indexing ended. 1 files indexed in 0s.
[Info  - 1:02:53] Indexing started.
[Info  - 1:02:53] Indexing ended. 1 files indexed in 0s.
[Info  - 1:03:18] Indexing started.
[Info  - 1:03:18] Indexing ended. 1 files indexed in 0s.
[Info  - 1:03:33] Indexing started.
[Info  - 1:03:33] Indexing ended. 1 files indexed in 0s.
[Info  - 1:06:51] Indexing started.
[Info  - 1:06:51] Indexing ended. 1 files indexed in 0s.
[Info  - 1:07:10] Indexing started.
[Info  - 1:07:10] Indexing ended. 1 files indexed in 0s.
[Info  - 1:07:42] Indexing started.
[Info  - 1:07:42] Indexing ended. 1 files indexed in 0s.
[Info  - 1:15:47] Indexing started.
[Info  - 1:15:47] Indexing ended. 1 files indexed in 0s.
[Info  - 1:16:20] Indexing started.
[Info  - 1:16:20] Indexing ended. 1 files indexed in 0s.
[Info  - 1:16:37] Indexing started.
[Info  - 1:16:37] Indexing ended. 1 files indexed in 0s.
[Info  - 1:16:50] Indexing started.
[Info  - 1:16:50] Indexing ended. 1 files indexed in 0s.
[Info  - 1:17:16] Indexing started.
[Info  - 1:17:16] Indexing ended. 1 files indexed in 0s.
[Info  - 1:18:17] Indexing started.
[Info  - 1:18:17] Indexing ended. 1 files indexed in 0s.
[Info  - 1:18:31] Indexing started.
[Info  - 1:18:32] Indexing ended. 1 files indexed in 0s.
[Info  - 1:18:39] Indexing started.
[Info  - 1:18:39] Indexing ended. 1 files indexed in 0s.
[Info  - 1:18:47] Indexing started.
[Info  - 1:18:48] Indexing ended. 1 files indexed in 0s.
[Info  - 1:18:55] Indexing started.
[Info  - 1:18:55] Indexing ended. 1 files indexed in 0s.
[Info  - 1:19:25] Indexing started.
[Info  - 1:19:26] Indexing ended. 1 files indexed in 0s.
[Info  - 1:20:59] Indexing started.
[Info  - 1:20:59] Indexing ended. 1 files indexed in 0s.
[Info  - 1:21:12] Indexing started.
[Info  - 1:21:12] Indexing ended. 1 files indexed in 0s.
[Info  - 1:21:17] Indexing started.
[Info  - 1:21:17] Indexing ended. 1 files indexed in 0s.
[Info  - 1:21:42] Indexing started.
[Info  - 1:21:42] Indexing ended. 1 files indexed in 0s.
[Info  - 1:21:51] Indexing started.
[Info  - 1:21:51] Indexing ended. 1 files indexed in 0s.
[Info  - 1:21:58] Indexing started.
[Info  - 1:21:58] Indexing ended. 1 files indexed in 0s.
[Info  - 1:22:04] Indexing started.
[Info  - 1:22:05] Indexing ended. 1 files indexed in 0s.
[Info  - 1:22:16] Indexing started.
[Info  - 1:22:16] Indexing ended. 1 files indexed in 0s.
[Info  - 1:22:22] Indexing started.
[Info  - 1:22:22] Indexing ended. 1 files indexed in 0s.
[Info  - 1:26:11] Indexing started.
[Info  - 1:26:11] Indexing ended. 1 files indexed in 0s.
[Info  - 1:26:25] Indexing started.
[Info  - 1:26:25] Indexing ended. 1 files indexed in 0s.
[Info  - 1:27:21] Indexing started.
[Info  - 1:27:21] Indexing ended. 1 files indexed in 0s.
[Info  - 1:28:06] Indexing started.
[Info  - 1:28:06] Indexing ended. 1 files indexed in 0s.
[Info  - 1:28:18] Indexing started.
[Info  - 1:28:19] Indexing ended. 1 files indexed in 0s.
[Info  - 1:29:19] Indexing started.
[Info  - 1:29:20] Indexing ended. 1 files indexed in 0s.
[Info  - 1:29:44] Indexing started.
[Info  - 1:29:44] Indexing ended. 1 files indexed in 0s.
[Info  - 1:29:52] Indexing started.
[Info  - 1:29:52] Indexing ended. 1 files indexed in 0s.
[Info  - 1:30:02] Indexing started.
[Info  - 1:30:02] Indexing ended. 1 files indexed in 0s.
[Info  - 1:30:31] Indexing started.
[Info  - 1:30:31] Indexing ended. 1 files indexed in 0s.
[Info  - 1:30:47] Indexing started.
[Info  - 1:30:47] Indexing ended. 1 files indexed in 0s.
[Info  - 1:30:55] Indexing started.
[Info  - 1:30:56] Indexing ended. 1 files indexed in 0s.
[Info  - 1:31:03] Indexing started.
[Info  - 1:31:03] Indexing ended. 1 files indexed in 0s.
[Info  - 1:31:15] Indexing started.
[Info  - 1:31:15] Indexing ended. 1 files indexed in 0s.
[Info  - 1:31:32] Indexing started.
[Info  - 1:31:32] Indexing ended. 1 files indexed in 0s.
[Info  - 1:31:52] Indexing started.
[Info  - 1:31:52] Indexing ended. 1 files indexed in 0s.
[Info  - 1:33:27] Indexing started.
[Info  - 1:33:27] Indexing ended. 1 files indexed in 0s.
[Info  - 1:33:43] Indexing started.
[Info  - 1:33:43] Indexing ended. 1 files indexed in 0s.
[Info  - 1:33:50] Indexing started.
[Info  - 1:33:50] Indexing ended. 1 files indexed in 0s.
[Info  - 1:33:58] Indexing started.
[Info  - 1:33:58] Indexing ended. 1 files indexed in 0s.
[Info  - 1:34:58] Indexing started.
[Info  - 1:34:58] Indexing ended. 1 files indexed in 0s.
[Info  - 1:35:30] Indexing started.
[Info  - 1:35:30] Indexing ended. 1 files indexed in 0s.
[Info  - 1:36:13] Indexing started.
[Info  - 1:36:13] Indexing ended. 1 files indexed in 0s.
[Info  - 1:36:40] Indexing started.
[Info  - 1:36:41] Indexing ended. 1 files indexed in 0s.
[Info  - 1:36:51] Indexing started.
[Info  - 1:36:51] Indexing ended. 1 files indexed in 0s.
[Info  - 1:36:55] Indexing started.
[Info  - 1:36:55] Indexing ended. 1 files indexed in 0s.
[Info  - 1:36:58] Indexing started.
[Info  - 1:36:58] Indexing ended. 1 files indexed in 0s.
[Info  - 1:37:01] Indexing started.
[Info  - 1:37:02] Indexing ended. 1 files indexed in 0s.
[Info  - 1:37:26] Indexing started.
[Info  - 1:37:26] Indexing ended. 1 files indexed in 0s.
[Info  - 1:37:47] Indexing started.
[Info  - 1:37:47] Indexing ended. 1 files indexed in 0s.
[Info  - 1:37:58] Indexing started.
[Info  - 1:37:58] Indexing ended. 1 files indexed in 0s.
[Info  - 1:38:14] Indexing started.
[Info  - 1:38:14] Indexing ended. 1 files indexed in 0s.
[Info  - 1:42:10] Indexing started.
[Info  - 1:42:10] Indexing ended. 1 files indexed in 0s.
[Info  - 1:43:03] Indexing started.
[Info  - 1:43:04] Indexing ended. 1 files indexed in 0s.
[Info  - 1:43:32] Indexing started.
[Info  - 1:43:32] Indexing ended. 1 files indexed in 0s.
[Info  - 1:43:40] Indexing started.
[Info  - 1:43:41] Indexing ended. 1 files indexed in 0s.
[Info  - 1:44:12] Indexing started.
[Info  - 1:44:13] Indexing ended. 1 files indexed in 0s.
[Info  - 1:44:42] Indexing started.
[Info  - 1:44:42] Indexing ended. 1 files indexed in 0s.
[Info  - 1:45:12] Indexing started.
[Info  - 1:45:12] Indexing ended. 1 files indexed in 0s.
[Info  - 1:46:42] Indexing started.
[Info  - 1:46:42] Indexing ended. 1 files indexed in 0s.
[Info  - 1:47:00] Indexing started.
[Info  - 1:47:01] Indexing ended. 1 files indexed in 0s.
[Info  - 1:47:13] Indexing started.
[Info  - 1:47:13] Indexing ended. 1 files indexed in 0s.
[Info  - 1:47:16] Indexing started.
[Info  - 1:47:16] Indexing ended. 1 files indexed in 0s.
[Info  - 1:47:24] Indexing started.
[Info  - 1:47:25] Indexing ended. 1 files indexed in 0s.
[Info  - 1:48:06] Indexing started.
[Info  - 1:48:06] Indexing ended. 1 files indexed in 0s.
[Info  - 1:48:22] Indexing started.
[Info  - 1:48:22] Indexing ended. 1 files indexed in 0s.
[Info  - 1:49:09] Indexing started.
[Info  - 1:49:09] Indexing ended. 1 files indexed in 0s.
[Info  - 1:56:14] Indexing started.
[Info  - 1:56:15] Indexing ended. 1 files indexed in 0s.
[Info  - 1:56:29] Indexing started.
[Info  - 1:56:29] Indexing ended. 1 files indexed in 0s.
[Info  - 1:56:44] Indexing started.
[Info  - 1:56:44] Indexing ended. 1 files indexed in 0s.
[Info  - 1:56:54] Indexing started.
[Info  - 1:56:55] Indexing ended. 1 files indexed in 0s.
[Info  - 2:00:04] Indexing started.
[Info  - 2:00:04] Indexing ended. 1 files indexed in 0s.
[Info  - 2:00:20] Indexing started.
[Info  - 2:00:20] Indexing ended. 1 files indexed in 0s.
[Info  - 2:00:31] Indexing started.
[Info  - 2:00:32] Indexing ended. 1 files indexed in 0s.
[Info  - 2:01:32] Indexing started.
[Info  - 2:01:32] Indexing ended. 1 files indexed in 0s.
[Info  - 2:01:47] Indexing started.
[Info  - 2:01:47] Indexing ended. 1 files indexed in 0s.
[Info  - 2:01:59] Indexing started.
[Info  - 2:01:59] Indexing ended. 1 files indexed in 0s.
[Info  - 2:02:04] Indexing started.
[Info  - 2:02:04] Indexing ended. 1 files indexed in 0s.
[Info  - 2:02:07] Indexing started.
[Info  - 2:02:07] Indexing ended. 1 files indexed in 0s.
[Info  - 2:02:14] Indexing started.
[Info  - 2:02:14] Indexing ended. 1 files indexed in 0s.
[Info  - 2:02:19] Indexing started.
[Info  - 2:02:19] Indexing ended. 1 files indexed in 0s.
[Info  - 2:02:34] Indexing started.
[Info  - 2:02:35] Indexing ended. 1 files indexed in 0s.
[Info  - 2:02:55] Indexing started.
[Info  - 2:02:56] Indexing ended. 1 files indexed in 0s.
[Info  - 2:03:01] Indexing started.
[Info  - 2:03:01] Indexing ended. 1 files indexed in 0s.
[Info  - 2:03:06] Indexing started.
[Info  - 2:03:06] Indexing ended. 1 files indexed in 0s.
[Info  - 2:03:25] Indexing started.
[Info  - 2:03:25] Indexing ended. 1 files indexed in 0s.
[Info  - 2:03:48] Indexing started.
[Info  - 2:03:48] Indexing ended. 1 files indexed in 0s.
[Info  - 2:04:01] Indexing started.
[Info  - 2:04:01] Indexing ended. 1 files indexed in 0s.
[Info  - 2:04:10] Indexing started.
[Info  - 2:04:11] Indexing ended. 1 files indexed in 0s.
[Info  - 2:10:10] Indexing started.
[Info  - 2:10:10] Indexing ended. 2 files indexed in 0s.
[Info  - 2:10:27] Indexing started.
[Info  - 2:10:28] Indexing ended. 8 files indexed in 1s.
[Info  - 3:02:11] Indexing started.
[Info  - 3:02:11] Indexing ended. 1 files indexed in 0s.
[Info  - 3:16:09] Indexing started.
[Info  - 3:16:10] Indexing ended. 1 files indexed in 0s.
[Info  - 3:39:02] Indexing started.
[Info  - 3:39:02] Indexing ended. 1 files indexed in 0s.
[Info  - 3:40:35] Indexing started.
[Info  - 3:40:35] Indexing ended. 1 files indexed in 0s.
[Info  - 3:40:49] Indexing started.
[Info  - 3:40:49] Indexing ended. 1 files indexed in 0s.
[Info  - 3:42:30] Indexing started.
[Info  - 3:42:30] Indexing ended. 1 files indexed in 0s.
[Info  - 3:42:46] Indexing started.
[Info  - 3:42:46] Indexing ended. 1 files indexed in 0s.
[Info  - 3:42:53] Indexing started.
[Info  - 3:42:53] Indexing ended. 1 files indexed in 0s.
[Info  - 3:46:27] Indexing started.
[Info  - 3:46:28] Indexing ended. 1 files indexed in 0s.
[Info  - 3:47:00] Indexing started.
[Info  - 3:47:00] Indexing ended. 1 files indexed in 0s.
[Info  - 3:47:14] Indexing started.
[Info  - 3:47:14] Indexing ended. 1 files indexed in 0s.
[Info  - 3:47:21] Indexing started.
[Info  - 3:47:21] Indexing ended. 1 files indexed in 0s.
[Info  - 3:48:04] Indexing started.
[Info  - 3:48:04] Indexing ended. 1 files indexed in 0s.
[Info  - 3:49:13] Indexing started.
[Info  - 3:49:14] Indexing ended. 1 files indexed in 0s.
[Info  - 3:49:20] Indexing started.
[Info  - 3:49:20] Indexing ended. 1 files indexed in 0s.
[Info  - 3:50:04] Indexing started.
[Info  - 3:50:04] Indexing ended. 1 files indexed in 0s.
[Info  - 3:50:17] Indexing started.
[Info  - 3:50:17] Indexing ended. 1 files indexed in 0s.
[Info  - 3:50:28] Indexing started.
[Info  - 3:50:29] Indexing ended. 1 files indexed in 0s.
[Info  - 3:50:42] Indexing started.
[Info  - 3:50:42] Indexing ended. 1 files indexed in 0s.
[Info  - 3:50:48] Indexing started.
[Info  - 3:50:49] Indexing ended. 1 files indexed in 0s.
[Info  - 3:50:56] Indexing started.
[Info  - 3:50:56] Indexing ended. 1 files indexed in 0s.
[Info  - 3:53:01] Indexing started.
[Info  - 3:53:01] Indexing ended. 1 files indexed in 0s.
[Info  - 3:53:16] Indexing started.
[Info  - 3:53:17] Indexing ended. 1 files indexed in 0s.
[Info  - 3:54:12] Indexing started.
[Info  - 3:54:13] Indexing ended. 1 files indexed in 0s.
[Info  - 3:59:20] Indexing started.
[Info  - 3:59:20] Indexing ended. 1 files indexed in 0s.
[Info  - 3:59:36] Indexing started.
[Info  - 3:59:36] Indexing ended. 1 files indexed in 0s.
[Info  - 4:00:01] Indexing started.
[Info  - 4:00:01] Indexing ended. 1 files indexed in 0s.
[Info  - 4:00:14] Indexing started.
[Info  - 4:00:14] Indexing ended. 1 files indexed in 0s.
[Info  - 4:00:28] Indexing started.
[Info  - 4:00:28] Indexing ended. 1 files indexed in 0s.
[Info  - 4:03:31] Indexing started.
[Info  - 4:03:31] Indexing ended. 1 files indexed in 0s.
[Info  - 4:03:48] Indexing started.
[Info  - 4:03:48] Indexing ended. 1 files indexed in 0s.
[Info  - 4:03:59] Indexing started.
[Info  - 4:03:59] Indexing ended. 1 files indexed in 0s.
[Info  - 4:04:55] Indexing started.
[Info  - 4:04:55] Indexing ended. 1 files indexed in 0s.
[Info  - 4:05:31] Indexing started.
[Info  - 4:05:31] Indexing ended. 1 files indexed in 0s.
[Info  - 4:05:50] Indexing started.
[Info  - 4:05:50] Indexing ended. 1 files indexed in 0s.
[Info  - 4:05:59] Indexing started.
[Info  - 4:05:59] Indexing ended. 1 files indexed in 0s.
[Info  - 4:06:46] Indexing started.
[Info  - 4:06:46] Indexing ended. 1 files indexed in 0s.
[Info  - 4:07:39] Indexing started.
[Info  - 4:07:39] Indexing ended. 1 files indexed in 0s.
[Info  - 4:07:56] Indexing started.
[Info  - 4:07:57] Indexing ended. 1 files indexed in 0s.
[Info  - 4:12:26] Indexing started.
[Info  - 4:12:26] Indexing ended. 1 files indexed in 0s.
[Info  - 4:14:03] Indexing started.
[Info  - 4:14:03] Indexing ended. 1 files indexed in 0s.
[Info  - 4:20:10] Indexing started.
[Info  - 4:20:10] Indexing ended. 1 files indexed in 0s.
[Info  - 4:21:49] Indexing started.
[Info  - 4:21:49] Indexing ended. 1 files indexed in 0s.
[Info  - 4:22:11] Indexing started.
[Info  - 4:22:12] Indexing ended. 1 files indexed in 0s.
[Info  - 4:25:23] Indexing started.
[Info  - 4:25:23] Indexing ended. 1 files indexed in 0s.
[Info  - 4:25:46] Indexing started.
[Info  - 4:25:47] Indexing ended. 1 files indexed in 0s.
[Info  - 4:54:31] Indexing started.
[Info  - 4:54:31] Indexing ended. 1 files indexed in 0s.
[Info  - 4:56:04] Indexing started.
[Info  - 4:56:04] Indexing ended. 1 files indexed in 0s.
[Info  - 4:59:36] Indexing started.
[Info  - 4:59:36] Indexing ended. 1 files indexed in 0s.
[Info  - 4:59:50] Indexing started.
[Info  - 4:59:50] Indexing ended. 1 files indexed in 0s.
[Info  - 5:00:12] Indexing started.
[Info  - 5:00:13] Indexing ended. 1 files indexed in 0s.
[Info  - 5:00:31] Indexing started.
[Info  - 5:00:31] Indexing ended. 1 files indexed in 0s.
[Info  - 5:01:32] Indexing started.
[Info  - 5:01:32] Indexing ended. 1 files indexed in 0s.
[Info  - 5:02:29] Indexing started.
[Info  - 5:02:29] Indexing ended. 1 files indexed in 0s.
[Info  - 5:03:48] Indexing started.
[Info  - 5:03:48] Indexing ended. 1 files indexed in 0s.
[Info  - 5:04:25] Indexing started.
[Info  - 5:04:25] Indexing ended. 1 files indexed in 0s.
[Info  - 5:06:17] Indexing started.
[Info  - 5:06:17] Indexing ended. 1 files indexed in 0s.
[Info  - 5:06:26] Indexing started.
[Info  - 5:06:27] Indexing ended. 1 files indexed in 0s.
[Info  - 5:06:39] Indexing started.
[Info  - 5:06:40] Indexing ended. 1 files indexed in 0s.
[Info  - 5:06:52] Indexing started.
[Info  - 5:06:52] Indexing ended. 1 files indexed in 0s.
[Info  - 5:13:59] Indexing started.
[Info  - 5:14:00] Indexing ended. 1 files indexed in 0s.
[Info  - 5:40:38] Indexing started.
[Info  - 5:40:38] Indexing ended. 1 files indexed in 0s.
[Info  - 5:50:50] Indexing started.
[Info  - 5:50:51] Indexing ended. 1 files indexed in 0s.
